# match_20260705_032950_334_2696_vs_2616_6befd7c6 v=iter31 pid=2696 team=RED seed=None dur=600
Map N=15 E=23
N S01:S S02:C S03:P S04:D S05:W S06:M S07:S S08:M S09:S S10:K S11:P S12:J S13:P S14:G S15:F
E S01-S02:30:R S02-S03:25:R S03-S07:54:R S07-S09:46:R S09-S10:40:R S10-S11:36:R S11-S12:20:R S12-S13:25:R S13-S14:18:R S14-S15:10:R S02-S04:20:R S04-S05:44:W S05-S07:46:B S01-S06:44:M S06-S08:54:M S08-S10:46:B S03-S06:38:B S05-S09:48:W S07-S08:42:M S04-S07:54:B S08-S09:64:B S11-S14:15:B S10-S13:27:B
F r1 n=S01 st=IDLE ph=NORMAL gf=100 ts=0 on=S01 ots=0
A r1 CLEAR target=S06 fresh=100
A r1 SQUAD_CLEAR target=S08 fresh=100
F r2 st=PROCESSING
F r7 st=IDLE gf=99
A r7 MOVE target=S06 fresh=99.7
F r8 st=MOVING
F r43 on=S02
F r75 on=S04
F r81 ots=30
F r86 n=S06 st=IDLE
A r86 CLAIM_RESOURCE target=S06 res=ICE_BOX fresh=94.17
F r87 st=PROCESSING
F r88 st=IDLE
A r88 MOVE target=S08 fresh=94.07
F r89 st=MOVING
F r107 w=HOT
F r133 gf=98 fr90
F r149 ofr90
F r171 on=S07
F r175 ots=60
F r185 n=S08 st=IDLE
A r185 CLAIM_TASK task=T_003 fresh=85.04
F r186 st=PROCESSING
F r189 st=IDLE ts=30
A r189 CLAIM_TASK task=T_005 fresh=84.84
F r190 st=PROCESSING
F r193 st=IDLE ts=60
A r193 CLAIM_TASK task=T_009 fresh=84.64
F r194 st=PROCESSING
F r197 st=IDLE ts=90
A r197 CLAIM_RESOURCE target=S08 res=SHORT_HORSE fresh=84.44
F r198 st=PROCESSING
F r199 st=IDLE
A r199 MOVE target=S10 fresh=84.34
F r200 st=MOVING
A r200 USE_RESOURCE res=SHORT_HORSE fresh=84.28
A r201 MOVE target=S10 fresh=84.22
F r217 w=HEAVY_RAIN
F r243 on=S09
F r269 n=S10 st=IDLE
A r269 CLAIM_TASK task=T_006 fresh=80.14
F r270 st=PROCESSING
F r272 gf=97 fr80
F r273 st=IDLE
A r273 CLAIM_TASK task=T_008 fresh=79.94
F r274 st=PROCESSING
F r277 st=IDLE ts=120
ModeChange r277 EVEN->CONSERVATIVE reason=gap_above_threshold gap=None
A r277 CLAIM_TASK task=T_010 fresh=79.74
F r278 st=PROCESSING
F r281 st=IDLE ts=150
A r281 MOVE target=S13 fresh=79.54
F r282 st=MOVING
F r298 on=S10
F r302 ots=90
F r306 ots=120
ModeChange r306 CONSERVATIVE->EVEN reason=gap_within_band gap=None
F r316 ofr90
F r323 n=S13 st=IDLE
A r323 USE_RESOURCE res=ICE_BOX fresh=77.02
A r323 SQUAD_SCOUT target=S14 fresh=77.02
A r324 PROCESS fresh=86.97
F r325 st=PROCESSING
F r327 w=HOT
F r329 st=IDLE
A r329 MOVE target=S14 fresh=86.66
F r330 st=MOVING
F r354 n=S14 st=IDLE
F r355 st=WAITING
F r356 on=S11
F r360 ots=150
F r364 ots=180
F r390 ph=RUSH
A r390 RUSH_PROTECT fresh=82.15
A r391 VERIFY_GATE fresh=82.14
F r392 st=VERIFYING
F r397 st=IDLE on=S14 vfy=1
A r397 MOVE target=S15 fresh=82.08
F r398 st=MOVING
F r411 n=S15 st=IDLE
A r411 DELIVER fresh=81.94
F r412 st=DELIVERED del=1
F r414 on=S15
Traj fstart=100 fmin=77.02 fend=81.94 gstart=100 gend=97 onode=S15 ofend=82.9 ogend=98
Proj my=762 oppDel=414 gap=-4 mode=EVEN
Conf min=0.300 med=0.490 max=0.680
MidGap=129
Over result=NORMAL reason=ALL_DELIVERED round=414 winner=2616 iWon=False
Score me total=763 del=True dframe=411 fresh=81.94 good=97 task=150 bounty=0 det=[bounty=0|delivery=240|freshness=147|goodFruit=174|penalty=0|tasks=180|time=22|total=763]
Score opp total=766 del=True dframe=414 fresh=82.9 good=98 task=180 bounty=0 det=[bounty=0|delivery=240|freshness=149|goodFruit=176|penalty=0|tasks=180|time=21|total=766]
