# match_20260704_191752_653_2696_vs_2617_95c29a2b v=iter31 pid=2696 team=RED seed=None dur=600
Map N=15 E=21
N S01:S S02:C S03:P S04:D S05:W S06:M S07:S S08:M S09:S S10:K S11:P S12:J S13:P S14:G S15:F
E S01-S02:30:R S02-S03:25:R S03-S07:54:R S07-S09:46:R S09-S10:40:R S10-S11:36:R S11-S12:20:R S12-S13:25:R S13-S14:18:R S14-S15:10:R S02-S04:20:R S04-S05:44:W S05-S07:46:B S01-S06:44:M S06-S08:54:M S08-S10:46:B S03-S06:38:B S05-S09:48:W S07-S08:42:M S04-S07:54:B S08-S09:64:B
F r1 n=S01 st=IDLE ph=NORMAL gf=100 ts=0 on=S01 ots=0
A r1 CLEAR target=S06 fresh=100
A r1 SQUAD_CLEAR target=S08 fresh=100
F r2 st=PROCESSING
F r7 st=IDLE gf=99
A r7 MOVE target=S06 fresh=99.7
F r8 st=MOVING
F r43 on=S02
F r75 on=S04
F r79 ots=30
F r86 n=S06 st=IDLE
A r86 CLAIM_RESOURCE target=S06 res=ICE_BOX fresh=94.17
A r86 SQUAD_CLEAR target=S10 fresh=94.17
F r87 st=PROCESSING
F r88 st=IDLE
A r88 MOVE target=S08 fresh=94.07
F r89 st=MOVING
F r93 w=HEAVY_RAIN
F r147 gf=98 fr90
F r171 on=S07
F r173 ofr90
F r175 ots=60
F r185 n=S08 st=IDLE
A r185 CLAIM_TASK task=T_003 fresh=87.28
F r186 st=PROCESSING
F r189 st=IDLE ts=30
A r189 CLAIM_TASK task=T_005 fresh=87.08
F r190 st=PROCESSING
F r193 st=IDLE ts=60
A r193 CLAIM_TASK task=T_009 fresh=86.88
F r194 st=PROCESSING
F r197 st=IDLE ts=90
A r197 CLAIM_RESOURCE target=S08 res=SHORT_HORSE fresh=86.68
F r198 st=PROCESSING
F r199 st=IDLE
A r199 MOVE target=S10 fresh=86.58
F r200 st=MOVING
A r200 USE_RESOURCE res=SHORT_HORSE fresh=86.52
A r201 MOVE target=S10 fresh=86.46
F r203 w=HOT
F r239 on=S09
F r269 n=S10 st=IDLE gf=97 fr80
A r269 CLAIM_TASK task=T_006 fresh=79.98
F r270 st=PROCESSING
F r273 st=IDLE
A r273 CLAIM_TASK task=T_008 fresh=79.78
F r274 st=PROCESSING
F r277 st=IDLE ts=120
ModeChange r277 EVEN->CONSERVATIVE reason=gap_above_threshold gap=None
A r277 CLAIM_TASK task=T_010 fresh=79.58
F r278 st=PROCESSING
F r281 st=IDLE ts=150
A r281 MOVE target=S11 fresh=79.38
F r282 st=MOVING
F r295 on=S10
F r299 ots=90
F r303 ots=120
ModeChange r307 CONSERVATIVE->EVEN reason=gap_within_band gap=None
F r327 ofr80
F r331 n=S11 st=IDLE
A r331 USE_RESOURCE res=ICE_BOX fresh=76.6
A r332 PROCESS fresh=86.55
F r333 st=PROCESSING
F r337 st=IDLE
A r337 MOVE target=S12 fresh=86.3
F r338 st=MOVING
F r353 on=S11
F r354 w=MOUNTAIN_FOG
F r365 n=S12 st=IDLE
A r365 MOVE target=S13 fresh=84.74
F r366 st=MOVING
F r386 on=S12
F r400 n=S13 st=IDLE
A r400 PROCESS fresh=82.79
A r400 SQUAD_SCOUT target=S14 fresh=82.79
F r401 st=PROCESSING
F r405 st=IDLE
A r405 MOVE target=S14 fresh=82.54
F r406 st=MOVING
F r421 on=S13
F r430 n=S14 st=IDLE ph=RUSH
A r430 RUSH_PROTECT fresh=81.15
F r431 st=WAITING
A r431 VERIFY_GATE fresh=81.14
F r432 st=VERIFYING
F r434 st=IDLE vfy=1
A r434 MOVE target=S15 fresh=81.11
F r435 st=MOVING
F r448 n=S15 st=IDLE
A r448 DELIVER fresh=80.97
F r449 st=DELIVERED del=1
F r451 on=S14
F r464 w=HOT
F r468 on=S15
Traj fstart=100 fmin=76.6 fend=80.97 gstart=100 gend=97 onode=S15 ofend=72.14 ogend=98
Proj my=754 oppDel=468 gap=24 mode=EVEN
Conf min=0.300 med=0.515 max=0.730
MidGap=45
Over result=NORMAL reason=ALL_DELIVERED round=468 winner=2696 iWon=True
Score me total=756 del=True dframe=448 fresh=80.97 good=97 task=150 bounty=0 det=[bounty=0|delivery=240|freshness=145|goodFruit=174|penalty=0|tasks=180|time=17|total=756]
Score opp total=730 del=True dframe=468 fresh=72.14 good=98 task=120 bounty=0 det=[bounty=0|delivery=240|freshness=129|goodFruit=176|penalty=0|tasks=170|time=15|total=730]
