# match_20260704_190431_397_2931_vs_2696_3e130bab v=iter31 pid=2696 team=BLUE seed=None dur=600
Map N=15 E=21
N S01:S S02:C S03:P S04:D S05:W S06:M S07:S S08:M S09:S S10:K S11:P S12:J S13:P S14:G S15:F
E S01-S02:30:R S02-S03:25:R S03-S07:54:R S07-S09:46:R S09-S10:40:R S10-S11:36:R S11-S12:20:R S12-S13:25:R S13-S14:18:R S14-S15:10:R S02-S04:20:R S04-S05:44:W S05-S07:46:B S01-S06:44:M S06-S08:54:M S08-S10:46:B S03-S06:38:B S05-S09:48:W S07-S08:42:M S04-S07:54:B S08-S09:64:B
F r1 n=S01 st=IDLE ph=NORMAL gf=100 ts=0 on=S01 ots=0
A r1 CLEAR target=S06 fresh=100
A r1 SQUAD_CLEAR target=S08 fresh=100
F r2 st=PROCESSING
F r7 st=IDLE gf=99
A r7 MOVE target=S06 fresh=99.7
F r8 st=MOVING
F r43 on=S02
F r75 on=S04
F r83 ots=30
F r86 n=S06 st=IDLE
A r86 CLAIM_RESOURCE target=S06 res=ICE_BOX fresh=94.17
A r86 SQUAD_CLEAR target=S10 fresh=94.17
F r87 st=PROCESSING
F r88 st=IDLE
A r88 MOVE target=S08 fresh=94.07
F r89 st=MOVING
F r111 w=HOT
F r134 gf=98 fr90
F r140 on=S05
F r175 ofr90
F r185 n=S08 st=IDLE
A r185 CLAIM_TASK task=T_003 fresh=85.04
A r185 SQUAD_CLEAR target=S11 fresh=85.04
F r186 st=PROCESSING
F r189 st=IDLE ts=30
A r189 CLAIM_TASK task=T_005 fresh=84.84
F r190 st=PROCESSING
F r193 st=IDLE ts=60
A r193 CLAIM_RESOURCE target=S08 res=SHORT_HORSE fresh=84.64
F r194 st=PROCESSING
F r195 st=IDLE
A r195 MOVE target=S10 fresh=84.54
F r196 st=MOVING
A r196 USE_RESOURCE res=SHORT_HORSE fresh=84.48
A r197 MOVE target=S10 fresh=84.42
F r206 on=S09
F r221 w=HEAVY_RAIN
F r262 on=S10
F r265 n=S10 st=IDLE
A r265 CLAIM_TASK task=T_006 fresh=80.34
F r266 st=PROCESSING ots=60
F r269 st=IDLE ts=90
A r269 CLAIM_TASK task=T_010 fresh=80.14
F r270 st=WAITING ots=90
A r270 CLAIM_TASK task=T_011 fresh=80.09
F r271 st=CONTESTING
A r271 WINDOW_CARD contest=C_270_001 type=TASK card=BING_ZHENG fresh=80.04
F r272 gf=97 fr80
F r275 st=WAITING
A r275 CLAIM_TASK task=T_011 fresh=79.84
A r276 CLAIM_TASK task=T_013 fresh=79.79
F r277 st=PROCESSING
F r278 ots=120
F r280 st=IDLE ts=120
A r280 MOVE target=S11 fresh=79.59
F r281 st=MOVING
F r330 n=S11 st=IDLE
A r330 USE_RESOURCE res=ICE_BOX fresh=76.82
F r331 w=HOT
A r331 PROCESS fresh=86.77
F r332 st=PROCESSING on=S11
F r336 st=IDLE
A r336 CLAIM_TASK task=T_014 fresh=86.41
F r337 st=PROCESSING
F r340 st=IDLE ts=150
A r340 MOVE target=S12 fresh=86.13
F r341 st=MOVING
F r344 ots=150
F r357 ofr80
F r368 n=S12 st=IDLE
A r368 MOVE target=S13 fresh=83.89
F r369 st=MOVING
F r374 on=S12
F r403 n=S13 st=IDLE
A r403 PROCESS fresh=81.38
A r403 SQUAD_SCOUT target=S14 fresh=81.38
F r404 st=PROCESSING
F r408 st=IDLE
A r408 MOVE target=S14 fresh=81.13
F r409 st=MOVING on=S13
F r429 fr80
F r433 n=S14 st=IDLE ph=RUSH
A r433 RUSH_PROTECT fresh=79.74
F r434 st=WAITING
A r434 VERIFY_GATE fresh=79.73
F r435 st=VERIFYING
F r437 st=IDLE vfy=1
A r437 MOVE target=S15 fresh=79.7
F r438 st=MOVING
F r441 on=S14 w=MOUNTAIN_FOG
F r451 n=S15 st=IDLE
A r451 DELIVER fresh=79.56
F r452 st=DELIVERED del=1
F r458 on=S15
REJ r270 x2 OBJECT_BUSY CLAIM_TASK None
Traj fstart=100 fmin=76.82 fend=79.56 gstart=100 gend=97 onode=S15 ofend=73.57 ogend=95
Proj my=753 oppDel=458 gap=14 mode=EVEN
Conf min=0.300 med=0.510 max=0.720
MidGap=-9
Over result=NORMAL reason=ALL_DELIVERED round=458 winner=2696 iWon=True
Score me total=754 del=True dframe=451 fresh=79.56 good=97 task=150 bounty=0 det=[bounty=0|delivery=240|freshness=143|goodFruit=174|penalty=0|tasks=180|time=17|total=754]
Score opp total=739 del=True dframe=458 fresh=73.57 good=95 task=150 bounty=0 det=[bounty=0|delivery=240|freshness=132|goodFruit=171|penalty=0|tasks=180|time=16|total=739]
