# match_20260705_032607_121_2696_vs_2632_7815f95e v=iter31 pid=2696 team=RED seed=None dur=600
Map N=15 E=23
N S01:S S02:C S03:P S04:D S05:W S06:M S07:S S08:M S09:S S10:K S11:P S12:J S13:P S14:G S15:F
E S01-S02:30:R S02-S03:25:R S03-S07:54:R S07-S09:46:R S09-S10:40:R S10-S11:36:R S11-S12:20:R S12-S13:25:R S13-S14:18:R S14-S15:10:R S02-S04:20:R S04-S05:44:W S05-S07:46:B S01-S06:44:M S06-S08:54:M S08-S10:46:B S03-S06:38:B S05-S09:48:W S07-S08:42:M S04-S07:54:B S08-S09:64:B S11-S14:15:B S10-S13:27:B
F r1 n=S01 st=IDLE ph=NORMAL gf=100 ts=0 on=S01 ots=0
A r1 CLEAR target=S06 fresh=100
A r1 SQUAD_CLEAR target=S08 fresh=100
F r2 st=PROCESSING
F r7 st=IDLE gf=99
A r7 MOVE target=S06 fresh=99.7
F r8 st=MOVING
F r43 on=S02
F r75 on=S04
F r79 ots=30
F r86 n=S06 st=IDLE
A r86 CLAIM_RESOURCE target=S06 res=ICE_BOX fresh=94.17
A r86 SQUAD_CLEAR target=S10 fresh=94.17
F r87 st=PROCESSING
F r88 st=IDLE
A r88 MOVE target=S08 fresh=94.07
F r89 st=MOVING
F r116 w=HOT
F r136 gf=98 fr90
F r143 on=S05
F r175 ofr90
F r185 n=S08 st=IDLE
A r185 CLAIM_TASK task=T_003 fresh=85.07
F r186 st=PROCESSING
F r189 st=IDLE ts=30
A r189 CLAIM_TASK task=T_005 fresh=84.87
F r190 st=PROCESSING
F r193 st=IDLE ts=60
A r193 CLAIM_RESOURCE target=S08 res=SHORT_HORSE fresh=84.67
F r194 st=PROCESSING
F r195 st=IDLE
A r195 MOVE target=S10 fresh=84.57
F r196 st=MOVING
A r196 USE_RESOURCE res=SHORT_HORSE fresh=84.51
A r197 MOVE target=S10 fresh=84.45
F r209 on=S09
F r226 w=HEAVY_RAIN
F r265 n=S10 st=IDLE
A r265 CLAIM_TASK task=T_006 fresh=80.37
F r266 st=PROCESSING on=S10
F r269 st=IDLE ts=90
A r269 CLAIM_TASK task=T_008 fresh=80.17
F r270 st=WAITING
A r270 CLAIM_TASK task=T_010 fresh=80.12
F r271 st=PROCESSING ots=60
F r273 gf=97 fr80
F r274 st=IDLE ts=120
A r274 CLAIM_TASK task=T_011 fresh=79.92
F r275 st=WAITING
A r275 CLAIM_TASK task=T_013 fresh=79.87
F r276 st=PROCESSING ots=90
F r279 st=IDLE ts=150
A r279 MOVE target=S13 fresh=79.67
F r280 st=MOVING
ModeChange r283 EVEN->CONSERVATIVE reason=gap_above_threshold gap=None
F r319 on=S13
F r321 n=S13 st=IDLE
A r321 USE_RESOURCE res=ICE_BOX fresh=77.15
A r321 SQUAD_SCOUT target=S14 fresh=77.15
A r322 PROCESS fresh=87.1
F r323 st=WAITING
REJ r270 x2 OBJECT_BUSY CLAIM_TASK None
F r325 st=PROCESSING
F r329 st=IDLE
A r329 MOVE target=S14 fresh=86.75
F r330 st=MOVING
F r336 w=MOUNTAIN_FOG
F r349 on=S14
F r354 n=S14 st=IDLE
F r355 st=WAITING
F r363 ofr80
F r390 ph=RUSH
A r390 RUSH_PROTECT fresh=83.58
A r391 VERIFY_GATE fresh=83.57
REJ r323 x2 OBJECT_BUSY PROCESS None
F r397 st=VERIFYING
F r402 st=IDLE vfy=1
A r402 MOVE target=S15 fresh=83.46
F r403 st=MOVING
F r411 on=S15
F r416 n=S15 st=IDLE
A r416 DELIVER fresh=83.32
REJ r392 x5 OBJECT_BUSY VERIFY_GATE None
Traj fstart=100 fmin=77.15 fend=83.32 gstart=100 gend=97 onode=S15 ofend=78.18 ogend=98
Proj my=764 oppDel=416 gap=62 mode=CONSERVATIVE
Conf min=0.300 med=0.490 max=0.680
MidGap=44
Over result=NORMAL reason=ALL_DELIVERED round=416 winner=2696 iWon=True
Score me total=764 del=True dframe=416 fresh=83.32 good=97 task=150 bounty=0 det=[bounty=0|delivery=240|freshness=149|goodFruit=174|penalty=0|tasks=180|time=21|total=764]
Score opp total=703 del=True dframe=411 fresh=78.18 good=98 task=90 bounty=0 det=[bounty=0|delivery=240|freshness=140|goodFruit=176|penalty=0|tasks=125|time=22|total=703]
