# match_20260704_184842_528_2696_vs_2735_91bbc27f v=iter31 pid=2696 team=RED seed=None dur=600
Map N=15 E=21
N S01:S S02:C S03:P S04:D S05:W S06:M S07:S S08:M S09:S S10:K S11:P S12:J S13:P S14:G S15:F
E S01-S02:30:R S02-S03:25:R S03-S07:54:R S07-S09:46:R S09-S10:40:R S10-S11:36:R S11-S12:20:R S12-S13:25:R S13-S14:18:R S14-S15:10:R S02-S04:20:R S04-S05:44:W S05-S07:46:B S01-S06:44:M S06-S08:54:M S08-S10:46:B S03-S06:38:B S05-S09:48:W S07-S08:42:M S04-S07:54:B S08-S09:64:B
F r1 n=S01 st=IDLE ph=NORMAL gf=100 ts=0 on=S01 ots=0
A r1 CLEAR target=S06 fresh=100
A r1 SQUAD_CLEAR target=S08 fresh=100
F r2 st=PROCESSING
F r7 st=IDLE gf=99
A r7 MOVE target=S06 fresh=99.7
F r8 st=MOVING
F r43 on=S02
F r73 on=S04
F r75 ots=30
F r86 n=S06 st=IDLE
A r86 CLAIM_RESOURCE target=S06 res=ICE_BOX fresh=94.17
A r86 SQUAD_CLEAR target=S10 fresh=94.17
F r87 st=PROCESSING
F r88 st=IDLE
A r88 MOVE target=S08 fresh=94.07
F r89 st=MOVING
F r92 w=HOT
F r128 gf=98 fr90
F r137 on=S05
F r176 ofr90
F r185 n=S08 st=IDLE
A r185 CLAIM_TASK task=T_003 fresh=85.07
A r185 SQUAD_CLEAR target=S11 fresh=85.07
F r186 st=PROCESSING
F r189 st=IDLE ts=30
A r189 CLAIM_TASK task=T_005 fresh=84.87
F r190 st=PROCESSING
F r193 st=IDLE ts=60
A r193 CLAIM_RESOURCE target=S08 res=SHORT_HORSE fresh=84.67
F r194 st=PROCESSING
F r195 st=IDLE
A r195 MOVE target=S10 fresh=84.57
F r196 st=MOVING
A r196 USE_RESOURCE res=SHORT_HORSE fresh=84.51
A r197 MOVE target=S10 fresh=84.45
F r200 on=S09
F r202 w=HEAVY_RAIN
F r255 on=S10
A r259 BREAK_GUARD target=S10 good=2 fresh=80.73
F r260 st=WAITING
F r274 gf=97 fr80
A r274 BREAK_GUARD target=S10 good=1 fresh=79.98
ModeChange r277 EVEN->CONSERVATIVE reason=gap_above_threshold gap=None
A r277 FORCED_PASS target=S10 fresh=79.83
REJ r260 x18 MOVING_ACTION_FORBIDDEN BREAK_GUARD S10
A r284 BREAK_GUARD target=S10 good=1 fresh=79.48
REJ r278 x7 MOVING_ACTION_FORBIDDEN FORCED_PASS S10
A r304 BREAK_GUARD target=S10 good=0 fresh=78.48
F r309 on=S11
A r314 USE_RESOURCE res=ICE_BOX fresh=77.98
REJ r285 x30 MOVING_ACTION_FORBIDDEN BREAK_GUARD S10
F r318 ots=60
F r322 ots=90
ModeChange r326 CONSERVATIVE->AGGRESSIVE reason=gap_below_threshold gap=None
F r353 w=HOT
F r364 ofr80
F r448 gf=96 fr70
F r450 ph=RUSH
F r463 w=MOUNTAIN_FOG
A r484 MOVE target=S10 fresh=68.18
F r485 st=MOVING
F r490 n=S10 st=IDLE
A r490 USE_RESOURCE res=ICE_BOX fresh=67.82
A r491 RUSH_SPEED fresh=77.77
F r492 st=WAITING gf=94
ModeChange r492 AGGRESSIVE->EVEN reason=gap_within_band gap=None
A r492 MOVE target=S11 fresh=77.71
F r493 st=MOVING
F r498 on=S12
ModeChange r502 EVEN->AGGRESSIVE reason=gap_below_threshold gap=None
F r503 ots=105
ModeChange r520 AGGRESSIVE->EVEN reason=gap_within_band gap=None
F r533 ofr70
F r538 n=S11 st=IDLE on=S13
A r538 PROCESS fresh=74.96
F r539 st=PROCESSING
ModeChange r542 EVEN->AGGRESSIVE reason=gap_below_threshold gap=None
F r543 st=IDLE
A r543 MOVE target=S12 fresh=74.71
F r544 st=MOVING
ModeChange r560 AGGRESSIVE->EVEN reason=gap_within_band gap=None
F r568 on=S14
F r571 n=S12 st=IDLE
A r571 MOVE target=S13 fresh=73.15
F r572 st=MOVING
ModeChange r572 EVEN->AGGRESSIVE reason=gap_below_threshold gap=None
F r588 on=S15
REJ r315 x170 MOVING_ACTION_FORBIDDEN USE_RESOURCE None
CAB r491 x4 DETOUR_TASK time S12
Traj fstart=100 fmin=67.82 fend=71.54 gstart=100 gend=94 onode=S15 ofend=66.96 ogend=92
Proj my=60 oppDel=600 gap=-605 mode=AGGRESSIVE
Conf min=0.300 med=0.575 max=0.850
MidGap=68
Over result=NORMAL reason=TIME_LIMIT round=600 winner=2735 iWon=False
Score me total=60 del=False dframe=0 fresh=71.49 good=94 task=60 bounty=0 det=[bounty=0|delivery=0|freshness=0|goodFruit=0|penalty=0|tasks=60|time=0|total=60]
Score opp total=666 del=True dframe=588 fresh=66.96 good=92 task=105 bounty=0 det=[bounty=0|delivery=240|freshness=120|goodFruit=165|penalty=0|tasks=140|time=1|total=666]
