# match_20260704_190406_020_2738_vs_2696_ccab8c36 v=iter31 pid=2696 team=BLUE seed=None dur=600
Map N=15 E=21
N S01:S S02:C S03:P S04:D S05:W S06:M S07:S S08:M S09:S S10:K S11:P S12:J S13:P S14:G S15:F
E S01-S02:30:R S02-S03:25:R S03-S07:54:R S07-S09:46:R S09-S10:40:R S10-S11:36:R S11-S12:20:R S12-S13:25:R S13-S14:18:R S14-S15:10:R S02-S04:20:R S04-S05:44:W S05-S07:46:B S01-S06:44:M S06-S08:54:M S08-S10:46:B S03-S06:38:B S05-S09:48:W S07-S08:42:M S04-S07:54:B S08-S09:64:B
F r1 n=S01 st=IDLE ph=NORMAL gf=100 ts=0 on=S01 ots=0
A r1 CLEAR target=S06 fresh=100
A r1 SQUAD_CLEAR target=S08 fresh=100
F r2 st=PROCESSING
F r7 st=IDLE gf=99
A r7 MOVE target=S06 fresh=99.7
F r8 st=MOVING
F r43 on=S02
F r82 on=S03
F r86 n=S06 st=IDLE
A r86 CLAIM_RESOURCE target=S06 res=ICE_BOX fresh=94.17
A r86 SQUAD_CLEAR target=S10 fresh=94.17
F r87 st=PROCESSING ots=30
F r88 st=IDLE
A r88 MOVE target=S08 fresh=94.07
F r89 st=MOVING
F r92 w=HOT
F r128 gf=98 fr90
F r156 ofr90
F r162 on=S07
F r170 ots=60
F r174 ots=90
F r185 n=S08 st=IDLE
A r185 CLAIM_TASK task=T_003 fresh=85.07
A r185 SQUAD_CLEAR target=S11 fresh=85.07
F r186 st=PROCESSING
F r189 st=IDLE ts=30
A r189 CLAIM_TASK task=T_005 fresh=84.87
F r190 st=PROCESSING
F r193 st=IDLE ts=60
A r193 CLAIM_TASK task=T_009 fresh=84.67
F r194 st=PROCESSING
F r197 st=IDLE ts=90
A r197 CLAIM_RESOURCE target=S08 res=SHORT_HORSE fresh=84.47
F r198 st=PROCESSING
F r199 st=IDLE
A r199 MOVE target=S10 fresh=84.37
F r200 st=MOVING
A r200 USE_RESOURCE res=SHORT_HORSE fresh=84.31
A r201 MOVE target=S10 fresh=84.25
F r202 w=MOUNTAIN_FOG
F r237 on=S09
F r245 ots=105
F r269 n=S10 st=IDLE
A r269 CLAIM_TASK task=T_008 fresh=80.17
F r270 st=PROCESSING
F r273 st=IDLE gf=97 ts=120 fr80
A r273 CLAIM_TASK task=T_011 fresh=79.97
F r274 st=PROCESSING
F r277 st=IDLE ts=150
A r277 MOVE target=S11 fresh=79.77
F r278 st=MOVING
F r298 on=S10
F r302 ots=135
F r327 n=S11 st=IDLE
A r327 USE_RESOURCE res=ICE_BOX fresh=76.99
A r328 PROCESS fresh=86.94
F r329 st=PROCESSING
F r333 st=IDLE
A r333 MOVE target=S12 fresh=86.69
F r334 st=MOVING
F r339 ofr90
F r352 on=S11
F r353 w=HOT
F r361 n=S12 st=IDLE
A r361 MOVE target=S13 fresh=84.93
F r362 st=MOVING
F r396 n=S13 st=IDLE
A r396 PROCESS fresh=82.13
A r396 SQUAD_SCOUT target=S14 fresh=82.13
F r397 st=PROCESSING
F r401 st=IDLE
A r401 MOVE target=S14 fresh=81.77
F r402 st=MOVING
F r426 n=S14 st=IDLE ph=RUSH
A r426 RUSH_PROTECT fresh=80.1
F r427 st=WAITING
A r427 VERIFY_GATE fresh=80.09
F r428 st=VERIFYING
F r430 st=IDLE vfy=1
A r430 MOVE target=S15 fresh=80.06
F r431 st=MOVING
F r437 fr80
F r444 n=S15 st=IDLE
A r444 DELIVER fresh=79.92
F r445 st=DELIVERED del=1
F r463 w=HEAVY_RAIN
ModeChange r492 EVEN->CONSERVATIVE reason=gap_above_threshold gap=None
F r505 on=S12
ModeChange r509 CONSERVATIVE->EVEN reason=gap_within_band gap=None
ModeChange r520 EVEN->CONSERVATIVE reason=gap_above_threshold gap=None
F r530 ofr90
F r540 on=S13
ModeChange r544 CONSERVATIVE->EVEN reason=gap_within_band gap=None
ModeChange r560 EVEN->CONSERVATIVE reason=gap_above_threshold gap=None
F r570 on=S14
ModeChange r574 CONSERVATIVE->EVEN reason=gap_within_band gap=None
F r590 on=S15
Traj fstart=100 fmin=76.99 fend=79.92 gstart=100 gend=97 onode=S15 ofend=86.68 ogend=99
Proj my=738 oppDel=590 gap=-17 mode=EVEN
Conf min=0.300 med=0.570 max=0.840
MidGap=11
Over result=DRAW reason=SCORE_TIE round=590 winner=None iWon=None
Score me total=755 del=True dframe=444 fresh=79.92 good=97 task=150 bounty=0 det=[bounty=0|delivery=240|freshness=143|goodFruit=174|penalty=0|tasks=180|time=18|total=755]
Score opp total=755 del=True dframe=590 fresh=86.68 good=99 task=135 bounty=0 det=[bounty=0|delivery=240|freshness=156|goodFruit=178|penalty=0|tasks=180|time=1|total=755]
