# match_20260705_045831_556_2696_vs_2639_b4457bc7 v=iter31 pid=2696 team=RED seed=None dur=600
Map N=15 E=23
N S01:S S02:C S03:P S04:D S05:W S06:M S07:S S08:M S09:S S10:K S11:P S12:J S13:P S14:G S15:F
E S01-S02:30:R S02-S03:25:R S03-S07:54:R S07-S09:46:R S09-S10:40:R S10-S11:36:R S11-S12:20:R S12-S13:25:R S13-S14:18:R S14-S15:10:R S02-S04:20:R S04-S05:44:W S05-S07:46:B S01-S06:44:M S06-S08:54:M S08-S10:46:B S03-S06:38:B S05-S09:48:W S07-S08:42:M S04-S07:54:B S08-S09:64:B S11-S14:15:B S10-S13:27:B
F r1 n=S01 st=IDLE ph=NORMAL gf=100 ts=0 on=S01 ots=0
A r1 CLEAR target=S06 fresh=100
A r1 SQUAD_CLEAR target=S08 fresh=100
F r2 st=PROCESSING
F r7 st=IDLE gf=99
A r7 MOVE target=S06 fresh=99.7
F r8 st=MOVING
F r44 on=S02
F r81 on=S03
F r86 n=S06 st=IDLE ots=30
A r86 CLAIM_RESOURCE target=S06 res=ICE_BOX fresh=94.17
A r86 SQUAD_CLEAR target=S10 fresh=94.17
F r87 st=PROCESSING w=HOT
F r88 st=IDLE
A r88 MOVE target=S08 fresh=94.05
F r89 st=MOVING
F r126 gf=98 fr90
F r157 ofr90
F r163 on=S07
F r169 ots=60
F r173 ots=90
F r185 n=S08 st=IDLE
A r185 CLAIM_TASK task=T_003 fresh=85.08
F r186 st=PROCESSING
F r189 st=IDLE ts=30
A r189 CLAIM_TASK task=T_005 fresh=84.88
F r190 st=PROCESSING
F r193 st=IDLE ts=60
A r193 CLAIM_TASK task=T_009 fresh=84.68
F r194 st=PROCESSING
F r197 st=IDLE ts=90
A r197 CLAIM_RESOURCE target=S08 res=SHORT_HORSE fresh=84.48
F r198 st=PROCESSING
F r199 st=IDLE
A r199 MOVE target=S10 fresh=84.38
F r200 st=MOVING
A r200 USE_RESOURCE res=SHORT_HORSE fresh=84.32
A r201 MOVE target=S10 fresh=84.26
F r237 on=S09
F r238 w=HEAVY_RAIN
F r243 ots=105
F r269 n=S10 st=IDLE
A r269 CLAIM_TASK task=T_008 fresh=80.18
F r270 st=PROCESSING
F r273 st=IDLE gf=97 ts=120 fr80
A r273 CLAIM_TASK task=T_011 fresh=79.98
F r274 st=PROCESSING
F r277 st=IDLE ts=150
A r277 MOVE target=S13 fresh=79.78
F r278 st=MOVING
F r297 on=S10
F r301 ots=135
F r319 n=S13 st=IDLE
A r319 USE_RESOURCE res=ICE_BOX fresh=77.26
A r319 SQUAD_SCOUT target=S14 fresh=77.26
A r320 PROCESS fresh=87.21
F r321 st=PROCESSING
F r325 st=IDLE
A r325 MOVE target=S14 fresh=86.96
F r326 st=MOVING
F r336 ofr90
F r343 on=S13
F r348 w=MOUNTAIN_FOG
F r350 n=S14 st=IDLE
F r351 st=WAITING
F r373 on=S14
F r390 ph=RUSH
A r390 RUSH_PROTECT fresh=83.57
A r391 VERIFY_GATE fresh=83.56
F r394 st=VERIFYING
F r399 st=IDLE vfy=1
A r399 MOVE target=S15 fresh=83.48
F r400 st=MOVING
F r408 on=S15
F r413 n=S15 st=IDLE
A r413 DELIVER fresh=83.34
REJ r392 x2 OBJECT_BUSY VERIFY_GATE None
Traj fstart=100 fmin=77.26 fend=83.34 gstart=100 gend=97 onode=S15 ofend=96.78 ogend=99
Proj my=765 oppDel=413 gap=-28 mode=EVEN
Conf min=0.300 med=0.490 max=0.680
MidGap=13
Over result=NORMAL reason=ALL_DELIVERED round=413 winner=2639 iWon=False
Score me total=765 del=True dframe=413 fresh=83.34 good=97 task=150 bounty=0 det=[bounty=0|delivery=240|freshness=150|goodFruit=174|penalty=0|tasks=180|time=21|total=765]
Score opp total=794 del=True dframe=408 fresh=96.78 good=99 task=135 bounty=0 det=[bounty=0|delivery=240|freshness=174|goodFruit=178|penalty=0|tasks=180|time=22|total=794]
