# match_20260705_033851_868_2696_vs_2625_82269158 v=iter31 pid=2696 team=RED seed=None dur=600
Map N=15 E=23
N S01:S S02:C S03:P S04:D S05:W S06:M S07:S S08:M S09:S S10:K S11:P S12:J S13:P S14:G S15:F
E S01-S02:30:R S02-S03:25:R S03-S07:54:R S07-S09:46:R S09-S10:40:R S10-S11:36:R S11-S12:20:R S12-S13:25:R S13-S14:18:R S14-S15:10:R S02-S04:20:R S04-S05:44:W S05-S07:46:B S01-S06:44:M S06-S08:54:M S08-S10:46:B S03-S06:38:B S05-S09:48:W S07-S08:42:M S04-S07:54:B S08-S09:64:B S11-S14:15:B S10-S13:27:B
F r1 n=S01 st=IDLE ph=NORMAL gf=100 ts=0 on=S01 ots=0
A r1 CLEAR target=S06 fresh=100
A r1 SQUAD_CLEAR target=S08 fresh=100
F r2 st=PROCESSING
F r7 st=IDLE gf=99
A r7 MOVE target=S06 fresh=99.7
F r8 st=MOVING
F r43 on=S02
F r86 n=S06 st=IDLE
A r86 CLAIM_RESOURCE target=S06 res=ICE_BOX fresh=94.17
A r86 SQUAD_CLEAR target=S10 fresh=94.17
F r87 st=PROCESSING
F r88 st=IDLE
A r88 MOVE target=S08 fresh=94.07
F r89 st=MOVING
F r97 w=HEAVY_RAIN
F r147 gf=98 fr90
F r185 n=S08 st=IDLE
A r185 CLAIM_TASK task=T_003 fresh=87.28
F r186 st=PROCESSING
F r189 st=IDLE ts=30
A r189 CLAIM_TASK task=T_009 fresh=87.08
F r190 st=PROCESSING
F r193 st=IDLE ts=60
A r193 CLAIM_RESOURCE target=S08 res=SHORT_HORSE fresh=86.88
F r194 st=PROCESSING
F r195 st=IDLE
A r195 MOVE target=S10 fresh=86.78
F r196 st=MOVING
A r196 USE_RESOURCE res=SHORT_HORSE fresh=86.72
F r197 ofr90
A r197 MOVE target=S10 fresh=86.66
F r207 w=HOT
F r265 n=S10 st=IDLE
A r265 CLAIM_TASK task=T_008 fresh=80.26
F r266 st=PROCESSING
F r269 st=IDLE ts=90
A r269 MOVE target=S13 fresh=80.02
F r270 st=MOVING gf=97 fr80
ModeChange r277 EVEN->CONSERVATIVE reason=gap_above_threshold gap=None
F r311 n=S13 st=IDLE
A r311 USE_RESOURCE res=ICE_BOX fresh=77.5
A r311 SQUAD_SCOUT target=S14 fresh=77.5
A r312 PROCESS fresh=87.45
F r313 st=PROCESSING
F r317 st=IDLE
A r317 MOVE target=S14 fresh=87.2
F r318 st=MOVING
F r342 n=S14 st=IDLE
F r343 st=WAITING
F r358 w=MOUNTAIN_FOG
F r372 ofr80
F r390 ph=RUSH
A r390 RUSH_PROTECT fresh=83.42
A r391 VERIFY_GATE fresh=83.41
F r392 st=VERIFYING
F r397 st=IDLE vfy=1
A r397 MOVE target=S15 fresh=83.35
F r398 st=MOVING
F r411 n=S15 st=IDLE
A r411 DELIVER fresh=83.21
F r412 st=DELIVERED del=1
F r468 w=HOT
F r546 ofr70
Traj fstart=100 fmin=77.5 fend=83.21 gstart=100 gend=97 onode=S02 ofend=67.28 ogend=97
Proj my=688 oppDel=904 gap=688 mode=CONSERVATIVE
Conf min=0.300 med=0.575 max=0.850
MidGap=694
Over result=NORMAL reason=TIME_LIMIT round=600 winner=2696 iWon=True
Score me total=710 del=True dframe=411 fresh=83.21 good=97 task=90 bounty=0 det=[bounty=0|delivery=240|freshness=149|goodFruit=174|penalty=0|tasks=125|time=22|total=710]
Score opp total=0 del=False dframe=0 fresh=67.23 good=97 task=0 bounty=0 det=[bounty=0|delivery=0|freshness=0|goodFruit=0|penalty=0|tasks=0|time=0|total=0]
