# match_20260705_034226_105_2696_vs_2900_4b7981b8 v=iter31 pid=2696 team=RED seed=None dur=600
Map N=15 E=23
N S01:S S02:C S03:P S04:D S05:W S06:M S07:S S08:M S09:S S10:K S11:P S12:J S13:P S14:G S15:F
E S01-S02:30:R S02-S03:25:R S03-S07:54:R S07-S09:46:R S09-S10:40:R S10-S11:36:R S11-S12:20:R S12-S13:25:R S13-S14:18:R S14-S15:10:R S02-S04:20:R S04-S05:44:W S05-S07:46:B S01-S06:44:M S06-S08:54:M S08-S10:46:B S03-S06:38:B S05-S09:48:W S07-S08:42:M S04-S07:54:B S08-S09:64:B S11-S14:15:B S10-S13:27:B
F r1 n=S01 st=IDLE ph=NORMAL gf=100 ts=0 on=S01 ots=0
A r1 CLEAR target=S06 fresh=100
A r1 SQUAD_CLEAR target=S08 fresh=100
F r2 st=PROCESSING
F r7 st=IDLE gf=99
A r7 MOVE target=S06 fresh=99.7
F r8 st=MOVING
F r43 on=S02
F r75 on=S04
F r83 ots=30
F r85 w=HOT
F r86 n=S06 st=IDLE
A r86 CLAIM_RESOURCE target=S06 res=ICE_BOX fresh=94.13
A r86 SQUAD_CLEAR target=S10 fresh=94.13
F r87 st=PROCESSING
F r88 st=IDLE
A r88 MOVE target=S08 fresh=93.98
F r89 st=MOVING
F r126 gf=98 fr90
F r143 on=S05
F r175 ofr90
F r185 n=S08 st=IDLE
A r185 CLAIM_TASK task=T_003 fresh=85.08
F r186 st=PROCESSING
F r189 st=IDLE ts=30
A r189 CLAIM_TASK task=T_005 fresh=84.88
F r190 st=PROCESSING
F r193 st=IDLE ts=60
A r193 CLAIM_RESOURCE target=S08 res=SHORT_HORSE fresh=84.68
F r194 st=PROCESSING
F r195 st=IDLE
A r195 MOVE target=S10 fresh=84.58
F r196 st=MOVING
A r196 USE_RESOURCE res=SHORT_HORSE fresh=84.52
A r197 MOVE target=S10 fresh=84.46
F r209 on=S09
F r236 w=HEAVY_RAIN
F r265 n=S10 st=IDLE
A r265 CLAIM_TASK task=T_006 fresh=80.38
F r266 st=PROCESSING
F r269 st=IDLE ts=90 on=S10
A r269 CLAIM_TASK task=T_008 fresh=80.18
F r270 st=PROCESSING
F r273 st=IDLE gf=97 ts=120 fr80
A r273 CLAIM_TASK task=T_010 fresh=79.98
F r274 st=CONTESTING
A r274 WINDOW_CARD contest=C_273_001 type=TASK card=BING_ZHENG fresh=79.93
ModeChange r277 EVEN->CONSERVATIVE reason=gap_above_threshold gap=None
F r278 st=WAITING
A r278 CLAIM_TASK task=T_010 fresh=79.73
A r279 CLAIM_TASK task=T_011 fresh=79.68
F r280 st=PROCESSING
F r281 ots=60
F r283 st=IDLE ts=150
A r283 MOVE target=S13 fresh=79.48
F r284 st=MOVING
F r324 on=S13
F r325 n=S13 st=IDLE
A r325 USE_RESOURCE res=ICE_BOX fresh=76.96
A r325 SQUAD_SCOUT target=S14 fresh=76.96
A r326 PROCESS fresh=86.91
F r327 st=PROCESSING
F r331 st=IDLE
A r331 MOVE target=S14 fresh=86.66
F r332 st=MOVING
F r346 w=HOT
F r356 n=S14 st=IDLE
F r357 st=WAITING
F r358 ofr80
F r359 on=S14
F r390 ph=RUSH
A r390 RUSH_PROTECT fresh=82.59
A r391 VERIFY_GATE fresh=82.58
REJ r279 x1 OBJECT_BUSY CLAIM_TASK None
F r397 st=VERIFYING
F r402 st=IDLE vfy=1
A r402 MOVE target=S15 fresh=82.46
F r403 st=MOVING
F r411 on=S15
F r416 n=S15 st=IDLE
A r416 DELIVER fresh=82.28
REJ r392 x5 OBJECT_BUSY VERIFY_GATE None
Traj fstart=100 fmin=76.96 fend=82.28 gstart=100 gend=97 onode=S15 ofend=76.99 ogend=93
Proj my=763 oppDel=416 gap=169 mode=CONSERVATIVE
Conf min=0.300 med=0.490 max=0.680
MidGap=151
Over result=NORMAL reason=ALL_DELIVERED round=416 winner=2696 iWon=True
Score me total=763 del=True dframe=416 fresh=82.28 good=97 task=150 bounty=0 det=[bounty=0|delivery=240|freshness=148|goodFruit=174|penalty=0|tasks=180|time=21|total=763]
Score opp total=594 del=True dframe=411 fresh=76.99 good=93 task=60 bounty=0 det=[bounty=0|delivery=200|freshness=138|goodFruit=167|penalty=0|tasks=75|time=14|total=594]
