# match_20260704_160404_227_2839_vs_2696_c4b3705c v=iter25 pid=2696 team=BLUE seed=None dur=600
Map N=15 E=21
N S01:S S02:C S03:P S04:D S05:W S06:M S07:S S08:M S09:S S10:K S11:P S12:J S13:P S14:G S15:F
E S01-S02:30:R S02-S03:25:R S03-S07:54:R S07-S09:46:R S09-S10:40:R S10-S11:36:R S11-S12:20:R S12-S13:25:R S13-S14:18:R S14-S15:10:R S02-S04:20:R S04-S05:44:W S05-S07:46:B S01-S06:44:M S06-S08:54:M S08-S10:46:B S03-S06:38:B S05-S09:48:W S07-S08:42:M S04-S07:54:B S08-S09:64:B
F r1 n=S01 st=IDLE ph=NORMAL gf=100 ts=0 on=S01 ots=0
A r1 CLEAR target=S06 fresh=100
A r1 SQUAD_CLEAR target=S08 fresh=100
F r2 st=PROCESSING
F r7 st=IDLE gf=99
A r7 MOVE target=S06 fresh=99.7
F r8 st=MOVING
F r43 on=S02
F r75 on=S04
F r86 n=S06 st=IDLE
A r86 CLAIM_RESOURCE target=S06 res=ICE_BOX fresh=94.17
A r86 SQUAD_CLEAR target=S10 fresh=94.17
F r87 st=PROCESSING
F r88 st=IDLE
A r88 MOVE target=S08 fresh=94.07
F r89 st=MOVING
F r95 w=HOT
F r129 gf=98 fr90
F r137 on=S05
F r175 ofr90
F r185 n=S08 st=IDLE
A r185 CLAIM_TASK task=T_003 fresh=85.06
A r185 SQUAD_CLEAR target=S11 fresh=85.06
F r186 st=PROCESSING
F r189 st=IDLE ts=30
A r189 CLAIM_TASK task=T_005 fresh=84.86
F r190 st=PROCESSING
F r193 st=IDLE ts=60
A r193 CLAIM_RESOURCE target=S08 res=SHORT_HORSE fresh=84.66
F r194 st=PROCESSING
F r195 st=IDLE
A r195 MOVE target=S10 fresh=84.56
F r196 st=MOVING
A r196 USE_RESOURCE res=SHORT_HORSE fresh=84.5
A r197 MOVE target=S10 fresh=84.44
F r203 on=S09
F r205 w=MOUNTAIN_FOG
F r257 on=S10
F r261 ots=30
F r265 n=S10 st=IDLE
A r265 CLAIM_TASK task=T_008 fresh=80.36
F r266 st=PROCESSING
F r269 st=IDLE ts=90
A r269 CLAIM_TASK task=T_012 fresh=80.16
F r270 st=PROCESSING
F r273 st=IDLE gf=97 ts=120 fr80
A r273 CLAIM_TASK task=T_013 fresh=79.96
F r274 st=PROCESSING
F r277 st=IDLE ts=150
ModeChange r277 EVEN->CONSERVATIVE reason=gap_above_threshold gap=None
A r277 MOVE target=S11 fresh=79.76
F r278 st=MOVING
F r311 on=S11
F r327 n=S11 st=IDLE
A r327 USE_RESOURCE res=ICE_BOX fresh=76.99
A r328 PROCESS fresh=86.94
F r329 st=PROCESSING
F r333 st=IDLE
A r333 MOVE target=S12 fresh=86.69
F r334 st=MOVING
F r344 on=S12
F r349 ots=45
F r356 w=HOT
F r361 n=S12 st=IDLE
A r361 MOVE target=S13 fresh=85
F r362 st=MOVING ofr80
F r384 on=S13
F r396 n=S13 st=IDLE
A r396 PROCESS fresh=82.2
A r396 SQUAD_SCOUT target=S14 fresh=82.2
F r397 st=PROCESSING
F r401 st=IDLE
A r401 MOVE target=S14 fresh=81.84
F r402 st=MOVING
F r414 ph=RUSH on=S14
F r426 n=S14 st=IDLE
A r426 RUSH_PROTECT fresh=80.1
F r427 st=WAITING
A r427 VERIFY_GATE fresh=80.09
F r428 st=VERIFYING
F r430 st=IDLE vfy=1
A r430 MOVE target=S15 fresh=80.06
F r431 st=MOVING
F r434 on=S15
F r437 fr80
F r444 n=S15 st=IDLE
A r444 DELIVER fresh=79.92
Traj fstart=100 fmin=76.99 fend=79.92 gstart=100 gend=97 onode=S15 ofend=74.68 ogend=98
Proj my=755 oppDel=444 gap=211 mode=CONSERVATIVE
Conf min=0.300 med=0.500 max=0.710
MidGap=227
Over result=NORMAL reason=ALL_DELIVERED round=444 winner=2696 iWon=True
Score me total=755 del=True dframe=444 fresh=79.92 good=97 task=150 bounty=0
Score opp total=544 del=True dframe=434 fresh=74.68 good=98 task=45 bounty=0
