# match_20260704_191634_842_2619_vs_2696_c8562829 v=iter31 pid=2696 team=BLUE seed=None dur=600
Map N=15 E=21
N S01:S S02:C S03:P S04:D S05:W S06:M S07:S S08:M S09:S S10:K S11:P S12:J S13:P S14:G S15:F
E S01-S02:30:R S02-S03:25:R S03-S07:54:R S07-S09:46:R S09-S10:40:R S10-S11:36:R S11-S12:20:R S12-S13:25:R S13-S14:18:R S14-S15:10:R S02-S04:20:R S04-S05:44:W S05-S07:46:B S01-S06:44:M S06-S08:54:M S08-S10:46:B S03-S06:38:B S05-S09:48:W S07-S08:42:M S04-S07:54:B S08-S09:64:B
F r1 n=S01 st=IDLE ph=NORMAL gf=100 ts=0 on=S01 ots=0
A r1 CLEAR target=S06 fresh=100
A r1 SQUAD_CLEAR target=S08 fresh=100
F r2 st=PROCESSING
F r7 st=IDLE gf=99
A r7 MOVE target=S06 fresh=99.7
F r8 st=MOVING
F r43 on=S02
F r82 on=S03
F r85 ots=30 w=HOT
F r86 n=S06 st=IDLE
A r86 CLAIM_RESOURCE target=S06 res=ICE_BOX fresh=94.13
F r87 st=PROCESSING
F r88 st=IDLE
A r88 MOVE target=S08 fresh=93.98
F r89 st=MOVING
F r126 gf=98 fr90
F r156 ofr90
F r162 on=S07
F r166 ots=60
F r170 ots=90
F r185 n=S08 st=IDLE
A r185 CLAIM_TASK task=T_003 fresh=85.08
F r186 st=PROCESSING
F r189 st=IDLE ts=30
A r189 CLAIM_TASK task=T_005 fresh=84.88
F r190 st=PROCESSING
F r193 st=IDLE ts=60
A r193 CLAIM_TASK task=T_009 fresh=84.68
F r194 st=PROCESSING
F r197 st=IDLE ts=90
A r197 CLAIM_RESOURCE target=S08 res=SHORT_HORSE fresh=84.48
F r198 st=PROCESSING
F r199 st=IDLE
A r199 MOVE target=S10 fresh=84.38
F r200 st=MOVING
A r200 USE_RESOURCE res=SHORT_HORSE fresh=84.32
A r201 MOVE target=S10 fresh=84.26
F r236 on=S09 w=HEAVY_RAIN
F r241 ots=105
F r269 n=S10 st=IDLE
A r269 CLAIM_TASK task=T_008 fresh=80.18
F r270 st=PROCESSING
F r273 st=IDLE gf=97 ts=120 fr80
A r273 CLAIM_TASK task=T_011 fresh=79.98
F r274 st=PROCESSING
F r277 st=IDLE ts=150
A r277 MOVE target=S11 fresh=79.78
F r278 st=MOVING
ModeChange r281 EVEN->CONSERVATIVE reason=gap_above_threshold gap=None
F r297 on=S10
F r301 ots=135
ModeChange r301 CONSERVATIVE->EVEN reason=gap_within_band gap=None
F r327 n=S11 st=IDLE
A r327 USE_RESOURCE res=ICE_BOX fresh=77.01
A r328 PROCESS fresh=86.96
F r329 st=PROCESSING
F r333 st=IDLE
A r333 MOVE target=S12 fresh=86.71
F r334 st=MOVING
F r338 ofr80
F r346 w=MOUNTAIN_FOG
F r351 on=S11
F r355 ots=165
F r359 ots=180
F r361 n=S12 st=IDLE
A r361 MOVE target=S13 fresh=85.15
F r362 st=MOVING
F r391 on=S12
F r396 n=S13 st=IDLE
A r396 PROCESS fresh=83.21
A r396 SQUAD_SCOUT target=S14 fresh=83.21
F r397 st=PROCESSING
F r401 st=IDLE
A r401 MOVE target=S14 fresh=82.96
F r402 st=MOVING
F r426 n=S14 st=IDLE ph=RUSH on=S13
A r426 RUSH_PROTECT fresh=81.57
F r427 st=WAITING
A r427 VERIFY_GATE fresh=81.56
F r428 st=VERIFYING
F r430 st=IDLE vfy=1
A r430 MOVE target=S15 fresh=81.53
F r431 st=MOVING
F r444 n=S15 st=IDLE
A r444 DELIVER fresh=81.39
F r445 st=DELIVERED del=1
F r456 on=S14 w=HOT
F r476 on=S15
Traj fstart=100 fmin=77.01 fend=81.39 gstart=100 gend=97 onode=S15 ofend=72 ogend=98
Proj my=754 oppDel=476 gap=15 mode=EVEN
Conf min=0.300 med=0.520 max=0.740
MidGap=29
Over result=NORMAL reason=ALL_DELIVERED round=476 winner=2696 iWon=True
Score me total=758 del=True dframe=444 fresh=81.39 good=97 task=150 bounty=0 det=[bounty=0|delivery=240|freshness=146|goodFruit=174|penalty=0|tasks=180|time=18|total=758]
Score opp total=739 del=True dframe=476 fresh=72 good=98 task=180 bounty=0 det=[bounty=0|delivery=240|freshness=129|goodFruit=176|penalty=0|tasks=180|time=14|total=739]
