# match_20260704_190359_691_2839_vs_2696_f6e2f772 v=iter31 pid=2696 team=BLUE seed=None dur=600
Map N=15 E=21
N S01:S S02:C S03:P S04:D S05:W S06:M S07:S S08:M S09:S S10:K S11:P S12:J S13:P S14:G S15:F
E S01-S02:30:R S02-S03:25:R S03-S07:54:R S07-S09:46:R S09-S10:40:R S10-S11:36:R S11-S12:20:R S12-S13:25:R S13-S14:18:R S14-S15:10:R S02-S04:20:R S04-S05:44:W S05-S07:46:B S01-S06:44:M S06-S08:54:M S08-S10:46:B S03-S06:38:B S05-S09:48:W S07-S08:42:M S04-S07:54:B S08-S09:64:B
F r1 n=S01 st=IDLE ph=NORMAL gf=100 ts=0 on=S01 ots=0
A r1 CLEAR target=S06 fresh=100
A r1 SQUAD_CLEAR target=S08 fresh=100
F r2 st=PROCESSING
F r7 st=IDLE gf=99
A r7 MOVE target=S06 fresh=99.7
F r8 st=MOVING
F r43 on=S02
F r75 on=S04
F r86 n=S06 st=IDLE
A r86 CLAIM_RESOURCE target=S06 res=ICE_BOX fresh=94.17
A r86 SQUAD_CLEAR target=S10 fresh=94.17
F r87 st=PROCESSING
F r88 st=IDLE
A r88 MOVE target=S08 fresh=94.07
F r89 st=MOVING
F r116 w=HEAVY_RAIN
F r145 on=S05
F r147 gf=98 fr90
F r185 n=S08 st=IDLE
A r185 CLAIM_TASK task=T_003 fresh=87.28
A r185 SQUAD_CLEAR target=S11 fresh=87.28
F r186 st=PROCESSING
F r189 st=IDLE ts=30
A r189 CLAIM_TASK task=T_005 fresh=87.08
F r190 st=PROCESSING
F r193 st=IDLE ts=60
A r193 CLAIM_RESOURCE target=S08 res=SHORT_HORSE fresh=86.88
F r194 st=PROCESSING ofr90
F r195 st=IDLE
A r195 MOVE target=S10 fresh=86.78
F r196 st=MOVING
A r196 USE_RESOURCE res=SHORT_HORSE fresh=86.72
A r197 MOVE target=S10 fresh=86.66
F r220 on=S09
F r226 w=HOT
F r265 n=S10 st=IDLE
A r265 CLAIM_TASK task=T_006 fresh=81.02
F r266 st=PROCESSING
F r269 st=IDLE ts=90
A r269 CLAIM_TASK task=T_008 fresh=80.73
F r270 st=PROCESSING
F r273 st=IDLE ts=120
A r273 CLAIM_TASK task=T_012 fresh=80.45
F r274 st=PROCESSING on=S10
F r277 st=IDLE ts=150
ModeChange r277 EVEN->CONSERVATIVE reason=gap_above_threshold gap=None
A r277 MOVE target=S11 fresh=80.16
F r278 st=MOVING
F r280 gf=97 fr80
F r325 on=S11
F r327 n=S11 st=IDLE
A r327 USE_RESOURCE res=ICE_BOX fresh=77.15
A r328 PROCESS fresh=87.1
F r329 st=WAITING
F r331 st=PROCESSING
F r335 st=IDLE
A r335 MOVE target=S12 fresh=86.75
F r336 st=MOVING w=MOUNTAIN_FOG
F r355 ofr80
F r358 on=S12
F r363 n=S12 st=IDLE ots=15
A r363 MOVE target=S13 fresh=85.21
F r364 st=MOVING
F r398 n=S13 st=IDLE on=S13
A r398 PROCESS fresh=83.26
A r398 SQUAD_SCOUT target=S14 fresh=83.26
F r399 st=CONTESTING
A r399 WINDOW_CARD contest=C_398_001 type=DOCK card=BING_ZHENG fresh=83.21
F r402 st=PROCESSING
F r407 st=IDLE
A r407 MOVE target=S14 fresh=82.81
F r408 st=MOVING
F r432 n=S14 st=IDLE ph=RUSH
A r432 RUSH_PROTECT fresh=81.43
F r433 st=WAITING
A r433 VERIFY_GATE fresh=81.42
F r434 st=VERIFYING
F r436 st=IDLE vfy=1
A r436 MOVE target=S15 fresh=81.39
F r437 st=MOVING
F r438 on=S14
F r446 w=HOT
F r450 n=S15 st=IDLE
A r450 DELIVER fresh=81.21
F r451 st=DELIVERED del=1
F r458 on=S15
REJ r329 x2 OBJECT_BUSY PROCESS None
Traj fstart=100 fmin=77.15 fend=81.21 gstart=100 gend=97 onode=S15 ofend=74.08 ogend=98
Proj my=756 oppDel=458 gap=290 mode=CONSERVATIVE
Conf min=0.300 med=0.510 max=0.720
MidGap=304
Over result=NORMAL reason=ALL_DELIVERED round=458 winner=2696 iWon=True
Score me total=757 del=True dframe=450 fresh=81.21 good=97 task=150 bounty=0 det=[bounty=0|delivery=240|freshness=146|goodFruit=174|penalty=0|tasks=180|time=17|total=757]
Score opp total=466 del=True dframe=458 fresh=74.08 good=98 task=15 bounty=0 det=[bounty=0|delivery=140|freshness=133|goodFruit=176|penalty=0|tasks=15|time=2|total=466]
