# match_20260705_032303_894_2931_vs_2696_51909d49 v=iter31 pid=2696 team=BLUE seed=None dur=600
Map N=15 E=23
N S01:S S02:C S03:P S04:D S05:W S06:M S07:S S08:M S09:S S10:K S11:P S12:J S13:P S14:G S15:F
E S01-S02:30:R S02-S03:25:R S03-S07:54:R S07-S09:46:R S09-S10:40:R S10-S11:36:R S11-S12:20:R S12-S13:25:R S13-S14:18:R S14-S15:10:R S02-S04:20:R S04-S05:44:W S05-S07:46:B S01-S06:44:M S06-S08:54:M S08-S10:46:B S03-S06:38:B S05-S09:48:W S07-S08:42:M S04-S07:54:B S08-S09:64:B S11-S14:15:B S10-S13:27:B
F r1 n=S01 st=IDLE ph=NORMAL gf=100 ts=0 on=S01 ots=0
A r1 CLEAR target=S06 fresh=100
A r1 SQUAD_CLEAR target=S08 fresh=100
F r2 st=PROCESSING
F r7 st=IDLE gf=99
A r7 MOVE target=S06 fresh=99.7
F r8 st=MOVING
F r43 on=S02
F r75 on=S04
F r83 ots=30
F r86 n=S06 st=IDLE
A r86 CLAIM_RESOURCE target=S06 res=ICE_BOX fresh=94.17
A r86 SQUAD_CLEAR target=S10 fresh=94.17
F r87 st=PROCESSING
F r88 st=IDLE
A r88 MOVE target=S08 fresh=94.07
F r89 st=MOVING
F r101 w=HOT
F r131 gf=98 fr90
F r140 on=S05
F r175 ofr90
F r185 n=S08 st=IDLE
A r185 CLAIM_TASK task=T_003 fresh=85.06
F r186 st=PROCESSING
F r189 st=IDLE ts=30
A r189 CLAIM_TASK task=T_005 fresh=84.86
F r190 st=PROCESSING
F r193 st=IDLE ts=60
A r193 CLAIM_RESOURCE target=S08 res=SHORT_HORSE fresh=84.66
F r194 st=PROCESSING
F r195 st=IDLE
A r195 MOVE target=S10 fresh=84.56
F r196 st=MOVING
A r196 USE_RESOURCE res=SHORT_HORSE fresh=84.5
A r197 MOVE target=S10 fresh=84.44
F r206 on=S09
F r211 w=HEAVY_RAIN
F r262 on=S10
F r265 n=S10 st=IDLE
A r265 CLAIM_TASK task=T_006 fresh=80.36
F r266 st=PROCESSING ots=60
F r269 st=IDLE ts=90
A r269 CLAIM_TASK task=T_010 fresh=80.16
F r270 st=WAITING ots=90
A r270 CLAIM_TASK task=T_011 fresh=80.11
F r271 st=CONTESTING
A r271 WINDOW_CARD contest=C_270_001 type=TASK card=BING_ZHENG fresh=80.06
F r273 gf=97 fr80
F r275 st=WAITING
A r275 CLAIM_TASK task=T_011 fresh=79.86
A r276 CLAIM_TASK task=T_013 fresh=79.81
F r277 st=PROCESSING
F r278 ots=120
F r280 st=IDLE ts=120
A r280 MOVE target=S13 fresh=79.61
F r281 st=MOVING
F r321 w=HOT
F r322 n=S13 st=IDLE
A r322 USE_RESOURCE res=ICE_BOX fresh=77.05
A r322 SQUAD_SCOUT target=S14 fresh=77.05
A r323 PROCESS fresh=86.98
F r324 st=PROCESSING on=S13
F r328 st=IDLE
A r328 CLAIM_TASK task=T_016 fresh=86.63
F r329 st=PROCESSING
F r333 st=IDLE ts=135
A r333 MOVE target=S14 fresh=86.27
F r334 st=MOVING
F r351 ofr80
F r358 n=S14 st=IDLE
F r359 st=WAITING
F r364 on=S14
F r390 ph=RUSH
A r390 RUSH_PROTECT fresh=82.18
A r391 VERIFY_GATE fresh=82.17
REJ r270 x2 OBJECT_BUSY CLAIM_TASK None
F r394 st=VERIFYING
F r399 st=IDLE vfy=1
A r399 MOVE target=S15 fresh=82.09
F r400 st=MOVING
F r406 on=S15
F r413 n=S15 st=IDLE
A r413 DELIVER fresh=81.95
REJ r392 x2 OBJECT_BUSY VERIFY_GATE None
Traj fstart=100 fmin=77.05 fend=81.95 gstart=100 gend=97 onode=S15 ofend=76.35 ogend=95
Proj my=762 oppDel=413 gap=23 mode=EVEN
Conf min=0.300 med=0.490 max=0.680
MidGap=-6
Over result=NORMAL reason=ALL_DELIVERED round=413 winner=2696 iWon=True
Score me total=762 del=True dframe=413 fresh=81.95 good=97 task=135 bounty=0 det=[bounty=0|delivery=240|freshness=147|goodFruit=174|penalty=0|tasks=180|time=21|total=762]
Score opp total=740 del=True dframe=406 fresh=76.35 good=95 task=120 bounty=0 det=[bounty=0|delivery=240|freshness=137|goodFruit=171|penalty=0|tasks=170|time=22|total=740]
