# match_20260705_034809_346_2696_vs_2707_8d330c1f v=iter31 pid=2696 team=RED seed=None dur=600
Map N=15 E=23
N S01:S S02:C S03:P S04:D S05:W S06:M S07:S S08:M S09:S S10:K S11:P S12:J S13:P S14:G S15:F
E S01-S02:30:R S02-S03:25:R S03-S07:54:R S07-S09:46:R S09-S10:40:R S10-S11:36:R S11-S12:20:R S12-S13:25:R S13-S14:18:R S14-S15:10:R S02-S04:20:R S04-S05:44:W S05-S07:46:B S01-S06:44:M S06-S08:54:M S08-S10:46:B S03-S06:38:B S05-S09:48:W S07-S08:42:M S04-S07:54:B S08-S09:64:B S11-S14:15:B S10-S13:27:B
F r1 n=S01 st=IDLE ph=NORMAL gf=100 ts=0 on=S01 ots=0
A r1 CLEAR target=S06 fresh=100
A r1 SQUAD_CLEAR target=S08 fresh=100
F r2 st=PROCESSING
F r7 st=IDLE gf=99
A r7 MOVE target=S06 fresh=99.7
F r8 st=MOVING
F r43 on=S02
F r73 on=S04
F r86 n=S06 st=IDLE
A r86 CLAIM_RESOURCE target=S06 res=ICE_BOX fresh=94.17
A r86 SQUAD_CLEAR target=S10 fresh=94.17
F r87 st=PROCESSING
F r88 st=IDLE
A r88 MOVE target=S08 fresh=94.07
F r89 st=MOVING
F r110 w=HEAVY_RAIN
F r144 on=S05
F r147 gf=98 fr90
F r185 n=S08 st=IDLE
A r185 CLAIM_TASK task=T_003 fresh=87.28
F r186 st=PROCESSING
F r189 st=IDLE ts=30
A r189 CLAIM_TASK task=T_005 fresh=87.08
F r190 st=PROCESSING
F r192 ofr90
F r193 st=IDLE ts=60
A r193 CLAIM_RESOURCE target=S08 res=SHORT_HORSE fresh=86.88
F r194 st=PROCESSING
F r195 st=IDLE
A r195 MOVE target=S10 fresh=86.78
F r196 st=MOVING
A r196 USE_RESOURCE res=SHORT_HORSE fresh=86.72
A r197 MOVE target=S10 fresh=86.66
F r216 on=S09
F r220 w=HOT
F r265 n=S10 st=IDLE
A r265 CLAIM_TASK task=T_006 fresh=80.78
F r266 st=PROCESSING
F r269 st=IDLE ts=90
A r269 CLAIM_TASK task=T_008 fresh=80.48
F r270 st=PROCESSING
F r271 on=S10
F r273 st=IDLE ts=120
A r273 CLAIM_TASK task=T_012 fresh=80.2
F r274 st=PROCESSING
F r276 gf=97 fr80
F r277 st=IDLE ts=150
ModeChange r277 EVEN->CONSERVATIVE reason=gap_above_threshold gap=None
A r277 MOVE target=S13 fresh=79.91
F r278 st=MOVING
F r313 on=S13
F r319 n=S13 st=IDLE
A r319 USE_RESOURCE res=ICE_BOX fresh=77.27
A r319 SQUAD_SCOUT target=S14 fresh=77.27
A r320 PROCESS fresh=87.22
F r321 st=PROCESSING
F r325 st=IDLE
A r325 MOVE target=S14 fresh=86.97
F r326 st=MOVING
F r330 w=MOUNTAIN_FOG
F r340 on=S14
A r344 FORCED_PASS target=S14 fresh=85.9
F r345 st=WAITING
F r347 ofr80
F r390 ph=RUSH
A r390 RUSH_PROTECT fresh=83.6
REJ r345 x46 MOVING_ACTION_FORBIDDEN FORCED_PASS S14
F r411 on=S15
F r440 w=HOT
F r456 fr80
A r464 MOVE target=S14 fresh=79.38
F r465 st=MOVING
F r470 n=S14 st=IDLE
A r470 RUSH_PROTECT fresh=78.9
F r471 st=WAITING
A r471 VERIFY_GATE fresh=78.89
F r472 st=VERIFYING
F r477 st=IDLE vfy=1
A r477 MOVE target=S15 fresh=78.83
F r478 st=MOVING
F r491 n=S15 st=IDLE
A r491 DELIVER fresh=78.55
REJ r391 x74 MOVING_ACTION_FORBIDDEN RUSH_PROTECT None
Traj fstart=100 fmin=77.27 fend=78.55 gstart=100 gend=97 onode=S15 ofend=77.61 ogend=96
Proj my=747 oppDel=491 gap=316 mode=CONSERVATIVE
Conf min=0.300 med=0.530 max=0.750
MidGap=314
Over result=NORMAL reason=ALL_DELIVERED round=491 winner=2696 iWon=True
Score me total=747 del=True dframe=491 fresh=78.55 good=97 task=150 bounty=0 det=[bounty=0|delivery=240|freshness=141|goodFruit=174|penalty=0|tasks=180|time=12|total=747]
Score opp total=431 del=True dframe=411 fresh=77.61 good=96 task=0 bounty=0 det=[bounty=0|delivery=120|freshness=139|goodFruit=172|penalty=0|tasks=0|time=0|total=431]
