# match_20260705_033845_004_2751_vs_2696_6a358ff8 v=iter31 pid=2696 team=BLUE seed=None dur=600
Map N=15 E=23
N S01:S S02:C S03:P S04:D S05:W S06:M S07:S S08:M S09:S S10:K S11:P S12:J S13:P S14:G S15:F
E S01-S02:30:R S02-S03:25:R S03-S07:54:R S07-S09:46:R S09-S10:40:R S10-S11:36:R S11-S12:20:R S12-S13:25:R S13-S14:18:R S14-S15:10:R S02-S04:20:R S04-S05:44:W S05-S07:46:B S01-S06:44:M S06-S08:54:M S08-S10:46:B S03-S06:38:B S05-S09:48:W S07-S08:42:M S04-S07:54:B S08-S09:64:B S11-S14:15:B S10-S13:27:B
F r1 n=S01 st=IDLE ph=NORMAL gf=100 ts=0 on=S01 ots=0
A r1 CLEAR target=S06 fresh=100
A r1 SQUAD_CLEAR target=S08 fresh=100
F r2 st=PROCESSING
F r7 st=IDLE gf=99
A r7 MOVE target=S06 fresh=99.7
F r8 st=MOVING
F r86 n=S06 st=IDLE
A r86 CLAIM_RESOURCE target=S06 res=ICE_BOX fresh=94.17
F r87 st=PROCESSING
F r88 st=IDLE
A r88 MOVE target=S08 fresh=94.07
F r89 st=MOVING
F r92 on=S06
F r103 w=HOT
F r131 ofr90
F r132 gf=98 fr90
F r185 n=S08 st=IDLE
A r185 CLAIM_TASK task=T_003 fresh=85.06
F r186 st=PROCESSING
F r189 st=IDLE ts=30 on=S08
A r189 CLAIM_TASK task=T_005 fresh=84.86
F r190 st=PROCESSING
F r193 st=IDLE ts=60
A r193 MOVE target=S10 fresh=84.66
F r194 st=MOVING
F r213 w=HEAVY_RAIN
F r262 on=S10
F r265 n=S10 st=IDLE
A r265 CLAIM_TASK task=T_006 fresh=80.34
F r266 st=WAITING ots=30
A r266 CLAIM_TASK task=T_009 fresh=80.29
F r267 st=CONTESTING
A r267 WINDOW_CARD contest=C_266_001 type=TASK card=BING_ZHENG fresh=80.24
F r270 ofr80
F r271 st=WAITING
A r271 CLAIM_TASK task=T_009 fresh=80.04
F r272 gf=97 fr80
A r272 CLAIM_TASK task=T_012 fresh=79.99
F r273 st=PROCESSING
F r274 ots=60
F r276 st=IDLE ts=90
A r276 CLAIM_TASK task=T_013 fresh=79.79
F r277 st=CONTESTING
A r277 WINDOW_CARD contest=C_276_002 type=TASK card=BING_ZHENG fresh=79.74
A r278 WINDOW_CARD contest=C_276_002 type=TASK card=ABSTAIN fresh=79.69
ModeChange r280 EVEN->CONSERVATIVE reason=gap_above_threshold gap=None
F r281 st=WAITING
A r281 CLAIM_TASK task=T_013 fresh=79.54
A r282 MOVE target=S13 fresh=79.49
F r283 st=MOVING
F r284 ots=90
ModeChange r288 CONSERVATIVE->EVEN reason=gap_within_band gap=None
F r323 w=HOT
F r324 n=S13 st=IDLE
A r324 USE_RESOURCE res=ICE_BOX fresh=76.93
A r324 SQUAD_SCOUT target=S14 fresh=76.93
A r325 PROCESS fresh=86.86
F r326 st=PROCESSING on=S13
F r330 st=IDLE
A r330 MOVE target=S14 fresh=86.51
F r331 st=MOVING
F r355 n=S14 st=IDLE
F r356 st=WAITING
F r360 on=S14
F r390 ph=RUSH
A r390 RUSH_PROTECT fresh=82.17
A r391 VERIFY_GATE fresh=82.16
REJ r266 x3 OBJECT_BUSY CLAIM_TASK None
F r397 st=VERIFYING
F r402 st=IDLE vfy=1
A r402 MOVE target=S15 fresh=82.05
F r403 st=MOVING
F r410 on=S15
F r416 n=S15 st=IDLE
A r416 DELIVER fresh=81.91
REJ r392 x5 OBJECT_BUSY VERIFY_GATE None
Traj fstart=100 fmin=76.93 fend=81.91 gstart=100 gend=97 onode=S15 ofend=70.9 ogend=95
Proj my=707 oppDel=416 gap=23 mode=EVEN
Conf min=0.300 med=0.490 max=0.680
MidGap=3
Over result=NORMAL reason=ALL_DELIVERED round=416 winner=2696 iWon=True
Score me total=707 del=True dframe=416 fresh=81.91 good=97 task=90 bounty=0 det=[bounty=0|delivery=240|freshness=147|goodFruit=174|penalty=0|tasks=125|time=21|total=707]
Score opp total=685 del=True dframe=410 fresh=70.9 good=95 task=90 bounty=0 det=[bounty=0|delivery=240|freshness=127|goodFruit=171|penalty=0|tasks=125|time=22|total=685]
