# match_20260705_035704_393_3022_vs_2696_0163f2e0 v=iter31 pid=2696 team=BLUE seed=None dur=600
Map N=15 E=23
N S01:S S02:C S03:P S04:D S05:W S06:M S07:S S08:M S09:S S10:K S11:P S12:J S13:P S14:G S15:F
E S01-S02:30:R S02-S03:25:R S03-S07:54:R S07-S09:46:R S09-S10:40:R S10-S11:36:R S11-S12:20:R S12-S13:25:R S13-S14:18:R S14-S15:10:R S02-S04:20:R S04-S05:44:W S05-S07:46:B S01-S06:44:M S06-S08:54:M S08-S10:46:B S03-S06:38:B S05-S09:48:W S07-S08:42:M S04-S07:54:B S08-S09:64:B S11-S14:15:B S10-S13:27:B
F r1 n=S01 st=IDLE ph=NORMAL gf=100 ts=0 on=S01 ots=0
A r1 CLEAR target=S06 fresh=100
A r1 SQUAD_CLEAR target=S08 fresh=100
F r2 st=PROCESSING
F r7 st=IDLE gf=99
A r7 MOVE target=S06 fresh=99.7
F r8 st=MOVING
F r43 on=S02
F r75 on=S04
F r79 ots=30
F r86 n=S06 st=IDLE
A r86 CLAIM_RESOURCE target=S06 res=ICE_BOX fresh=94.17
F r87 st=PROCESSING
F r88 st=IDLE
A r88 MOVE target=S08 fresh=94.07
F r89 st=MOVING
F r110 w=MOUNTAIN_FOG
F r145 on=S05
F r147 gf=98 fr90
F r190 n=S08 st=IDLE
A r190 CLAIM_TASK task=T_003 fresh=86.93
F r191 st=PROCESSING
F r194 st=IDLE ts=30
A r194 CLAIM_TASK task=T_005 fresh=86.73
F r195 st=PROCESSING
F r198 st=IDLE ts=60
A r198 CLAIM_RESOURCE target=S08 res=SHORT_HORSE fresh=86.53
F r199 st=PROCESSING
F r200 st=IDLE
A r200 MOVE target=S10 fresh=86.43
F r201 st=MOVING
A r201 USE_RESOURCE res=SHORT_HORSE fresh=86.37
A r202 MOVE target=S10 fresh=86.31
F r211 on=S09
F r214 ofr90
F r220 w=HOT
F r270 n=S10 st=IDLE
A r270 CLAIM_TASK task=T_006 fresh=80.23
F r271 on=S10
A r271 CLAIM_TASK task=T_008 fresh=80.16
F r272 st=CONTESTING
A r272 WINDOW_CARD contest=C_271_001 type=TASK card=BING_ZHENG fresh=80.09
F r274 gf=97 fr80
F r275 st=RESTING
ModeChange r277 EVEN->CONSERVATIVE reason=gap_above_threshold gap=None
F r278 st=IDLE
A r278 CLAIM_TASK task=T_008 fresh=79.66
F r279 st=CONTESTING
A r279 WINDOW_CARD contest=C_278_002 type=TASK card=BING_ZHENG fresh=79.59
A r280 WINDOW_CARD contest=C_278_002 type=TASK card=ABSTAIN fresh=79.52
F r283 st=WAITING
A r283 CLAIM_TASK task=T_008 fresh=79.37
A r284 CLAIM_TASK task=T_010 fresh=79.32
REJ r271 x1 TASK_NOT_FOUND CLAIM_TASK None
F r285 st=PROCESSING
F r286 ots=60
F r288 st=IDLE ts=90
A r288 CLAIM_TASK task=T_011 fresh=79.12
F r289 st=WAITING
A r289 CLAIM_TASK task=T_013 fresh=79.07
F r290 st=PROCESSING ots=90
F r293 st=IDLE ts=120
A r293 MOVE target=S13 fresh=78.87
F r294 st=MOVING
ModeChange r294 CONSERVATIVE->EVEN reason=gap_within_band gap=None
F r330 w=HEAVY_RAIN
F r335 n=S13 st=IDLE on=S13
A r335 USE_RESOURCE res=ICE_BOX fresh=76.35
A r335 SQUAD_SCOUT target=S14 fresh=76.35
A r336 PROCESS fresh=86.3
F r337 st=WAITING
REJ r284 x2 OBJECT_BUSY CLAIM_TASK None
ModeChange r340 EVEN->CONSERVATIVE reason=gap_above_threshold gap=None
F r341 st=PROCESSING
F r345 st=IDLE
A r345 MOVE target=S14 fresh=85.85
F r346 st=MOVING
F r368 ofr80
F r369 on=S14
F r370 n=S14 st=IDLE
F r371 st=WAITING
F r390 ph=RUSH
A r390 RUSH_PROTECT fresh=83.46
A r391 VERIFY_GATE fresh=83.45
REJ r337 x4 OBJECT_BUSY PROCESS None
F r394 st=VERIFYING
F r399 st=IDLE vfy=1
A r399 MOVE target=S15 fresh=83.37
F r400 st=MOVING
F r407 on=S15
F r413 n=S15 st=IDLE
A r413 DELIVER fresh=83.23
REJ r392 x2 OBJECT_BUSY VERIFY_GATE None
Traj fstart=100 fmin=76.35 fend=83.23 gstart=100 gend=97 onode=S15 ofend=77.93 ogend=98
Proj my=754 oppDel=413 gap=78 mode=CONSERVATIVE
Conf min=0.300 med=0.490 max=0.680
MidGap=33
Over result=NORMAL reason=ALL_DELIVERED round=413 winner=2696 iWon=True
Score me total=754 del=True dframe=413 fresh=83.23 good=97 task=120 bounty=0 det=[bounty=0|delivery=240|freshness=149|goodFruit=174|penalty=0|tasks=170|time=21|total=754]
Score opp total=677 del=True dframe=407 fresh=77.93 good=98 task=90 bounty=0 det=[bounty=0|delivery=240|freshness=140|goodFruit=176|penalty=26|tasks=125|time=22|total=677]
