# match_20260705_032839_487_2769_vs_2696_4d342ec0 v=iter31 pid=2696 team=BLUE seed=None dur=600
Map N=15 E=23
N S01:S S02:C S03:P S04:D S05:W S06:M S07:S S08:M S09:S S10:K S11:P S12:J S13:P S14:G S15:F
E S01-S02:30:R S02-S03:25:R S03-S07:54:R S07-S09:46:R S09-S10:40:R S10-S11:36:R S11-S12:20:R S12-S13:25:R S13-S14:18:R S14-S15:10:R S02-S04:20:R S04-S05:44:W S05-S07:46:B S01-S06:44:M S06-S08:54:M S08-S10:46:B S03-S06:38:B S05-S09:48:W S07-S08:42:M S04-S07:54:B S08-S09:64:B S11-S14:15:B S10-S13:27:B
F r1 n=S01 st=IDLE ph=NORMAL gf=100 ts=0 on=S01 ots=0
A r1 CLEAR target=S06 fresh=100
A r1 SQUAD_CLEAR target=S08 fresh=100
F r2 st=PROCESSING
F r7 st=IDLE gf=99
A r7 MOVE target=S06 fresh=99.7
F r8 st=MOVING
F r43 on=S02
F r75 on=S04
F r79 ots=30
F r80 w=MOUNTAIN_FOG
F r86 n=S06 st=IDLE
A r86 CLAIM_RESOURCE target=S06 res=ICE_BOX fresh=94.17
F r87 st=PROCESSING
F r88 st=IDLE
A r88 MOVE target=S08 fresh=94.07
F r89 st=MOVING
F r147 gf=98 fr90
F r171 on=S07
F r175 ots=60
F r178 ofr90
F r189 n=S08 st=IDLE
A r189 CLAIM_TASK task=T_003 fresh=87
F r190 st=PROCESSING
F r193 st=IDLE ts=30
A r193 CLAIM_TASK task=T_005 fresh=86.8
F r194 st=PROCESSING
F r197 st=IDLE ts=60
A r197 CLAIM_TASK task=T_009 fresh=86.6
F r198 st=PROCESSING
F r201 st=IDLE ts=90
A r201 CLAIM_RESOURCE target=S08 res=SHORT_HORSE fresh=86.4
F r202 st=PROCESSING
F r203 st=IDLE
A r203 MOVE target=S10 fresh=86.3
F r204 st=MOVING
A r204 USE_RESOURCE res=SHORT_HORSE fresh=86.24
A r205 MOVE target=S10 fresh=86.18
F r231 w=HOT
F r242 on=S09
F r273 n=S10 st=IDLE
A r273 CLAIM_TASK task=T_008 fresh=80.42
F r274 st=PROCESSING
F r277 st=IDLE ts=120
ModeChange r277 EVEN->CONSERVATIVE reason=gap_above_threshold gap=None
A r277 CLAIM_TASK task=T_010 fresh=80.13
F r278 st=PROCESSING
F r279 gf=97 fr80
F r281 st=IDLE ts=150
A r281 MOVE target=S13 fresh=79.84
F r282 st=MOVING
F r300 on=S10
F r304 ots=90
ModeChange r308 CONSERVATIVE->EVEN reason=gap_within_band gap=None
F r323 n=S13 st=IDLE
A r323 USE_RESOURCE res=ICE_BOX fresh=76.92
A r323 SQUAD_SCOUT target=S14 fresh=76.92
A r324 PROCESS fresh=86.87
F r325 st=PROCESSING
ModeChange r328 EVEN->CONSERVATIVE reason=gap_above_threshold gap=None
F r329 st=IDLE
A r329 MOVE target=S14 fresh=86.62
F r330 st=MOVING
F r333 ofr90
F r341 w=HEAVY_RAIN
F r354 n=S14 st=IDLE on=S11
F r355 st=WAITING
F r358 ots=120
ModeChange r362 CONSERVATIVE->EVEN reason=gap_within_band gap=None
F r387 on=S14
F r390 ph=RUSH
A r390 RUSH_PROTECT fresh=83.44
A r391 VERIFY_GATE fresh=83.43
F r397 st=VERIFYING
F r402 st=IDLE vfy=1
A r402 MOVE target=S15 fresh=83.32
F r403 st=MOVING
F r407 on=S15
F r416 n=S15 st=IDLE
A r416 DELIVER fresh=83.18
REJ r392 x5 OBJECT_BUSY VERIFY_GATE None
Traj fstart=100 fmin=76.92 fend=83.18 gstart=100 gend=97 onode=S15 ofend=85.7 ogend=97
Proj my=764 oppDel=416 gap=5 mode=EVEN
Conf min=0.300 med=0.490 max=0.680
MidGap=138
Over result=NORMAL reason=ALL_DELIVERED round=416 winner=2696 iWon=True
Score me total=764 del=True dframe=416 fresh=83.18 good=97 task=150 bounty=0 det=[bounty=0|delivery=240|freshness=149|goodFruit=174|penalty=0|tasks=180|time=21|total=764]
Score opp total=760 del=True dframe=407 fresh=85.7 good=97 task=120 bounty=0 det=[bounty=0|delivery=240|freshness=154|goodFruit=174|penalty=0|tasks=170|time=22|total=760]
