# match_20260705_031529_282_2696_vs_2809_02155fe3 v=iter31 pid=2696 team=RED seed=None dur=600
Map N=15 E=23
N S01:S S02:C S03:P S04:D S05:W S06:M S07:S S08:M S09:S S10:K S11:P S12:J S13:P S14:G S15:F
E S01-S02:30:R S02-S03:25:R S03-S07:54:R S07-S09:46:R S09-S10:40:R S10-S11:36:R S11-S12:20:R S12-S13:25:R S13-S14:18:R S14-S15:10:R S02-S04:20:R S04-S05:44:W S05-S07:46:B S01-S06:44:M S06-S08:54:M S08-S10:46:B S03-S06:38:B S05-S09:48:W S07-S08:42:M S04-S07:54:B S08-S09:64:B S11-S14:15:B S10-S13:27:B
F r1 n=S01 st=IDLE ph=NORMAL gf=100 ts=0 on=S01 ots=0
A r1 CLEAR target=S06 fresh=100
A r1 SQUAD_CLEAR target=S08 fresh=100
F r2 st=PROCESSING
F r7 st=IDLE gf=99
A r7 MOVE target=S06 fresh=99.7
F r8 st=MOVING
F r86 n=S06 st=IDLE
A r86 CLAIM_RESOURCE target=S06 res=ICE_BOX fresh=94.17
A r86 SQUAD_CLEAR target=S10 fresh=94.17
F r87 st=PROCESSING
F r88 st=IDLE
A r88 MOVE target=S08 fresh=94.07
F r89 st=MOVING
F r92 on=S06
F r110 w=HOT
F r134 gf=98 fr90 ofr90
F r185 n=S08 st=IDLE
A r185 CLAIM_TASK task=T_003 fresh=85.08
F r186 st=PROCESSING
F r189 st=IDLE ts=30 on=S08
A r189 CLAIM_TASK task=T_005 fresh=84.88
F r190 st=CONTESTING
A r190 WINDOW_CARD contest=C_189_001 type=TASK card=BING_ZHENG fresh=84.83
F r193 st=RESTING
F r196 st=IDLE
A r196 CLAIM_TASK task=T_005 fresh=84.53
F r197 st=PROCESSING
F r200 st=IDLE ts=60
A r200 MOVE target=S10 fresh=84.33
F r201 st=MOVING
F r220 w=HEAVY_RAIN
F r269 on=S10
F r270 ofr80
F r272 n=S10 st=IDLE
A r272 CLAIM_TASK task=T_009 fresh=80.01
F r273 st=PROCESSING gf=97 fr80
F r276 st=IDLE ts=90
A r276 CLAIM_TASK task=T_012 fresh=79.81
F r277 st=WAITING
ModeChange r277 EVEN->CONSERVATIVE reason=gap_above_threshold gap=None
A r277 CLAIM_TASK task=T_013 fresh=79.76
F r278 st=PROCESSING ots=30
F r281 st=IDLE ts=120
A r281 MOVE target=S13 fresh=79.56
F r282 st=MOVING
F r321 on=S13
F r323 n=S13 st=IDLE
A r323 USE_RESOURCE res=ICE_BOX fresh=77.04
A r323 SQUAD_SCOUT target=S14 fresh=77.04
A r324 PROCESS fresh=86.99
F r325 st=WAITING
REJ r277 x1 OBJECT_BUSY CLAIM_TASK None
F r327 st=PROCESSING
F r330 w=HOT
F r331 st=IDLE
A r331 MOVE target=S14 fresh=86.62
F r332 st=MOVING
F r351 on=S14
F r356 n=S14 st=IDLE
F r357 st=WAITING
F r390 ph=RUSH
A r390 RUSH_PROTECT fresh=82.2
A r391 VERIFY_GATE fresh=82.19
F r392 st=VERIFYING
F r397 st=IDLE vfy=1
A r397 MOVE target=S15 fresh=82.13
F r398 st=MOVING
F r411 n=S15 st=IDLE
A r411 DELIVER fresh=81.99
F r412 st=DELIVERED del=1
F r417 on=S15
REJ r325 x2 OBJECT_BUSY PROCESS None
Traj fstart=100 fmin=77.04 fend=81.99 gstart=100 gend=97 onode=S15 ofend=70.65 ogend=95
Proj my=752 oppDel=417 gap=257 mode=CONSERVATIVE
Conf min=0.300 med=0.490 max=0.680
MidGap=239
Over result=NORMAL reason=ALL_DELIVERED round=417 winner=2696 iWon=True
Score me total=753 del=True dframe=411 fresh=81.99 good=97 task=120 bounty=0 det=[bounty=0|delivery=240|freshness=147|goodFruit=174|penalty=0|tasks=170|time=22|total=753]
Score opp total=495 del=True dframe=417 fresh=70.65 good=95 task=30 bounty=0 det=[bounty=0|delivery=160|freshness=127|goodFruit=171|penalty=0|tasks=30|time=7|total=495]
