# match_20260705_034232_584_2696_vs_2943_72e48edd v=iter31 pid=2696 team=RED seed=None dur=600
Map N=15 E=23
N S01:S S02:C S03:P S04:D S05:W S06:M S07:S S08:M S09:S S10:K S11:P S12:J S13:P S14:G S15:F
E S01-S02:30:R S02-S03:25:R S03-S07:54:R S07-S09:46:R S09-S10:40:R S10-S11:36:R S11-S12:20:R S12-S13:25:R S13-S14:18:R S14-S15:10:R S02-S04:20:R S04-S05:44:W S05-S07:46:B S01-S06:44:M S06-S08:54:M S08-S10:46:B S03-S06:38:B S05-S09:48:W S07-S08:42:M S04-S07:54:B S08-S09:64:B S11-S14:15:B S10-S13:27:B
F r1 n=S01 st=IDLE ph=NORMAL gf=100 ts=0 on=S01 ots=0
A r1 CLEAR target=S06 fresh=100
A r1 SQUAD_CLEAR target=S08 fresh=100
F r2 st=PROCESSING
F r7 st=IDLE gf=99
A r7 MOVE target=S06 fresh=99.7
F r8 st=MOVING
F r43 on=S02
F r82 on=S03
F r86 n=S06 st=IDLE w=HOT
A r86 CLAIM_RESOURCE target=S06 res=ICE_BOX fresh=94.17
F r87 st=PROCESSING
F r88 st=IDLE
A r88 MOVE target=S08 fresh=94.02
F r89 st=MOVING
F r126 gf=98 fr90
F r156 ofr90
F r159 on=S07
F r165 ots=30
F r169 ots=60
F r185 n=S08 st=IDLE
A r185 CLAIM_TASK task=T_003 fresh=85.07
F r186 st=PROCESSING
F r189 st=IDLE ts=30
A r189 CLAIM_TASK task=T_005 fresh=84.87
F r190 st=PROCESSING
F r193 st=IDLE ts=60
A r193 CLAIM_TASK task=T_009 fresh=84.67
F r194 st=PROCESSING
F r197 st=IDLE ts=90
A r197 CLAIM_RESOURCE target=S08 res=SHORT_HORSE fresh=84.47
F r198 st=PROCESSING
F r199 st=IDLE
A r199 MOVE target=S10 fresh=84.37
F r200 st=MOVING
A r200 USE_RESOURCE res=SHORT_HORSE fresh=84.31
A r201 MOVE target=S10 fresh=84.25
F r236 on=S09
F r237 w=HEAVY_RAIN
F r243 ots=75
F r269 n=S10 st=IDLE
A r269 CLAIM_TASK task=T_008 fresh=80.17
F r270 st=PROCESSING
F r273 st=IDLE gf=97 ts=120 fr80
A r273 CLAIM_TASK task=T_013 fresh=79.97
F r274 st=PROCESSING
F r277 st=IDLE ts=150
ModeChange r277 EVEN->CONSERVATIVE reason=gap_above_threshold gap=None
A r277 MOVE target=S13 fresh=79.77
F r278 st=MOVING
F r319 n=S13 st=IDLE
A r319 USE_RESOURCE res=ICE_BOX fresh=77.25
A r319 SQUAD_SCOUT target=S14 fresh=77.25
A r320 PROCESS fresh=87.2
F r321 st=PROCESSING
F r325 st=IDLE
A r325 MOVE target=S14 fresh=86.95
F r326 st=MOVING
F r334 on=S10
F r338 ots=105
F r343 ofr90
F r347 w=MOUNTAIN_FOG
F r350 n=S14 st=IDLE
F r351 st=WAITING
F r390 ph=RUSH
A r390 RUSH_PROTECT fresh=83.57
A r391 VERIFY_GATE fresh=83.56
F r392 st=VERIFYING
F r397 st=IDLE vfy=1
A r397 MOVE target=S15 fresh=83.5
F r398 st=MOVING on=S11
ModeChange r402 CONSERVATIVE->EVEN reason=gap_within_band gap=None
F r411 n=S15 st=IDLE
A r411 DELIVER fresh=83.36
F r412 st=DELIVERED del=1
F r427 on=S14
F r447 on=S15
Traj fstart=100 fmin=77.25 fend=83.36 gstart=100 gend=97 onode=S15 ofend=95.63 ogend=99
Proj my=761 oppDel=447 gap=14 mode=EVEN
Conf min=0.300 med=0.510 max=0.710
MidGap=99
Over result=NORMAL reason=ALL_DELIVERED round=447 winner=2696 iWon=True
Score me total=766 del=True dframe=411 fresh=83.36 good=97 task=150 bounty=0 det=[bounty=0|delivery=240|freshness=150|goodFruit=174|penalty=0|tasks=180|time=22|total=766]
Score opp total=747 del=True dframe=447 fresh=95.63 good=99 task=105 bounty=0 det=[bounty=0|delivery=240|freshness=172|goodFruit=178|penalty=0|tasks=140|time=17|total=747]
