# match_20260704_160352_074_2696_vs_2735_e22a15cc v=iter25 pid=2696 team=RED seed=None dur=600
Map N=15 E=21
N S01:S S02:C S03:P S04:D S05:W S06:M S07:S S08:M S09:S S10:K S11:P S12:J S13:P S14:G S15:F
E S01-S02:30:R S02-S03:25:R S03-S07:54:R S07-S09:46:R S09-S10:40:R S10-S11:36:R S11-S12:20:R S12-S13:25:R S13-S14:18:R S14-S15:10:R S02-S04:20:R S04-S05:44:W S05-S07:46:B S01-S06:44:M S06-S08:54:M S08-S10:46:B S03-S06:38:B S05-S09:48:W S07-S08:42:M S04-S07:54:B S08-S09:64:B
F r1 n=S01 st=IDLE ph=NORMAL gf=100 ts=0 on=S01 ots=0
A r1 CLEAR target=S06 fresh=100
A r1 SQUAD_CLEAR target=S08 fresh=100
F r2 st=PROCESSING
F r7 st=IDLE gf=99
A r7 MOVE target=S06 fresh=99.7
F r8 st=MOVING
F r43 on=S02
F r73 on=S04
F r75 ots=30
F r83 w=HOT
F r86 n=S06 st=IDLE
A r86 CLAIM_RESOURCE target=S06 res=ICE_BOX fresh=94.05
A r86 SQUAD_CLEAR target=S10 fresh=94.05
F r87 st=PROCESSING
F r88 st=IDLE
A r88 MOVE target=S08 fresh=93.91
F r89 st=MOVING
F r125 gf=98 fr90
F r139 on=S05
F r175 ofr90
F r185 n=S08 st=IDLE
A r185 CLAIM_TASK task=T_003 fresh=85.08
A r185 SQUAD_CLEAR target=S11 fresh=85.08
F r186 st=PROCESSING
F r189 st=IDLE ts=30
A r189 CLAIM_TASK task=T_005 fresh=84.88
F r190 st=PROCESSING
F r193 st=IDLE ts=60
A r193 CLAIM_RESOURCE target=S08 res=SHORT_HORSE fresh=84.68
F r194 st=PROCESSING
F r195 st=IDLE
A r195 MOVE target=S10 fresh=84.58
F r196 st=MOVING
A r196 USE_RESOURCE res=SHORT_HORSE fresh=84.52
A r197 MOVE target=S10 fresh=84.46
F r202 on=S09
F r234 w=HEAVY_RAIN
F r257 on=S10
F r274 gf=97 fr80
ModeChange r277 EVEN->CONSERVATIVE reason=gap_above_threshold gap=None
F r311 on=S11
F r344 on=S12 w=MOUNTAIN_FOG
F r363 ofr80
ModeChange r365 CONSERVATIVE->AGGRESSIVE reason=gap_below_threshold gap=None
F r379 on=S13
F r409 ph=RUSH on=S14
F r427 on=S15
F r454 w=HOT
F r468 gf=96 fr70
F r489 n=S10 st=IDLE
A r489 USE_RESOURCE res=ICE_BOX fresh=68.37
A r490 RUSH_SPEED fresh=78.3
CAB r490 x1 DETOUR_TASK time S11
CAB r490 x1 DETOUR_TASK time S12
CAB r490 x1 DETOUR_TASK time S11
CAB r490 x1 DETOUR_TASK time S13
CAB r490 x1 DETOUR_TASK time S11
F r491 st=WAITING gf=94
A r491 MOVE target=S11 fresh=78.21
CAB r490 x1 DETOUR_TASK time S12
CAB r491 x1 DETOUR_TASK time S11
CAB r491 x1 DETOUR_TASK time S12
CAB r491 x1 DETOUR_TASK time S11
CAB r491 x1 DETOUR_TASK time S13
CAB r491 x1 DETOUR_TASK time S11
F r492 st=MOVING
F r537 n=S11 st=IDLE
A r537 PROCESS fresh=74.82
F r538 st=PROCESSING
F r542 st=IDLE
A r542 MOVE target=S12 fresh=74.57
F r543 st=MOVING
F r570 n=S12 st=IDLE
A r570 MOVE target=S13 fresh=73.01
CAB r491 x2 DETOUR_TASK time S12
F r571 st=MOVING
REJ r262 x224 MOVE_BLOCKED_BY_GUARD MOVE S10
CAB r570 x1 DETOUR_TASK time S11
Traj fstart=100 fmin=68.37 fend=71.35 gstart=100 gend=94 onode=S15 ofend=76.33 ogend=93
Proj my=60 oppDel=600 gap=-434 mode=AGGRESSIVE
Conf min=0.300 med=0.575 max=0.850
MidGap=68
Over result=NORMAL reason=TIME_LIMIT round=600 winner=2735 iWon=False
Score me total=60 del=False dframe=0 fresh=71.29 good=94 task=60 bounty=0
Score opp total=500 del=True dframe=427 fresh=76.33 good=93 task=30 bounty=0
