# match_20260704_155006_495_2809_vs_2696_cb80fa89 v=iter25 pid=2696 team=BLUE seed=None dur=600
Map N=15 E=21
N S01:S S02:C S03:P S04:D S05:W S06:M S07:S S08:M S09:S S10:K S11:P S12:J S13:P S14:G S15:F
E S01-S02:30:R S02-S03:25:R S03-S07:54:R S07-S09:46:R S09-S10:40:R S10-S11:36:R S11-S12:20:R S12-S13:25:R S13-S14:18:R S14-S15:10:R S02-S04:20:R S04-S05:44:W S05-S07:46:B S01-S06:44:M S06-S08:54:M S08-S10:46:B S03-S06:38:B S05-S09:48:W S07-S08:42:M S04-S07:54:B S08-S09:64:B
F r1 n=S01 st=IDLE ph=NORMAL gf=100 ts=0 on=S01 ots=0
A r1 CLEAR target=S06 fresh=100
A r1 SQUAD_CLEAR target=S08 fresh=100
F r2 st=PROCESSING
F r7 st=IDLE gf=99
A r7 MOVE target=S06 fresh=99.7
F r8 st=MOVING
F r81 w=HOT
F r86 n=S06 st=IDLE
A r86 CLAIM_RESOURCE target=S06 res=ICE_BOX fresh=93.99
A r86 SQUAD_CLEAR target=S10 fresh=93.99
F r87 st=PROCESSING
F r88 st=IDLE
A r88 MOVE target=S08 fresh=93.84
F r89 st=MOVING
F r92 on=S06
F r124 gf=98 fr90 ofr90
F r185 n=S08 st=IDLE
A r185 CLAIM_TASK task=T_003 fresh=85.08
A r185 SQUAD_CLEAR target=S11 fresh=85.08
F r186 st=PROCESSING
F r189 st=IDLE ts=30 on=S08
A r189 CLAIM_TASK task=T_005 fresh=84.88
F r190 st=CONTESTING
A r190 WINDOW_CARD contest=C_189_001 type=TASK card=BING_ZHENG fresh=84.83
F r193 st=RESTING
F r196 st=IDLE
A r196 CLAIM_TASK task=T_005 fresh=84.53
F r197 st=PROCESSING
F r200 st=IDLE ts=60
A r200 MOVE target=S10 fresh=84.33
F r201 st=MOVING
F r232 w=HEAVY_RAIN
F r269 on=S10
F r270 ofr80
F r272 n=S10 st=IDLE
A r272 CLAIM_TASK task=T_009 fresh=80.01
F r273 st=PROCESSING gf=97 fr80
F r276 st=IDLE ts=90
A r276 CLAIM_TASK task=T_012 fresh=79.81
F r277 st=WAITING
ModeChange r277 EVEN->CONSERVATIVE reason=gap_above_threshold gap=None
A r277 CLAIM_TASK task=T_013 fresh=79.76
F r278 st=PROCESSING ots=30
F r281 st=IDLE ts=120
A r281 MOVE target=S11 fresh=79.56
F r282 st=MOVING
F r329 on=S11
F r331 n=S11 st=IDLE
A r331 USE_RESOURCE res=ICE_BOX fresh=76.79
A r332 PROCESS fresh=86.74
F r333 st=WAITING
REJ r277 x1 OBJECT_BUSY CLAIM_TASK None
F r335 st=PROCESSING
F r338 ots=60
F r339 st=IDLE
A r339 CLAIM_TASK task=T_015 fresh=86.39
F r340 st=WAITING
A r340 MOVE target=S12 fresh=86.34
REJ r333 x2 OBJECT_BUSY PROCESS None
F r341 st=MOVING
F r342 ots=90 w=MOUNTAIN_FOG
F r368 n=S12 st=IDLE
A r368 CLAIM_TASK task=T_017 fresh=84.79
F r369 st=PROCESSING
F r370 on=S12
F r373 st=IDLE ts=135
A r373 MOVE target=S13 fresh=84.54
F r374 st=MOVING
F r406 on=S13
F r408 n=S13 st=IDLE
A r408 PROCESS fresh=82.6
A r408 SQUAD_SCOUT target=S14 fresh=82.6
F r409 st=WAITING
A r409 PROCESS fresh=82.55
REJ r340 x1 OBJECT_BUSY CLAIM_TASK None
F r412 st=PROCESSING
F r416 st=IDLE ots=105
A r416 MOVE target=S14 fresh=82.2
F r417 st=MOVING
F r441 n=S14 st=IDLE ph=RUSH on=S14
A r441 RUSH_PROTECT fresh=80.82
F r442 st=WAITING
A r442 VERIFY_GATE fresh=80.81
F r443 st=VERIFYING
F r445 st=IDLE vfy=1
A r445 MOVE target=S15 fresh=80.78
F r446 st=MOVING
F r452 w=HOT
F r459 n=S15 st=IDLE
A r459 DELIVER fresh=80.57
F r460 st=DELIVERED del=1
F r465 on=S15
REJ r409 x3 OBJECT_BUSY PROCESS None
Traj fstart=100 fmin=76.79 fend=80.57 gstart=100 gend=97 onode=S15 ofend=70.28 ogend=95
Proj my=754 oppDel=465 gap=62 mode=CONSERVATIVE
Conf min=0.300 med=0.510 max=0.730
MidGap=233
Over result=NORMAL reason=ALL_DELIVERED round=465 winner=2696 iWon=True
Score me total=755 del=True dframe=459 fresh=80.57 good=97 task=135 bounty=0
Score opp total=692 del=True dframe=465 fresh=70.28 good=95 task=105 bounty=0
