# match_20260705_033026_049_2696_vs_2884_d028e61d v=iter31 pid=2696 team=RED seed=None dur=600
Map N=15 E=23
N S01:S S02:C S03:P S04:D S05:W S06:M S07:S S08:M S09:S S10:K S11:P S12:J S13:P S14:G S15:F
E S01-S02:30:R S02-S03:25:R S03-S07:54:R S07-S09:46:R S09-S10:40:R S10-S11:36:R S11-S12:20:R S12-S13:25:R S13-S14:18:R S14-S15:10:R S02-S04:20:R S04-S05:44:W S05-S07:46:B S01-S06:44:M S06-S08:54:M S08-S10:46:B S03-S06:38:B S05-S09:48:W S07-S08:42:M S04-S07:54:B S08-S09:64:B S11-S14:15:B S10-S13:27:B
F r1 n=S01 st=IDLE ph=NORMAL gf=100 ts=0 on=S01 ots=0
A r1 CLEAR target=S06 fresh=100
A r1 SQUAD_CLEAR target=S08 fresh=100
F r2 st=PROCESSING
F r7 st=IDLE gf=99
A r7 MOVE target=S06 fresh=99.7
F r8 st=MOVING
F r43 on=S02
F r75 on=S04
F r86 n=S06 st=IDLE ots=30
A r86 CLAIM_RESOURCE target=S06 res=ICE_BOX fresh=94.17
F r87 st=PROCESSING
F r88 st=IDLE
A r88 MOVE target=S08 fresh=94.07
F r89 st=MOVING
F r97 w=HOT
F r130 gf=98 fr90
F r147 on=S05
F r174 ofr90
F r185 n=S08 st=IDLE
A r185 CLAIM_TASK task=T_003 fresh=85.06
F r186 st=PROCESSING
F r189 st=IDLE ts=30
A r189 CLAIM_TASK task=T_005 fresh=84.86
F r190 st=PROCESSING
F r193 st=IDLE ts=60
A r193 CLAIM_RESOURCE target=S08 res=SHORT_HORSE fresh=84.66
F r194 st=PROCESSING
F r195 st=IDLE
A r195 MOVE target=S10 fresh=84.56
F r196 st=MOVING
A r196 USE_RESOURCE res=SHORT_HORSE fresh=84.5
A r197 MOVE target=S10 fresh=84.44
F r207 w=HEAVY_RAIN
F r213 on=S09
F r265 n=S10 st=IDLE
A r265 CLAIM_TASK task=T_006 fresh=80.36
F r266 st=PROCESSING
F r269 st=IDLE ts=90
A r269 CLAIM_TASK task=T_008 fresh=80.16
F r270 st=PROCESSING
F r271 on=S10
F r273 st=IDLE gf=97 ts=120 fr80
A r273 CLAIM_TASK task=T_010 fresh=79.96
F r274 st=PROCESSING
F r277 st=IDLE ts=150
ModeChange r277 EVEN->CONSERVATIVE reason=gap_above_threshold gap=None
A r277 MOVE target=S13 fresh=79.76
F r278 st=MOVING
F r314 on=S13
F r319 n=S13 st=IDLE
A r319 USE_RESOURCE res=ICE_BOX fresh=77.24
A r319 SQUAD_SCOUT target=S14 fresh=77.24
A r320 PROCESS fresh=87.19
F r321 st=PROCESSING
F r325 st=IDLE
A r325 MOVE target=S14 fresh=86.94
F r326 st=MOVING
F r344 on=S14
F r350 n=S14 st=IDLE
F r351 st=WAITING
F r358 w=HOT
F r362 ofr80
F r390 ph=RUSH
A r390 RUSH_PROTECT fresh=82.84
A r391 VERIFY_GATE fresh=82.83
F r397 st=VERIFYING
F r402 st=IDLE vfy=1
A r402 MOVE target=S15 fresh=82.71
F r403 st=MOVING
F r410 on=S15
F r416 n=S15 st=IDLE
A r416 DELIVER fresh=82.43
REJ r392 x5 OBJECT_BUSY VERIFY_GATE None
Traj fstart=100 fmin=77.24 fend=82.43 gstart=100 gend=97 onode=S15 ofend=76.4 ogend=98
Proj my=763 oppDel=416 gap=253 mode=CONSERVATIVE
Conf min=0.300 med=0.490 max=0.680
MidGap=235
Over result=NORMAL reason=ALL_DELIVERED round=416 winner=2696 iWon=True
Score me total=763 del=True dframe=416 fresh=82.43 good=97 task=150 bounty=0 det=[bounty=0|delivery=240|freshness=148|goodFruit=174|penalty=0|tasks=180|time=21|total=763]
Score opp total=510 del=True dframe=410 fresh=76.4 good=98 task=30 bounty=0 det=[bounty=0|delivery=160|freshness=137|goodFruit=176|penalty=0|tasks=30|time=7|total=510]
