# match_20260705_051135_263_2714_vs_2696_eb968e85 v=iter31 pid=2696 team=BLUE seed=None dur=600
Map N=15 E=23
N S01:S S02:C S03:P S04:D S05:W S06:M S07:S S08:M S09:S S10:K S11:P S12:J S13:P S14:G S15:F
E S01-S02:30:R S02-S03:25:R S03-S07:54:R S07-S09:46:R S09-S10:40:R S10-S11:36:R S11-S12:20:R S12-S13:25:R S13-S14:18:R S14-S15:10:R S02-S04:20:R S04-S05:44:W S05-S07:46:B S01-S06:44:M S06-S08:54:M S08-S10:46:B S03-S06:38:B S05-S09:48:W S07-S08:42:M S04-S07:54:B S08-S09:64:B S11-S14:15:B S10-S13:27:B
F r1 n=S01 st=IDLE ph=NORMAL gf=100 ts=0 on=S01 ots=0
A r1 CLEAR target=S06 fresh=100
A r1 SQUAD_CLEAR target=S08 fresh=100
F r2 st=PROCESSING
F r7 st=IDLE gf=99
A r7 MOVE target=S06 fresh=99.7
F r8 st=MOVING
F r43 on=S02
F r75 on=S04
F r79 ots=30
F r86 n=S06 st=IDLE
A r86 CLAIM_RESOURCE target=S06 res=ICE_BOX fresh=94.17
A r86 SQUAD_CLEAR target=S10 fresh=94.17
F r87 st=PROCESSING
F r88 st=IDLE
A r88 MOVE target=S08 fresh=94.07
F r89 st=MOVING
F r120 w=HOT
F r138 gf=98 fr90
F r141 on=S05
F r177 ofr90
F r185 n=S08 st=IDLE
A r185 CLAIM_TASK task=T_003 fresh=85.06
F r186 st=PROCESSING
F r189 st=IDLE ts=30
A r189 CLAIM_TASK task=T_005 fresh=84.86
F r190 st=PROCESSING
F r193 st=IDLE ts=60
A r193 CLAIM_RESOURCE target=S08 res=SHORT_HORSE fresh=84.66
F r194 st=PROCESSING
F r195 st=IDLE
A r195 MOVE target=S10 fresh=84.56
F r196 st=MOVING
A r196 USE_RESOURCE res=SHORT_HORSE fresh=84.5
A r197 MOVE target=S10 fresh=84.44
F r207 on=S09
F r230 w=HEAVY_RAIN
F r263 on=S10
F r265 n=S10 st=IDLE
A r265 CLAIM_TASK task=T_006 fresh=80.36
F r266 st=WAITING
A r266 CLAIM_TASK task=T_008 fresh=80.31
F r267 st=PROCESSING ots=60
F r270 st=IDLE ts=90
A r270 CLAIM_TASK task=T_010 fresh=80.11
F r271 st=WAITING
A r271 CLAIM_TASK task=T_011 fresh=80.06
F r272 st=PROCESSING ots=90
F r273 gf=97 fr80
F r275 st=IDLE ts=120
A r275 CLAIM_TASK task=T_013 fresh=79.86
F r276 st=WAITING
A r276 MOVE target=S13 fresh=79.81
F r277 st=MOVING ots=120
F r318 n=S13 st=IDLE
A r318 USE_RESOURCE res=ICE_BOX fresh=77.29
A r318 SQUAD_SCOUT target=S14 fresh=77.29
A r319 PROCESS fresh=87.24
F r320 st=PROCESSING
F r324 st=IDLE
A r324 MOVE target=S14 fresh=86.99
F r325 st=MOVING
F r334 on=S11
F r338 ots=150
F r340 w=MOUNTAIN_FOG
F r342 ots=180
F r349 n=S14 st=IDLE
F r350 st=WAITING
F r367 ofr80
F r375 on=S12
F r390 ph=RUSH
A r390 RUSH_PROTECT fresh=83.55
A r391 VERIFY_GATE fresh=83.54
F r392 st=VERIFYING
F r397 st=IDLE vfy=1
A r397 MOVE target=S15 fresh=83.48
F r398 st=MOVING
F r410 on=S13
F r411 n=S15 st=IDLE
A r411 DELIVER fresh=83.34
F r412 st=DELIVERED del=1
F r444 on=S14
F r450 w=HOT
F r461 on=S15
REJ r266 x3 OBJECT_BUSY CLAIM_TASK None
Traj fstart=100 fmin=77.29 fend=83.34 gstart=100 gend=97 onode=S15 ofend=74.55 ogend=98
Proj my=750 oppDel=461 gap=4 mode=EVEN
Conf min=0.300 med=0.510 max=0.720
MidGap=-11
Over result=NORMAL reason=ALL_DELIVERED round=461 winner=2696 iWon=True
Score me total=756 del=True dframe=411 fresh=83.34 good=97 task=120 bounty=0 det=[bounty=0|delivery=240|freshness=150|goodFruit=174|penalty=0|tasks=170|time=22|total=756]
Score opp total=746 del=True dframe=461 fresh=74.55 good=98 task=180 bounty=0 det=[bounty=0|delivery=240|freshness=134|goodFruit=176|penalty=0|tasks=180|time=16|total=746]
