# match_20260705_134007_020_2718_vs_2696_7371e3f5 v=iter36 pid=2696 team=BLUE seed=None dur=600
Map N=15 E=23
N S01:S S02:C S03:P S04:D S05:W S06:M S07:S S08:M S09:S S10:K S11:P S12:J S13:P S14:G S15:F
E S01-S02:30:R S02-S03:25:R S03-S07:54:R S07-S09:46:R S09-S10:40:R S10-S11:36:R S11-S12:20:R S12-S13:25:R S13-S14:18:R S14-S15:10:R S02-S04:20:R S04-S05:44:W S05-S07:46:B S01-S06:44:M S06-S08:54:M S08-S10:46:B S03-S06:38:B S05-S09:48:W S07-S08:42:M S04-S07:54:B S08-S09:64:B S11-S14:15:B S10-S13:27:B
F r1 n=S01 st=IDLE ph=NORMAL gf=100 ts=0 on=S01 ots=0
A r1 CLEAR target=S06 fresh=100
A r1 SQUAD_CLEAR target=S08 fresh=100
F r2 st=PROCESSING
F r7 st=IDLE gf=99
A r7 MOVE target=S06 fresh=99.7
F r8 st=MOVING
F r43 on=S02
F r80 on=S03
F r85 ots=30
F r86 n=S06 st=IDLE
A r86 CLAIM_RESOURCE target=S06 res=ICE_BOX fresh=94.17
F r87 st=PROCESSING
F r88 st=IDLE w=HOT
A r88 MOVE target=S08 fresh=94.07
F r89 st=MOVING
F r126 gf=98 fr90
F r156 ofr90
F r160 on=S07
F r169 ots=60
F r173 ots=90
F r185 n=S08 st=IDLE
A r185 USE_RESOURCE res=ICE_BOX fresh=85.04
A r186 CLAIM_TASK task=T_003 fresh=94.99
F r187 st=PROCESSING
F r190 st=IDLE ts=30
A r190 CLAIM_TASK task=T_005 fresh=94.79
F r191 st=PROCESSING
F r194 st=IDLE ts=60
A r194 CLAIM_TASK task=T_009 fresh=94.59
F r195 st=PROCESSING
F r198 st=IDLE ts=90
A r198 CLAIM_RESOURCE target=S08 res=SHORT_HORSE fresh=94.39
F r199 st=PROCESSING
F r200 st=IDLE
A r200 MOVE target=S10 fresh=94.29
F r201 st=MOVING
A r201 USE_RESOURCE res=SHORT_HORSE fresh=94.23
A r202 MOVE target=S10 fresh=94.17
F r235 on=S09
F r239 w=MOUNTAIN_FOG
F r242 ots=105
F r270 n=S10 st=IDLE
A r270 CLAIM_TASK task=T_008 fresh=90.09
F r271 st=PROCESSING
F r272 fr90
F r274 st=IDLE ts=120
A r274 CLAIM_TASK task=T_011 fresh=89.89
F r275 st=PROCESSING
F r278 st=IDLE ts=150
A r278 MOVE target=S13 fresh=89.69
F r279 st=MOVING
ModeChange r282 EVEN->CONSERVATIVE reason=gap_above_threshold gap=None
F r294 on=S10
ModeChange r298 CONSERVATIVE->EVEN reason=gap_within_band gap=None
F r299 ots=135
F r320 n=S13 st=IDLE
A r320 PROCESS fresh=87.17
A r320 SQUAD_SCOUT target=S14 fresh=87.17
F r321 st=PROCESSING
F r325 st=IDLE
A r325 MOVE target=S14 fresh=86.92
F r326 st=MOVING
F r341 on=S13
F r349 w=HEAVY_RAIN
F r350 n=S14 st=IDLE
F r351 st=WAITING
F r372 on=S14
F r390 ph=RUSH
A r390 RUSH_PROTECT fresh=83.54
A r391 VERIFY_GATE fresh=83.53
F r392 st=VERIFYING
F r397 st=IDLE vfy=1
A r397 MOVE target=S15 fresh=83.47
F r398 st=MOVING
F r411 n=S15 st=IDLE
A r411 DELIVER fresh=83.33
F r412 st=DELIVERED del=1
F r459 w=HOT
F r476 ofr90
ModeChange r585 EVEN->CONSERVATIVE reason=gap_above_threshold gap=None
Traj fstart=100 fmin=83.33 fend=83.33 gstart=100 gend=98 onode=S14 ofend=82.86 ogend=97
Proj my=745 oppDel=620 gap=665 mode=CONSERVATIVE
Conf min=0.300 med=0.575 max=0.850
MidGap=-22
Over result=NORMAL reason=TIME_LIMIT round=600 winner=2696 iWon=True
Score me total=767 del=True dframe=411 fresh=83.33 good=98 task=150 bounty=0 det=[bounty=0|delivery=240|freshness=149|goodFruit=176|penalty=0|tasks=180|time=22|total=767]
Score opp total=80 del=False dframe=0 fresh=82.81 good=97 task=135 bounty=0 det=[bounty=0|delivery=0|freshness=0|goodFruit=0|penalty=0|tasks=80|time=0|total=80]
