# match_20260705_130756_854_2696_vs_2743_71b3cd25 v=iter36 pid=2696 team=RED seed=None dur=600
Map N=15 E=23
N S01:S S02:C S03:P S04:D S05:W S06:M S07:S S08:M S09:S S10:K S11:P S12:J S13:P S14:G S15:F
E S01-S02:30:R S02-S03:25:R S03-S07:54:R S07-S09:46:R S09-S10:40:R S10-S11:36:R S11-S12:20:R S12-S13:25:R S13-S14:18:R S14-S15:10:R S02-S04:20:R S04-S05:44:W S05-S07:46:B S01-S06:44:M S06-S08:54:M S08-S10:46:B S03-S06:38:B S05-S09:48:W S07-S08:42:M S04-S07:54:B S08-S09:64:B S11-S14:15:B S10-S13:27:B
F r1 n=S01 st=IDLE ph=NORMAL gf=100 ts=0 on=S01 ots=0
A r1 CLEAR target=S06 fresh=100
A r1 SQUAD_CLEAR target=S08 fresh=100
F r2 st=PROCESSING
F r7 st=IDLE gf=99
A r7 MOVE target=S06 fresh=99.7
F r8 st=MOVING
F r43 on=S02
F r75 on=S04
F r86 n=S06 st=IDLE
A r86 CLAIM_RESOURCE target=S06 res=ICE_BOX fresh=94.17
A r86 SQUAD_CLEAR target=S10 fresh=94.17
F r87 st=PROCESSING
F r88 st=IDLE
A r88 MOVE target=S08 fresh=94.07
F r89 st=MOVING
F r98 w=HOT
F r130 gf=98 fr90
F r137 on=S05
F r176 ofr90
F r185 n=S08 st=IDLE
A r185 USE_RESOURCE res=ICE_BOX fresh=85.06
A r186 CLAIM_TASK task=T_003 fresh=95.01
F r187 st=PROCESSING
F r190 st=IDLE ts=30
A r190 CLAIM_TASK task=T_005 fresh=94.81
F r191 st=PROCESSING
F r194 st=IDLE ts=60
A r194 CLAIM_RESOURCE target=S08 res=SHORT_HORSE fresh=94.61
F r195 st=PROCESSING
F r196 st=IDLE
A r196 MOVE target=S10 fresh=94.51
F r197 st=MOVING
A r197 USE_RESOURCE res=SHORT_HORSE fresh=94.45
A r198 MOVE target=S10 fresh=94.39
F r203 on=S09
F r208 w=HEAVY_RAIN
F r259 on=S10
A r263 BREAK_GUARD target=S10 good=2 fresh=90.49
F r264 st=WAITING
A r264 FORCED_PASS target=S10 fresh=90.44
A r265 MOVE target=S10 fresh=90.39
REJ r264 x1 MOVING_ACTION_FORBIDDEN BREAK_GUARD S10
REJ r265 x1 MOVING_ACTION_FORBIDDEN FORCED_PASS S10
A r272 BREAK_GUARD target=S10 good=2 fresh=90.04
F r273 fr90
A r273 FORCED_PASS target=S10 fresh=89.99
REJ r266 x7 MOVE_BLOCKED_BY_GUARD MOVE S10
A r274 MOVE target=S10 fresh=89.94
REJ r273 x1 MOVING_ACTION_FORBIDDEN BREAK_GUARD S10
REJ r274 x1 MOVING_ACTION_FORBIDDEN FORCED_PASS S10
ModeChange r277 EVEN->CONSERVATIVE reason=gap_above_threshold gap=None
A r281 BREAK_GUARD target=S10 good=2 fresh=89.59
A r282 FORCED_PASS target=S10 fresh=89.54
REJ r275 x7 MOVE_BLOCKED_BY_GUARD MOVE S10
A r283 MOVE target=S10 fresh=89.49
REJ r282 x1 MOVING_ACTION_FORBIDDEN BREAK_GUARD S10
REJ r283 x1 MOVING_ACTION_FORBIDDEN FORCED_PASS S10
A r290 BREAK_GUARD target=S10 good=2 fresh=89.14
A r291 FORCED_PASS target=S10 fresh=89.09
REJ r284 x7 MOVE_BLOCKED_BY_GUARD MOVE S10
A r292 MOVE target=S10 fresh=89.04
REJ r291 x1 MOVING_ACTION_FORBIDDEN BREAK_GUARD S10
REJ r292 x1 MOVING_ACTION_FORBIDDEN FORCED_PASS S10
A r299 BREAK_GUARD target=S10 good=2 fresh=88.69
A r300 FORCED_PASS target=S10 fresh=88.64
REJ r293 x7 MOVE_BLOCKED_BY_GUARD MOVE S10
A r301 MOVE target=S10 fresh=88.59
REJ r300 x1 MOVING_ACTION_FORBIDDEN BREAK_GUARD S10
REJ r301 x1 MOVING_ACTION_FORBIDDEN FORCED_PASS S10
A r308 BREAK_GUARD target=S10 good=1 fresh=88.24
A r309 FORCED_PASS target=S10 fresh=88.19
REJ r302 x7 MOVE_BLOCKED_BY_GUARD MOVE S10
A r310 MOVE target=S10 fresh=88.14
REJ r309 x1 MOVING_ACTION_FORBIDDEN BREAK_GUARD S10
REJ r310 x1 MOVING_ACTION_FORBIDDEN FORCED_PASS S10
A r317 BREAK_GUARD target=S10 good=1 fresh=87.79
A r318 FORCED_PASS target=S10 fresh=87.74
REJ r311 x7 MOVE_BLOCKED_BY_GUARD MOVE S10
A r319 MOVE target=S10 fresh=87.69
REJ r318 x1 MOVING_ACTION_FORBIDDEN BREAK_GUARD S10
REJ r319 x1 MOVING_ACTION_FORBIDDEN FORCED_PASS S10
A r326 BREAK_GUARD target=S10 good=1 fresh=87.34
A r327 FORCED_PASS target=S10 fresh=87.29
REJ r320 x7 MOVE_BLOCKED_BY_GUARD MOVE S10
A r328 MOVE target=S10 fresh=87.24
REJ r327 x1 MOVING_ACTION_FORBIDDEN BREAK_GUARD S10
REJ r328 x1 MOVING_ACTION_FORBIDDEN FORCED_PASS S10
A r335 BREAK_GUARD target=S10 good=1 fresh=86.89
A r336 FORCED_PASS target=S10 fresh=86.84
REJ r329 x7 MOVE_BLOCKED_BY_GUARD MOVE S10
A r337 MOVE target=S10 fresh=86.79
REJ r336 x1 MOVING_ACTION_FORBIDDEN BREAK_GUARD S10
REJ r337 x1 MOVING_ACTION_FORBIDDEN FORCED_PASS S10
A r344 BREAK_GUARD target=S10 good=1 fresh=86.44
A r345 FORCED_PASS target=S10 fresh=86.39
REJ r338 x7 MOVE_BLOCKED_BY_GUARD MOVE S10
A r346 MOVE target=S10 fresh=86.34
REJ r345 x1 MOVING_ACTION_FORBIDDEN BREAK_GUARD S10
REJ r346 x1 MOVING_ACTION_FORBIDDEN FORCED_PASS S10
A r353 BREAK_GUARD target=S10 good=1 fresh=85.99
A r354 FORCED_PASS target=S10 fresh=85.94
REJ r347 x7 MOVE_BLOCKED_BY_GUARD MOVE S10
A r355 MOVE target=S10 fresh=85.89
REJ r354 x1 MOVING_ACTION_FORBIDDEN BREAK_GUARD S10
REJ r355 x1 MOVING_ACTION_FORBIDDEN FORCED_PASS S10
F r359 w=MOUNTAIN_FOG
A r362 BREAK_GUARD target=S10 good=1 fresh=85.54
A r363 FORCED_PASS target=S10 fresh=85.49
REJ r356 x7 MOVE_BLOCKED_BY_GUARD MOVE S10
A r364 MOVE target=S10 fresh=85.44
REJ r363 x1 MOVING_ACTION_FORBIDDEN BREAK_GUARD S10
REJ r364 x1 MOVING_ACTION_FORBIDDEN FORCED_PASS S10
A r371 BREAK_GUARD target=S10 good=0 fresh=85.09
A r372 FORCED_PASS target=S10 fresh=85.04
REJ r365 x7 MOVE_BLOCKED_BY_GUARD MOVE S10
A r373 MOVE target=S10 fresh=84.99
REJ r372 x1 MOVING_ACTION_FORBIDDEN BREAK_GUARD S10
F r374 ofr80
REJ r373 x1 MOVING_ACTION_FORBIDDEN FORCED_PASS S10
A r380 BREAK_GUARD target=S10 good=0 fresh=84.64
A r381 FORCED_PASS target=S10 fresh=84.59
REJ r374 x7 MOVE_BLOCKED_BY_GUARD MOVE S10
A r382 MOVE target=S10 fresh=84.54
REJ r381 x1 MOVING_ACTION_FORBIDDEN BREAK_GUARD S10
REJ r382 x1 MOVING_ACTION_FORBIDDEN FORCED_PASS S10
A r389 BREAK_GUARD target=S10 good=0 fresh=84.19
A r390 FORCED_PASS target=S10 fresh=84.14
REJ r383 x7 MOVE_BLOCKED_BY_GUARD MOVE S10
A r391 MOVE target=S10 fresh=84.09
REJ r390 x1 MOVING_ACTION_FORBIDDEN BREAK_GUARD S10
REJ r391 x1 MOVING_ACTION_FORBIDDEN FORCED_PASS S10
A r398 BREAK_GUARD target=S10 good=0 fresh=83.74
A r399 FORCED_PASS target=S10 fresh=83.69
REJ r392 x7 MOVE_BLOCKED_BY_GUARD MOVE S10
A r400 MOVE target=S10 fresh=83.64
REJ r399 x1 MOVING_ACTION_FORBIDDEN BREAK_GUARD S10
REJ r400 x1 MOVING_ACTION_FORBIDDEN FORCED_PASS S10
A r407 BREAK_GUARD target=S10 good=0 fresh=83.29
A r408 FORCED_PASS target=S10 fresh=83.24
REJ r401 x7 MOVE_BLOCKED_BY_GUARD MOVE S10
A r409 MOVE target=S10 fresh=83.19
REJ r408 x1 MOVING_ACTION_FORBIDDEN BREAK_GUARD S10
REJ r409 x1 MOVING_ACTION_FORBIDDEN FORCED_PASS S10
A r416 BREAK_GUARD target=S10 good=0 fresh=82.84
A r417 FORCED_PASS target=S10 fresh=82.79
REJ r410 x7 MOVE_BLOCKED_BY_GUARD MOVE S10
A r418 MOVE target=S10 fresh=82.74
REJ r417 x1 MOVING_ACTION_FORBIDDEN BREAK_GUARD S10
REJ r418 x1 MOVING_ACTION_FORBIDDEN FORCED_PASS S10
A r425 BREAK_GUARD target=S10 good=0 fresh=82.39
A r426 FORCED_PASS target=S10 fresh=82.34
REJ r419 x7 MOVE_BLOCKED_BY_GUARD MOVE S10
A r427 MOVE target=S10 fresh=82.29
REJ r426 x1 MOVING_ACTION_FORBIDDEN BREAK_GUARD S10
REJ r427 x1 MOVING_ACTION_FORBIDDEN FORCED_PASS S10
A r434 BREAK_GUARD target=S10 good=0 fresh=81.94
A r435 FORCED_PASS target=S10 fresh=81.89
REJ r428 x7 MOVE_BLOCKED_BY_GUARD MOVE S10
A r436 MOVE target=S10 fresh=81.84
REJ r435 x1 MOVING_ACTION_FORBIDDEN BREAK_GUARD S10
REJ r436 x1 MOVING_ACTION_FORBIDDEN FORCED_PASS S10
ModeChange r441 CONSERVATIVE->AGGRESSIVE reason=gap_below_threshold gap=None
A r443 BREAK_GUARD target=S10 good=0 fresh=81.49
A r444 FORCED_PASS target=S10 fresh=81.44
REJ r437 x7 MOVE_BLOCKED_BY_GUARD MOVE S10
A r445 MOVE target=S10 fresh=81.39
REJ r444 x1 MOVING_ACTION_FORBIDDEN BREAK_GUARD S10
REJ r445 x1 MOVING_ACTION_FORBIDDEN FORCED_PASS S10
F r450 ph=RUSH
A r452 BREAK_GUARD target=S10 good=0 fresh=81.04
A r453 FORCED_PASS target=S10 fresh=80.99
REJ r446 x7 MOVE_BLOCKED_BY_GUARD MOVE S10
A r454 MOVE target=S10 fresh=80.94
REJ r453 x1 MOVING_ACTION_FORBIDDEN BREAK_GUARD S10
REJ r454 x1 MOVING_ACTION_FORBIDDEN FORCED_PASS S10
F r458 st=MOVING
F r460 n=S10 st=IDLE
A r460 RUSH_SPEED fresh=80.61
F r461 st=WAITING gf=96
A r461 MOVE target=S13 fresh=80.55
F r462 st=MOVING
ModeChange r464 AGGRESSIVE->CONSERVATIVE reason=gap_above_threshold gap=None
F r468 gf=95 fr80
F r469 w=HOT
F r499 n=S13 st=IDLE
A r499 PROCESS fresh=76.79
F r500 st=PROCESSING
F r504 st=IDLE
A r504 MOVE target=S14 fresh=76.44
F r505 st=MOVING
F r526 ofr70
F r529 n=S14 st=IDLE on=S13
A r529 VERIFY_GATE fresh=74.44
F r530 st=VERIFYING
F r535 st=IDLE vfy=1
A r535 MOVE target=S15 fresh=74.14
F r536 st=MOVING
F r549 n=S15 st=IDLE
A r549 DELIVER fresh=73.38
F r550 st=DELIVERED del=1
F r568 on=S14
F r588 on=S15
REJ r455 x3 MOVE_BLOCKED_BY_GUARD MOVE S10
Traj fstart=100 fmin=73.38 fend=73.38 gstart=100 gend=95 onode=S15 ofend=66.43 ogend=91
Proj my=578 oppDel=588 gap=176 mode=CONSERVATIVE
Conf min=0.300 med=0.570 max=0.840
MidGap=169
Over result=NORMAL reason=ALL_DELIVERED round=588 winner=2696 iWon=True
Score me total=581 del=True dframe=549 fresh=73.38 good=95 task=60 bounty=0 det=[bounty=0|delivery=200|freshness=132|goodFruit=171|penalty=0|tasks=75|time=3|total=581]
Score opp total=402 del=True dframe=588 fresh=66.43 good=91 task=0 bounty=0 det=[bounty=0|delivery=120|freshness=119|goodFruit=163|penalty=0|tasks=0|time=0|total=402]
