# match_20260705_134201_798_2749_vs_2696_1e1b5cda v=iter36 pid=2696 team=BLUE seed=None dur=600
Map N=15 E=23
N S01:S S02:C S03:P S04:D S05:W S06:M S07:S S08:M S09:S S10:K S11:P S12:J S13:P S14:G S15:F
E S01-S02:30:R S02-S03:25:R S03-S07:54:R S07-S09:46:R S09-S10:40:R S10-S11:36:R S11-S12:20:R S12-S13:25:R S13-S14:18:R S14-S15:10:R S02-S04:20:R S04-S05:44:W S05-S07:46:B S01-S06:44:M S06-S08:54:M S08-S10:46:B S03-S06:38:B S05-S09:48:W S07-S08:42:M S04-S07:54:B S08-S09:64:B S11-S14:15:B S10-S13:27:B
F r1 n=S01 st=IDLE ph=NORMAL gf=100 ts=0 on=S01 ots=0
A r1 CLEAR target=S06 fresh=100
A r1 SQUAD_CLEAR target=S08 fresh=100
F r2 st=PROCESSING
F r7 st=IDLE gf=99
A r7 MOVE target=S06 fresh=99.7
F r8 st=MOVING
F r43 on=S02
F r73 on=S04
F r86 n=S06 st=IDLE
A r86 CLAIM_RESOURCE target=S06 res=ICE_BOX fresh=94.17
F r87 st=PROCESSING
F r88 st=IDLE
A r88 MOVE target=S08 fresh=94.07
F r89 st=MOVING
F r93 w=HOT
F r128 gf=98 fr90
F r135 on=S05
F r175 ofr90
F r185 n=S08 st=IDLE
A r185 USE_RESOURCE res=ICE_BOX fresh=85.06
A r186 CLAIM_TASK task=T_003 fresh=95.01
F r187 st=PROCESSING
F r190 st=IDLE ts=30
A r190 CLAIM_TASK task=T_005 fresh=94.81
F r191 st=PROCESSING
F r194 st=IDLE ts=60
A r194 CLAIM_RESOURCE target=S08 res=SHORT_HORSE fresh=94.61
F r195 st=PROCESSING
F r196 st=IDLE
A r196 MOVE target=S10 fresh=94.51
F r197 st=MOVING
A r197 USE_RESOURCE res=SHORT_HORSE fresh=94.45
A r198 MOVE target=S10 fresh=94.39
F r201 on=S09
F r203 w=HEAVY_RAIN
F r255 on=S10
A r259 BREAK_GUARD target=S10 good=2 fresh=90.73
F r260 st=WAITING
A r260 FORCED_PASS target=S10 fresh=90.68
A r261 MOVE target=S10 fresh=90.63
REJ r260 x1 MOVING_ACTION_FORBIDDEN BREAK_GUARD S10
REJ r261 x1 MOVING_ACTION_FORBIDDEN FORCED_PASS S10
A r268 BREAK_GUARD target=S10 good=2 fresh=90.28
A r269 FORCED_PASS target=S10 fresh=90.23
REJ r262 x7 MOVE_BLOCKED_BY_GUARD MOVE S10
A r270 MOVE target=S10 fresh=90.18
REJ r269 x1 MOVING_ACTION_FORBIDDEN BREAK_GUARD S10
REJ r270 x1 MOVING_ACTION_FORBIDDEN FORCED_PASS S10
F r274 fr90
ModeChange r277 EVEN->CONSERVATIVE reason=gap_above_threshold gap=None
A r277 BREAK_GUARD target=S10 good=2 fresh=89.83
A r278 FORCED_PASS target=S10 fresh=89.78
REJ r271 x7 MOVE_BLOCKED_BY_GUARD MOVE S10
A r279 MOVE target=S10 fresh=89.73
REJ r278 x1 MOVING_ACTION_FORBIDDEN BREAK_GUARD S10
REJ r279 x1 MOVING_ACTION_FORBIDDEN FORCED_PASS S10
A r286 BREAK_GUARD target=S10 good=2 fresh=89.38
A r287 FORCED_PASS target=S10 fresh=89.33
REJ r280 x7 MOVE_BLOCKED_BY_GUARD MOVE S10
A r288 MOVE target=S10 fresh=89.28
REJ r287 x1 MOVING_ACTION_FORBIDDEN BREAK_GUARD S10
REJ r288 x1 MOVING_ACTION_FORBIDDEN FORCED_PASS S10
A r295 BREAK_GUARD target=S10 good=2 fresh=88.93
A r296 FORCED_PASS target=S10 fresh=88.88
REJ r289 x7 MOVE_BLOCKED_BY_GUARD MOVE S10
A r297 MOVE target=S10 fresh=88.83
REJ r296 x1 MOVING_ACTION_FORBIDDEN BREAK_GUARD S10
REJ r297 x1 MOVING_ACTION_FORBIDDEN FORCED_PASS S10
A r304 BREAK_GUARD target=S10 good=1 fresh=88.48
A r305 FORCED_PASS target=S10 fresh=88.43
REJ r298 x7 MOVE_BLOCKED_BY_GUARD MOVE S10
A r306 MOVE target=S10 fresh=88.38
REJ r305 x1 MOVING_ACTION_FORBIDDEN BREAK_GUARD S10
REJ r306 x1 MOVING_ACTION_FORBIDDEN FORCED_PASS S10
A r313 BREAK_GUARD target=S10 good=1 fresh=88.03
A r314 FORCED_PASS target=S10 fresh=87.98
REJ r307 x7 MOVE_BLOCKED_BY_GUARD MOVE S10
A r315 MOVE target=S10 fresh=87.93
REJ r314 x1 MOVING_ACTION_FORBIDDEN BREAK_GUARD S10
REJ r315 x1 MOVING_ACTION_FORBIDDEN FORCED_PASS S10
A r322 BREAK_GUARD target=S10 good=1 fresh=87.58
A r323 FORCED_PASS target=S10 fresh=87.53
REJ r316 x7 MOVE_BLOCKED_BY_GUARD MOVE S10
A r324 MOVE target=S10 fresh=87.48
REJ r323 x1 MOVING_ACTION_FORBIDDEN BREAK_GUARD S10
REJ r324 x1 MOVING_ACTION_FORBIDDEN FORCED_PASS S10
A r331 BREAK_GUARD target=S10 good=1 fresh=87.13
A r332 FORCED_PASS target=S10 fresh=87.08
REJ r325 x7 MOVE_BLOCKED_BY_GUARD MOVE S10
A r333 MOVE target=S10 fresh=87.03
REJ r332 x1 MOVING_ACTION_FORBIDDEN BREAK_GUARD S10
REJ r333 x1 MOVING_ACTION_FORBIDDEN FORCED_PASS S10
A r340 BREAK_GUARD target=S10 good=1 fresh=86.68
A r341 FORCED_PASS target=S10 fresh=86.63
REJ r334 x7 MOVE_BLOCKED_BY_GUARD MOVE S10
A r342 MOVE target=S10 fresh=86.58
REJ r341 x1 MOVING_ACTION_FORBIDDEN BREAK_GUARD S10
REJ r342 x1 MOVING_ACTION_FORBIDDEN FORCED_PASS S10
A r349 BREAK_GUARD target=S10 good=1 fresh=86.23
A r350 FORCED_PASS target=S10 fresh=86.18
REJ r343 x7 MOVE_BLOCKED_BY_GUARD MOVE S10
A r351 MOVE target=S10 fresh=86.13
REJ r350 x1 MOVING_ACTION_FORBIDDEN BREAK_GUARD S10
REJ r351 x1 MOVING_ACTION_FORBIDDEN FORCED_PASS S10
F r354 w=MOUNTAIN_FOG
A r358 BREAK_GUARD target=S10 good=1 fresh=85.78
A r359 FORCED_PASS target=S10 fresh=85.73
REJ r352 x7 MOVE_BLOCKED_BY_GUARD MOVE S10
A r360 MOVE target=S10 fresh=85.68
REJ r359 x1 MOVING_ACTION_FORBIDDEN BREAK_GUARD S10
REJ r360 x1 MOVING_ACTION_FORBIDDEN FORCED_PASS S10
A r367 BREAK_GUARD target=S10 good=0 fresh=85.33
A r368 FORCED_PASS target=S10 fresh=85.28
REJ r361 x7 MOVE_BLOCKED_BY_GUARD MOVE S10
A r369 MOVE target=S10 fresh=85.23
REJ r368 x1 MOVING_ACTION_FORBIDDEN BREAK_GUARD S10
REJ r369 x1 MOVING_ACTION_FORBIDDEN FORCED_PASS S10
F r374 ofr80
A r376 BREAK_GUARD target=S10 good=0 fresh=84.88
A r377 FORCED_PASS target=S10 fresh=84.83
REJ r370 x7 MOVE_BLOCKED_BY_GUARD MOVE S10
A r378 MOVE target=S10 fresh=84.78
REJ r377 x1 MOVING_ACTION_FORBIDDEN BREAK_GUARD S10
REJ r378 x1 MOVING_ACTION_FORBIDDEN FORCED_PASS S10
A r385 BREAK_GUARD target=S10 good=0 fresh=84.43
A r386 FORCED_PASS target=S10 fresh=84.38
REJ r379 x7 MOVE_BLOCKED_BY_GUARD MOVE S10
A r387 MOVE target=S10 fresh=84.33
REJ r386 x1 MOVING_ACTION_FORBIDDEN BREAK_GUARD S10
REJ r387 x1 MOVING_ACTION_FORBIDDEN FORCED_PASS S10
A r394 BREAK_GUARD target=S10 good=0 fresh=83.98
A r395 FORCED_PASS target=S10 fresh=83.93
REJ r388 x7 MOVE_BLOCKED_BY_GUARD MOVE S10
A r396 MOVE target=S10 fresh=83.88
REJ r395 x1 MOVING_ACTION_FORBIDDEN BREAK_GUARD S10
REJ r396 x1 MOVING_ACTION_FORBIDDEN FORCED_PASS S10
A r403 BREAK_GUARD target=S10 good=0 fresh=83.53
A r404 FORCED_PASS target=S10 fresh=83.48
REJ r397 x7 MOVE_BLOCKED_BY_GUARD MOVE S10
A r405 MOVE target=S10 fresh=83.43
REJ r404 x1 MOVING_ACTION_FORBIDDEN BREAK_GUARD S10
REJ r405 x1 MOVING_ACTION_FORBIDDEN FORCED_PASS S10
A r412 BREAK_GUARD target=S10 good=0 fresh=83.08
A r413 FORCED_PASS target=S10 fresh=83.03
REJ r406 x7 MOVE_BLOCKED_BY_GUARD MOVE S10
A r414 MOVE target=S10 fresh=82.98
REJ r413 x1 MOVING_ACTION_FORBIDDEN BREAK_GUARD S10
REJ r414 x1 MOVING_ACTION_FORBIDDEN FORCED_PASS S10
A r421 BREAK_GUARD target=S10 good=0 fresh=82.63
A r422 FORCED_PASS target=S10 fresh=82.58
REJ r415 x7 MOVE_BLOCKED_BY_GUARD MOVE S10
A r423 MOVE target=S10 fresh=82.53
REJ r422 x1 MOVING_ACTION_FORBIDDEN BREAK_GUARD S10
REJ r423 x1 MOVING_ACTION_FORBIDDEN FORCED_PASS S10
A r430 BREAK_GUARD target=S10 good=0 fresh=82.18
A r431 FORCED_PASS target=S10 fresh=82.13
REJ r424 x7 MOVE_BLOCKED_BY_GUARD MOVE S10
A r432 MOVE target=S10 fresh=82.08
REJ r431 x1 MOVING_ACTION_FORBIDDEN BREAK_GUARD S10
REJ r432 x1 MOVING_ACTION_FORBIDDEN FORCED_PASS S10
A r439 BREAK_GUARD target=S10 good=0 fresh=81.73
A r440 FORCED_PASS target=S10 fresh=81.68
REJ r433 x7 MOVE_BLOCKED_BY_GUARD MOVE S10
ModeChange r441 CONSERVATIVE->AGGRESSIVE reason=gap_below_threshold gap=None
A r441 MOVE target=S10 fresh=81.63
REJ r440 x1 MOVING_ACTION_FORBIDDEN BREAK_GUARD S10
REJ r441 x1 MOVING_ACTION_FORBIDDEN FORCED_PASS S10
A r448 BREAK_GUARD target=S10 good=0 fresh=81.28
A r449 FORCED_PASS target=S10 fresh=81.23
REJ r442 x7 MOVE_BLOCKED_BY_GUARD MOVE S10
F r450 ph=RUSH
A r450 MOVE target=S10 fresh=81.18
REJ r449 x1 MOVING_ACTION_FORBIDDEN BREAK_GUARD S10
REJ r450 x1 MOVING_ACTION_FORBIDDEN FORCED_PASS S10
F r454 st=MOVING
A r458 BREAK_GUARD target=S10 good=0 fresh=80.73
F r459 st=WAITING
A r459 FORCED_PASS target=S10 fresh=80.68
REJ r451 x3 MOVE_BLOCKED_BY_GUARD MOVE S10
A r460 MOVE target=S10 fresh=80.63
REJ r459 x1 MOVING_ACTION_FORBIDDEN BREAK_GUARD S10
REJ r460 x1 MOVING_ACTION_FORBIDDEN FORCED_PASS S10
F r464 w=HOT
A r467 BREAK_GUARD target=S10 good=0 fresh=80.22
A r468 FORCED_PASS target=S10 fresh=80.15
REJ r461 x7 MOVE_BLOCKED_BY_GUARD MOVE S10
A r469 MOVE target=S10 fresh=80.08
REJ r468 x1 MOVING_ACTION_FORBIDDEN BREAK_GUARD S10
REJ r469 x1 MOVING_ACTION_FORBIDDEN FORCED_PASS S10
F r471 gf=97 fr80
A r476 BREAK_GUARD target=S10 good=0 fresh=79.59
A r477 FORCED_PASS target=S10 fresh=79.52
REJ r470 x7 MOVE_BLOCKED_BY_GUARD MOVE S10
A r478 MOVE target=S10 fresh=79.45
REJ r477 x1 MOVING_ACTION_FORBIDDEN BREAK_GUARD S10
REJ r478 x1 MOVING_ACTION_FORBIDDEN FORCED_PASS S10
A r485 BREAK_GUARD target=S10 good=0 fresh=78.95
A r486 FORCED_PASS target=S10 fresh=78.88
REJ r479 x7 MOVE_BLOCKED_BY_GUARD MOVE S10
A r487 MOVE target=S10 fresh=78.8
REJ r486 x1 MOVING_ACTION_FORBIDDEN BREAK_GUARD S10
REJ r487 x1 MOVING_ACTION_FORBIDDEN FORCED_PASS S10
A r494 BREAK_GUARD target=S10 good=0 fresh=78.3
A r495 FORCED_PASS target=S10 fresh=78.23
REJ r488 x7 MOVE_BLOCKED_BY_GUARD MOVE S10
A r496 MOVE target=S10 fresh=78.16
REJ r495 x1 MOVING_ACTION_FORBIDDEN BREAK_GUARD S10
REJ r496 x1 MOVING_ACTION_FORBIDDEN FORCED_PASS S10
A r503 BREAK_GUARD target=S10 good=0 fresh=77.66
A r504 FORCED_PASS target=S10 fresh=77.59
REJ r497 x7 MOVE_BLOCKED_BY_GUARD MOVE S10
A r505 MOVE target=S10 fresh=77.52
REJ r504 x1 MOVING_ACTION_FORBIDDEN BREAK_GUARD S10
REJ r505 x1 MOVING_ACTION_FORBIDDEN FORCED_PASS S10
A r512 BREAK_GUARD target=S10 good=0 fresh=77.02
ModeChange r513 AGGRESSIVE->CONSERVATIVE reason=gap_above_threshold gap=None
A r513 RUSH_PROTECT fresh=76.95
REJ r506 x7 MOVE_BLOCKED_BY_GUARD MOVE S10
A r514 FORCED_PASS target=S10 fresh=76.88
REJ r513 x1 MOVING_ACTION_FORBIDDEN BREAK_GUARD S10
A r515 MOVE target=S10 fresh=76.8
REJ r514 x1 MOVING_ACTION_FORBIDDEN RUSH_PROTECT None
REJ r515 x1 MOVING_ACTION_FORBIDDEN FORCED_PASS S10
F r519 on=S13
F r521 ofr70
A r521 BREAK_GUARD target=S10 good=0 fresh=76.38
A r522 RUSH_PROTECT fresh=76.3
REJ r516 x6 MOVE_BLOCKED_BY_GUARD MOVE S10
ModeChange r523 CONSERVATIVE->AGGRESSIVE reason=gap_below_threshold gap=None
A r523 FORCED_PASS target=S10 fresh=76.23
REJ r522 x1 MOVING_ACTION_FORBIDDEN BREAK_GUARD S10
A r524 MOVE target=S10 fresh=76.16
REJ r523 x1 MOVING_ACTION_FORBIDDEN RUSH_PROTECT None
REJ r524 x1 MOVING_ACTION_FORBIDDEN FORCED_PASS S10
A r530 BREAK_GUARD target=S10 good=0 fresh=75.86
A r531 MOVE target=S10 fresh=75.81
REJ r525 x6 MOVE_BLOCKED_BY_GUARD MOVE S10
A r532 FORCED_PASS target=S10 fresh=75.76
REJ r531 x1 MOVING_ACTION_FORBIDDEN BREAK_GUARD S10
A r533 MOVE target=S10 fresh=75.71
REJ r532 x1 MOVE_BLOCKED_BY_GUARD MOVE S10
REJ r533 x1 MOVING_ACTION_FORBIDDEN FORCED_PASS S10
A r539 BREAK_GUARD target=S10 good=0 fresh=75.41
A r540 MOVE target=S10 fresh=75.36
REJ r534 x6 MOVE_BLOCKED_BY_GUARD MOVE S10
A r541 FORCED_PASS target=S10 fresh=75.31
REJ r540 x1 MOVING_ACTION_FORBIDDEN BREAK_GUARD S10
A r542 MOVE target=S10 fresh=75.26
REJ r541 x1 MOVE_BLOCKED_BY_GUARD MOVE S10
REJ r542 x1 MOVING_ACTION_FORBIDDEN FORCED_PASS S10
A r548 RUSH_PROTECT fresh=74.96
F r549 on=S14
A r549 BREAK_GUARD target=S10 good=0 fresh=74.91
REJ r543 x6 MOVE_BLOCKED_BY_GUARD MOVE S10
A r550 FORCED_PASS target=S10 fresh=74.86
REJ r549 x1 MOVING_ACTION_FORBIDDEN RUSH_PROTECT None
A r551 MOVE target=S10 fresh=74.81
REJ r550 x1 MOVING_ACTION_FORBIDDEN BREAK_GUARD S10
REJ r551 x1 MOVING_ACTION_FORBIDDEN FORCED_PASS S10
A r557 RUSH_PROTECT fresh=74.51
A r558 BREAK_GUARD target=S10 good=0 fresh=74.46
REJ r552 x6 MOVE_BLOCKED_BY_GUARD MOVE S10
A r559 FORCED_PASS target=S10 fresh=74.41
REJ r558 x1 MOVING_ACTION_FORBIDDEN RUSH_PROTECT None
A r560 MOVE target=S10 fresh=74.36
REJ r559 x1 MOVING_ACTION_FORBIDDEN BREAK_GUARD S10
REJ r560 x1 MOVING_ACTION_FORBIDDEN FORCED_PASS S10
A r566 RUSH_PROTECT fresh=74.06
A r567 BREAK_GUARD target=S10 good=0 fresh=74.01
REJ r561 x6 MOVE_BLOCKED_BY_GUARD MOVE S10
A r568 FORCED_PASS target=S10 fresh=73.96
REJ r567 x1 MOVING_ACTION_FORBIDDEN RUSH_PROTECT None
A r569 MOVE target=S10 fresh=73.91
REJ r568 x1 MOVING_ACTION_FORBIDDEN BREAK_GUARD S10
F r570 on=S15
REJ r569 x1 MOVING_ACTION_FORBIDDEN FORCED_PASS S10
A r575 RUSH_PROTECT fresh=73.61
A r576 BREAK_GUARD target=S10 good=0 fresh=73.56
REJ r570 x6 MOVE_BLOCKED_BY_GUARD MOVE S10
A r577 FORCED_PASS target=S10 fresh=73.51
REJ r576 x1 MOVING_ACTION_FORBIDDEN RUSH_PROTECT None
A r578 MOVE target=S10 fresh=73.46
REJ r577 x1 MOVING_ACTION_FORBIDDEN BREAK_GUARD S10
REJ r578 x1 MOVING_ACTION_FORBIDDEN FORCED_PASS S10
A r584 RUSH_PROTECT fresh=73.16
A r585 BREAK_GUARD target=S10 good=0 fresh=73.11
REJ r579 x6 MOVE_BLOCKED_BY_GUARD MOVE S10
A r586 FORCED_PASS target=S10 fresh=73.06
REJ r585 x1 MOVING_ACTION_FORBIDDEN RUSH_PROTECT None
A r587 MOVE target=S10 fresh=73.01
REJ r586 x1 MOVING_ACTION_FORBIDDEN BREAK_GUARD S10
REJ r587 x1 MOVING_ACTION_FORBIDDEN FORCED_PASS S10
A r593 RUSH_PROTECT fresh=72.71
A r594 BREAK_GUARD target=S10 good=0 fresh=72.66
REJ r588 x6 MOVE_BLOCKED_BY_GUARD MOVE S10
A r595 FORCED_PASS target=S10 fresh=72.61
REJ r594 x1 MOVING_ACTION_FORBIDDEN RUSH_PROTECT None
A r596 MOVE target=S10 fresh=72.56
REJ r595 x1 MOVING_ACTION_FORBIDDEN BREAK_GUARD S10
REJ r596 x1 MOVING_ACTION_FORBIDDEN FORCED_PASS S10
REJ r597 x4 MOVE_BLOCKED_BY_GUARD MOVE S10
Traj fstart=100 fmin=72.36 fend=72.36 gstart=100 gend=97 onode=S15 ofend=67.26 ogend=88
Proj my=60 oppDel=600 gap=-319 mode=AGGRESSIVE
Conf min=0.300 med=0.575 max=0.850
MidGap=189
Over result=NORMAL reason=TIME_LIMIT round=600 winner=2749 iWon=False
Score me total=60 del=False dframe=0 fresh=72.31 good=97 task=60 bounty=0 det=[bounty=0|delivery=0|freshness=0|goodFruit=0|penalty=0|tasks=60|time=0|total=60]
Score opp total=379 del=True dframe=570 fresh=67.26 good=88 task=0 bounty=0 det=[bounty=0|delivery=120|freshness=121|goodFruit=158|penalty=20|tasks=0|time=0|total=379]
