# match_20260705_130834_505_2696_vs_2884_e90d3ec9 v=iter36 pid=2696 team=RED seed=None dur=600
Map N=15 E=23
N S01:S S02:C S03:P S04:D S05:W S06:M S07:S S08:M S09:S S10:K S11:P S12:J S13:P S14:G S15:F
E S01-S02:30:R S02-S03:25:R S03-S07:54:R S07-S09:46:R S09-S10:40:R S10-S11:36:R S11-S12:20:R S12-S13:25:R S13-S14:18:R S14-S15:10:R S02-S04:20:R S04-S05:44:W S05-S07:46:B S01-S06:44:M S06-S08:54:M S08-S10:46:B S03-S06:38:B S05-S09:48:W S07-S08:42:M S04-S07:54:B S08-S09:64:B S11-S14:15:B S10-S13:27:B
F r1 n=S01 st=IDLE ph=NORMAL gf=100 ts=0 on=S01 ots=0
A r1 CLEAR target=S06 fresh=100
A r1 SQUAD_CLEAR target=S08 fresh=100
F r2 st=PROCESSING
F r7 st=IDLE gf=99
A r7 MOVE target=S06 fresh=99.7
F r8 st=MOVING
F r43 on=S02
F r75 on=S04
F r86 n=S06 st=IDLE ots=30
A r86 CLAIM_RESOURCE target=S06 res=ICE_BOX fresh=94.17
F r87 st=PROCESSING
F r88 st=IDLE
A r88 MOVE target=S08 fresh=94.07
F r89 st=MOVING
F r95 w=HOT
F r129 gf=98 fr90
F r147 on=S05
F r174 ofr90
F r185 n=S08 st=IDLE
A r185 USE_RESOURCE res=ICE_BOX fresh=85.06
A r186 CLAIM_TASK task=T_003 fresh=95.01
F r187 st=PROCESSING
F r190 st=IDLE ts=30
A r190 CLAIM_TASK task=T_005 fresh=94.81
F r191 st=PROCESSING
F r194 st=IDLE ts=60
A r194 CLAIM_RESOURCE target=S08 res=SHORT_HORSE fresh=94.61
F r195 st=PROCESSING
F r196 st=IDLE
A r196 MOVE target=S10 fresh=94.51
F r197 st=MOVING
A r197 USE_RESOURCE res=SHORT_HORSE fresh=94.45
A r198 MOVE target=S10 fresh=94.39
F r205 w=HEAVY_RAIN
F r213 on=S09
F r266 n=S10 st=IDLE
A r266 CLAIM_TASK task=T_006 fresh=90.31
F r267 st=PROCESSING
F r270 st=IDLE ts=90
A r270 CLAIM_TASK task=T_008 fresh=90.11
F r271 st=PROCESSING on=S10
F r273 fr90
F r274 st=IDLE ts=120
A r274 CLAIM_TASK task=T_010 fresh=89.91
F r275 st=PROCESSING
ModeChange r277 EVEN->CONSERVATIVE reason=gap_above_threshold gap=None
F r278 st=IDLE ts=150
A r278 MOVE target=S13 fresh=89.71
F r279 st=MOVING
F r314 on=S13
F r320 n=S13 st=IDLE
A r320 PROCESS fresh=87.19
A r320 SQUAD_SCOUT target=S14 fresh=87.19
F r321 st=PROCESSING
F r325 st=IDLE
A r325 MOVE target=S14 fresh=86.94
F r326 st=MOVING
F r344 on=S14
F r350 n=S14 st=IDLE
F r351 st=WAITING
F r356 w=HOT
F r361 ofr80
F r390 ph=RUSH
A r390 RUSH_PROTECT fresh=82.8
A r391 VERIFY_GATE fresh=82.79
F r397 st=VERIFYING
F r402 st=IDLE vfy=1
A r402 MOVE target=S15 fresh=82.68
F r403 st=MOVING
F r410 on=S15
F r416 n=S15 st=IDLE
A r416 DELIVER fresh=82.4
REJ r392 x5 OBJECT_BUSY VERIFY_GATE None
Traj fstart=100 fmin=82.4 fend=82.4 gstart=100 gend=98 onode=S15 ofend=76.36 ogend=98
Proj my=765 oppDel=416 gap=255 mode=CONSERVATIVE
Conf min=0.300 med=0.490 max=0.680
MidGap=255
Over result=NORMAL reason=ALL_DELIVERED round=416 winner=2696 iWon=True
Score me total=765 del=True dframe=416 fresh=82.4 good=98 task=150 bounty=0 det=[bounty=0|delivery=240|freshness=148|goodFruit=176|penalty=0|tasks=180|time=21|total=765]
Score opp total=510 del=True dframe=410 fresh=76.36 good=98 task=30 bounty=0 det=[bounty=0|delivery=160|freshness=137|goodFruit=176|penalty=0|tasks=30|time=7|total=510]
