# match_20260705_120719_717_2696_vs_2627_c1e6f4f0 v=iter36 pid=2696 team=RED seed=None dur=600
Map N=15 E=23
N S01:S S02:C S03:P S04:D S05:W S06:M S07:S S08:M S09:S S10:K S11:P S12:J S13:P S14:G S15:F
E S01-S02:30:R S02-S03:25:R S03-S07:54:R S07-S09:46:R S09-S10:40:R S10-S11:36:R S11-S12:20:R S12-S13:25:R S13-S14:18:R S14-S15:10:R S02-S04:20:R S04-S05:44:W S05-S07:46:B S01-S06:44:M S06-S08:54:M S08-S10:46:B S03-S06:38:B S05-S09:48:W S07-S08:42:M S04-S07:54:B S08-S09:64:B S11-S14:15:B S10-S13:27:B
F r1 n=S01 st=IDLE ph=NORMAL gf=100 ts=0 on=S01 ots=0
A r1 CLEAR target=S06 fresh=100
A r1 SQUAD_CLEAR target=S08 fresh=100
F r2 st=PROCESSING
F r7 st=IDLE gf=99
A r7 MOVE target=S06 fresh=99.7
F r8 st=MOVING
F r43 on=S02
F r75 on=S04
F r86 n=S06 st=IDLE
A r86 CLAIM_RESOURCE target=S06 res=ICE_BOX fresh=94.17
A r86 SQUAD_CLEAR target=S10 fresh=94.17
F r87 st=PROCESSING
F r88 st=IDLE ots=30
A r88 MOVE target=S08 fresh=94.07
F r89 st=MOVING
F r120 w=HOT
F r138 gf=98 fr90
F r141 on=S05
F r177 ofr90
F r185 n=S08 st=IDLE
A r185 USE_RESOURCE res=ICE_BOX fresh=85.06
A r186 CLAIM_TASK task=T_003 fresh=95.01
F r187 st=PROCESSING
F r190 st=IDLE ts=30
A r190 CLAIM_TASK task=T_005 fresh=94.81
F r191 st=PROCESSING
F r194 st=IDLE ts=60
A r194 CLAIM_RESOURCE target=S08 res=SHORT_HORSE fresh=94.61
F r195 st=PROCESSING
F r196 st=IDLE
A r196 MOVE target=S10 fresh=94.51
F r197 st=MOVING
A r197 USE_RESOURCE res=SHORT_HORSE fresh=94.45
A r198 MOVE target=S10 fresh=94.39
F r207 on=S09
F r230 w=HEAVY_RAIN
F r261 on=S10
F r265 ots=60
F r266 n=S10 st=IDLE
A r266 CLAIM_TASK task=T_008 fresh=90.31
F r267 st=WAITING
A r267 CLAIM_TASK task=T_010 fresh=90.26
F r268 st=PROCESSING
F r269 ots=90
F r271 st=IDLE ts=90
A r271 CLAIM_TASK task=T_011 fresh=90.06
F r272 st=PROCESSING
F r273 fr90
F r275 st=IDLE ts=120
A r275 CLAIM_TASK task=T_013 fresh=89.86
F r276 st=PROCESSING
F r279 st=IDLE ts=150
ModeChange r279 EVEN->CONSERVATIVE reason=gap_above_threshold gap=None
A r279 MOVE target=S13 fresh=89.66
F r280 st=MOVING
F r312 on=S13
F r321 n=S13 st=IDLE
A r321 PROCESS fresh=87.14
A r321 SQUAD_SCOUT target=S14 fresh=87.14
F r322 st=PROCESSING
F r326 st=IDLE
A r326 MOVE target=S14 fresh=86.89
F r327 st=MOVING
F r340 w=MOUNTAIN_FOG
F r342 on=S14
F r351 n=S14 st=IDLE
F r352 st=WAITING
F r363 ofr80
F r390 ph=RUSH
A r390 RUSH_PROTECT fresh=83.56
A r391 VERIFY_GATE fresh=83.55
F r392 st=VERIFYING
F r397 st=IDLE vfy=1
A r397 MOVE target=S15 fresh=83.49
F r398 st=MOVING
F r411 n=S15 st=IDLE
A r411 DELIVER fresh=83.35
F r412 st=DELIVERED del=1
F r450 w=HOT
F r537 ofr70
REJ r267 x1 OBJECT_BUSY CLAIM_TASK None
Traj fstart=100 fmin=83.35 fend=83.35 gstart=100 gend=98 onode=S14 ofend=66.84 ogend=97
Proj my=746 oppDel=620 gap=666 mode=CONSERVATIVE
Conf min=0.300 med=0.575 max=0.850
MidGap=64
Over result=NORMAL reason=TIME_LIMIT round=600 winner=2696 iWon=True
Score me total=768 del=True dframe=411 fresh=83.35 good=98 task=150 bounty=0 det=[bounty=0|delivery=240|freshness=150|goodFruit=176|penalty=0|tasks=180|time=22|total=768]
Score opp total=80 del=False dframe=0 fresh=66.79 good=97 task=90 bounty=0 det=[bounty=0|delivery=0|freshness=0|goodFruit=0|penalty=0|tasks=80|time=0|total=80]
