# match_20260705_125435_433_2696_vs_2767_658c97c6 v=iter36 pid=2696 team=RED seed=None dur=600
Map N=15 E=23
N S01:S S02:C S03:P S04:D S05:W S06:M S07:S S08:M S09:S S10:K S11:P S12:J S13:P S14:G S15:F
E S01-S02:30:R S02-S03:25:R S03-S07:54:R S07-S09:46:R S09-S10:40:R S10-S11:36:R S11-S12:20:R S12-S13:25:R S13-S14:18:R S14-S15:10:R S02-S04:20:R S04-S05:44:W S05-S07:46:B S01-S06:44:M S06-S08:54:M S08-S10:46:B S03-S06:38:B S05-S09:48:W S07-S08:42:M S04-S07:54:B S08-S09:64:B S11-S14:15:B S10-S13:27:B
F r1 n=S01 st=IDLE ph=NORMAL gf=100 ts=0 on=S01 ots=0
A r1 CLEAR target=S06 fresh=100
A r1 SQUAD_CLEAR target=S08 fresh=100
F r2 st=CONTESTING
A r2 WINDOW_CARD contest=C_001_001 type=OBSTACLE card=BING_ZHENG fresh=99.95
F r5 st=PROCESSING
F r11 st=IDLE gf=99
A r11 MOVE target=S06 fresh=99.5
F r12 st=MOVING
F r87 w=HOT
F r90 n=S06 st=IDLE
A r90 CLAIM_RESOURCE target=S06 res=ICE_BOX fresh=93.88
A r90 SQUAD_CLEAR target=S10 fresh=93.88
F r91 st=PROCESSING
F r92 st=IDLE
A r92 MOVE target=S08 fresh=93.73
F r93 st=MOVING
F r96 on=S06
F r127 gf=98 fr90 ofr90
F r189 n=S08 st=IDLE
A r189 USE_RESOURCE res=ICE_BOX fresh=84.91
A r190 CLAIM_TASK task=T_004 fresh=94.86
F r191 st=PROCESSING
F r193 on=S08
F r194 st=IDLE ts=30
A r194 CLAIM_TASK task=T_005 fresh=94.66
F r195 st=WAITING
A r195 CLAIM_RESOURCE target=S08 res=SHORT_HORSE fresh=94.61
F r196 st=PROCESSING
F r197 st=IDLE ots=30
A r197 MOVE target=S10 fresh=94.51
F r198 st=MOVING
A r198 USE_RESOURCE res=SHORT_HORSE fresh=94.45
A r199 MOVE target=S10 fresh=94.39
F r238 w=MOUNTAIN_FOG
F r267 n=S10 st=IDLE
A r267 CLAIM_TASK task=T_006 fresh=90.31
F r268 st=PROCESSING
F r269 on=S10
F r270 ofr80
F r271 st=IDLE
A r271 CLAIM_TASK task=T_009 fresh=90.11
F r272 st=WAITING
A r272 CLAIM_TASK task=T_011 fresh=90.06
F r273 st=PROCESSING ots=60
F r274 fr90
F r276 st=IDLE ts=60
A r276 CLAIM_TASK task=T_013 fresh=89.86
F r277 st=WAITING ots=90
A r277 MOVE target=S11 fresh=89.81
F r278 st=MOVING
ModeChange r281 EVEN->AGGRESSIVE reason=gap_below_threshold gap=None
F r327 on=S11
F r333 n=S11 st=IDLE ots=120
A r333 PROCESS fresh=86.71
A r333 SQUAD_SCOUT target=S14 fresh=86.71
F r334 st=PROCESSING
F r337 ots=150
F r338 st=IDLE
A r338 MOVE target=S14 fresh=86.46
F r339 st=MOVING
F r348 w=HOT
F r361 on=S14
F r362 n=S14 st=IDLE
F r363 st=WAITING
F r390 ph=RUSH
A r390 VERIFY_GATE fresh=82.45
F r391 st=CONTESTING
A r391 WINDOW_CARD contest=C_390_002 type=GATE card=BING_ZHENG fresh=82.38
A r392 WINDOW_CARD contest=C_390_002 type=GATE card=XIAN_GONG fresh=82.3
F r393 gf=97
F r394 st=VERIFYING gf=96
F r400 st=IDLE vfy=1
A r400 RUSH_SPEED fresh=81.73
F r401 st=WAITING gf=94
A r401 MOVE target=S15 fresh=81.64
F r402 st=MOVING
F r412 n=S15 st=IDLE
A r412 DELIVER fresh=80.66
F r413 st=DELIVERED del=1
F r421 on=S15
REJ r195 x3 OBJECT_BUSY CLAIM_TASK None
Traj fstart=100 fmin=80.66 fend=80.66 gstart=100 gend=94 onode=S15 ofend=71 ogend=98
Proj my=602 oppDel=421 gap=-141 mode=AGGRESSIVE
Conf min=0.300 med=0.490 max=0.690
MidGap=-80
Over result=NORMAL reason=ALL_DELIVERED round=421 winner=2767 iWon=False
Score me total=603 del=True dframe=412 fresh=80.66 good=94 task=60 bounty=0 det=[bounty=0|delivery=200|freshness=145|goodFruit=169|penalty=0|tasks=75|time=14|total=603]
Score opp total=743 del=True dframe=421 fresh=71 good=98 task=150 bounty=0 det=[bounty=0|delivery=240|freshness=127|goodFruit=176|penalty=0|tasks=180|time=20|total=743]
