# match_20260705_125422_115_2618_vs_2696_eda5fbca v=iter36 pid=2696 team=BLUE seed=None dur=600
Map N=15 E=23
N S01:S S02:C S03:P S04:D S05:W S06:M S07:S S08:M S09:S S10:K S11:P S12:J S13:P S14:G S15:F
E S01-S02:30:R S02-S03:25:R S03-S07:54:R S07-S09:46:R S09-S10:40:R S10-S11:36:R S11-S12:20:R S12-S13:25:R S13-S14:18:R S14-S15:10:R S02-S04:20:R S04-S05:44:W S05-S07:46:B S01-S06:44:M S06-S08:54:M S08-S10:46:B S03-S06:38:B S05-S09:48:W S07-S08:42:M S04-S07:54:B S08-S09:64:B S11-S14:15:B S10-S13:27:B
F r1 n=S01 st=IDLE ph=NORMAL gf=100 ts=0 on=S01 ots=0
A r1 CLEAR target=S06 fresh=100
A r1 SQUAD_CLEAR target=S08 fresh=100
F r2 st=PROCESSING
F r7 st=IDLE gf=99
A r7 MOVE target=S06 fresh=99.7
F r8 st=MOVING
F r43 on=S02
F r75 on=S04
F r83 w=HOT
F r86 n=S06 st=IDLE ots=30
A r86 CLAIM_RESOURCE target=S06 res=ICE_BOX fresh=94.05
A r86 SQUAD_CLEAR target=S10 fresh=94.05
F r87 st=PROCESSING
F r88 st=IDLE
A r88 MOVE target=S08 fresh=93.91
F r89 st=MOVING
F r125 gf=98 fr90
F r140 ofr90
F r171 on=S07
F r175 ots=60
F r185 n=S08 st=IDLE
A r185 USE_RESOURCE res=ICE_BOX fresh=85.08
A r186 CLAIM_TASK task=T_003 fresh=95.03
F r187 st=PROCESSING
F r190 st=IDLE ts=30
A r190 CLAIM_TASK task=T_005 fresh=94.83
F r191 st=PROCESSING
F r194 st=IDLE ts=60
A r194 CLAIM_TASK task=T_009 fresh=94.63
F r195 st=PROCESSING
F r198 st=IDLE ts=90
A r198 CLAIM_RESOURCE target=S08 res=SHORT_HORSE fresh=94.43
F r199 st=PROCESSING
F r200 st=IDLE
A r200 MOVE target=S10 fresh=94.33
F r201 st=MOVING
A r201 USE_RESOURCE res=SHORT_HORSE fresh=94.27
A r202 MOVE target=S10 fresh=94.21
F r234 w=MOUNTAIN_FOG
F r242 on=S09
F r270 n=S10 st=IDLE
A r270 CLAIM_TASK task=T_006 fresh=90.13
A r271 CLAIM_TASK task=T_008 fresh=90.08
F r272 st=PROCESSING
F r273 fr90
F r275 st=IDLE ts=120
A r275 CLAIM_TASK task=T_010 fresh=89.88
F r276 st=PROCESSING
ModeChange r277 EVEN->CONSERVATIVE reason=gap_above_threshold gap=None
F r279 st=IDLE ts=150
A r279 MOVE target=S13 fresh=89.68
F r280 st=MOVING
F r297 on=S10
F r301 ots=90
F r305 ots=120
ModeChange r309 CONSERVATIVE->EVEN reason=gap_within_band gap=None
F r317 ofr90
F r321 n=S13 st=IDLE
A r321 PROCESS fresh=87.16
A r321 SQUAD_SCOUT target=S14 fresh=87.16
F r322 st=PROCESSING
F r326 st=IDLE
A r326 MOVE target=S14 fresh=86.91
F r327 st=MOVING
F r344 w=HOT
F r348 on=S13
F r351 n=S14 st=IDLE
F r352 st=WAITING
F r380 on=S14
F r390 ph=RUSH
A r390 RUSH_PROTECT fresh=82.55
A r391 VERIFY_GATE fresh=82.54
REJ r271 x1 TASK_NOT_FOUND CLAIM_TASK None
F r394 st=VERIFYING
F r399 st=IDLE vfy=1
A r399 MOVE target=S15 fresh=82.46
F r400 st=MOVING
F r407 on=S15
F r413 n=S15 st=IDLE
A r413 DELIVER fresh=82.27
REJ r392 x2 OBJECT_BUSY VERIFY_GATE None
Traj fstart=100 fmin=82.27 fend=82.27 gstart=100 gend=98 onode=S15 ofend=83.51 ogend=98
Proj my=765 oppDel=413 gap=13 mode=EVEN
Conf min=0.300 med=0.490 max=0.680
MidGap=166
Over result=NORMAL reason=ALL_DELIVERED round=413 winner=2696 iWon=True
Score me total=765 del=True dframe=413 fresh=82.27 good=98 task=150 bounty=0 det=[bounty=0|delivery=240|freshness=148|goodFruit=176|penalty=0|tasks=180|time=21|total=765]
Score opp total=753 del=True dframe=407 fresh=83.51 good=98 task=120 bounty=0 det=[bounty=0|delivery=240|freshness=150|goodFruit=176|penalty=5|tasks=170|time=22|total=753]
