# match_20260705_121256_306_2617_vs_2696_35e40a89 v=iter36 pid=2696 team=BLUE seed=None dur=600
Map N=15 E=23
N S01:S S02:C S03:P S04:D S05:W S06:M S07:S S08:M S09:S S10:K S11:P S12:J S13:P S14:G S15:F
E S01-S02:30:R S02-S03:25:R S03-S07:54:R S07-S09:46:R S09-S10:40:R S10-S11:36:R S11-S12:20:R S12-S13:25:R S13-S14:18:R S14-S15:10:R S02-S04:20:R S04-S05:44:W S05-S07:46:B S01-S06:44:M S06-S08:54:M S08-S10:46:B S03-S06:38:B S05-S09:48:W S07-S08:42:M S04-S07:54:B S08-S09:64:B S11-S14:15:B S10-S13:27:B
F r1 n=S01 st=IDLE ph=NORMAL gf=100 ts=0 on=S01 ots=0
A r1 CLEAR target=S06 fresh=100
A r1 SQUAD_CLEAR target=S08 fresh=100
F r2 st=PROCESSING
F r7 st=IDLE gf=99
A r7 MOVE target=S06 fresh=99.7
F r8 st=MOVING
F r43 on=S02
F r75 on=S04
F r79 ots=30
F r86 n=S06 st=IDLE
A r86 CLAIM_RESOURCE target=S06 res=ICE_BOX fresh=94.17
F r87 st=PROCESSING
F r88 st=IDLE
A r88 MOVE target=S08 fresh=94.07
F r89 st=MOVING
F r115 w=HOT
F r136 gf=98 fr90
F r143 on=S05
F r175 ofr90
F r185 n=S08 st=IDLE
A r185 USE_RESOURCE res=ICE_BOX fresh=85.07
A r186 CLAIM_TASK task=T_003 fresh=95.02
F r187 st=PROCESSING
F r190 st=IDLE ts=30
A r190 CLAIM_TASK task=T_005 fresh=94.82
F r191 st=PROCESSING
F r194 st=IDLE ts=60
A r194 CLAIM_RESOURCE target=S08 res=SHORT_HORSE fresh=94.62
F r195 st=PROCESSING
F r196 st=IDLE
A r196 MOVE target=S10 fresh=94.52
F r197 st=MOVING
A r197 USE_RESOURCE res=SHORT_HORSE fresh=94.46
A r198 MOVE target=S10 fresh=94.4
F r209 on=S09
F r225 w=HEAVY_RAIN
F r264 on=S10
F r266 n=S10 st=IDLE
A r266 CLAIM_TASK task=T_006 fresh=90.32
F r267 st=PROCESSING
F r270 st=IDLE ts=90
A r270 CLAIM_TASK task=T_008 fresh=90.12
F r271 st=WAITING
A r271 CLAIM_TASK task=T_010 fresh=90.07
F r272 st=PROCESSING ots=60
F r273 fr90
F r275 st=IDLE ts=120
A r275 CLAIM_TASK task=T_011 fresh=89.87
F r276 st=WAITING
A r276 CLAIM_TASK task=T_013 fresh=89.82
F r277 st=PROCESSING ots=90
ModeChange r277 EVEN->CONSERVATIVE reason=gap_above_threshold gap=None
F r280 st=IDLE ts=150
A r280 MOVE target=S13 fresh=89.62
F r281 st=MOVING
F r320 on=S13
F r322 n=S13 st=IDLE
A r322 PROCESS fresh=87.1
A r322 SQUAD_SCOUT target=S14 fresh=87.1
F r323 st=WAITING
A r323 PROCESS fresh=87.05
REJ r271 x2 OBJECT_BUSY CLAIM_TASK None
F r326 st=PROCESSING
F r330 st=IDLE
A r330 MOVE target=S14 fresh=86.7
F r331 st=MOVING
F r335 w=MOUNTAIN_FOG
F r350 on=S14
F r355 n=S14 st=IDLE
F r356 st=WAITING
F r364 ofr80
F r390 ph=RUSH
A r390 RUSH_PROTECT fresh=83.57
A r391 VERIFY_GATE fresh=83.56
F r392 st=CONTESTING
A r392 WINDOW_CARD contest=C_391_001 type=GATE card=BING_ZHENG fresh=83.55
F r395 st=RESTING
F r398 st=IDLE
A r398 VERIFY_GATE fresh=83.49
F r399 st=CONTESTING
A r399 WINDOW_CARD contest=C_398_002 type=GATE card=BING_ZHENG fresh=83.48
A r400 WINDOW_CARD contest=C_398_002 type=GATE card=ABSTAIN fresh=83.47
F r402 st=RESTING
F r405 st=IDLE
A r405 VERIFY_GATE fresh=83.42
REJ r323 x3 OBJECT_BUSY PROCESS None
F r409 st=CONTESTING
A r409 WINDOW_CARD contest=C_408_003 type=GATE card=ABSTAIN fresh=83.38
F r412 st=RESTING
F r415 st=IDLE
A r415 VERIFY_GATE fresh=83.32
F r416 st=CONTESTING
A r416 WINDOW_CARD contest=C_415_004 type=GATE card=ABSTAIN fresh=83.31
F r419 st=RESTING
F r422 st=IDLE
A r422 VERIFY_GATE fresh=83.17
F r426 st=CONTESTING
A r426 WINDOW_CARD contest=C_425_005 type=GATE card=ABSTAIN fresh=82.97
F r429 st=RESTING
F r432 st=IDLE
A r432 VERIFY_GATE fresh=82.67
F r433 st=CONTESTING
A r433 WINDOW_CARD contest=C_432_006 type=GATE card=ABSTAIN fresh=82.62
F r436 st=RESTING
F r439 st=IDLE
A r439 VERIFY_GATE fresh=82.32
F r443 st=CONTESTING
A r443 WINDOW_CARD contest=C_442_007 type=GATE card=ABSTAIN fresh=82.12
F r445 w=HOT
F r446 st=RESTING
F r449 st=IDLE
A r449 VERIFY_GATE fresh=81.73
F r450 st=CONTESTING
A r450 WINDOW_CARD contest=C_449_008 type=GATE card=ABSTAIN fresh=81.66
F r453 st=RESTING
F r456 st=IDLE
A r456 VERIFY_GATE fresh=81.23
F r460 st=CONTESTING
A r460 WINDOW_CARD contest=C_459_009 type=GATE card=ABSTAIN fresh=80.95
F r463 st=RESTING
F r466 st=IDLE
A r466 VERIFY_GATE fresh=80.52
F r467 st=CONTESTING
A r467 WINDOW_CARD contest=C_466_010 type=GATE card=ABSTAIN fresh=80.45
F r470 st=RESTING
F r473 st=IDLE
A r473 VERIFY_GATE fresh=80.02
F r474 gf=97 fr80
F r477 st=CONTESTING
A r477 WINDOW_CARD contest=C_476_011 type=GATE card=ABSTAIN fresh=79.73
F r480 st=RESTING
F r483 st=IDLE
A r483 VERIFY_GATE fresh=79.3
F r484 st=CONTESTING
A r484 WINDOW_CARD contest=C_483_012 type=GATE card=ABSTAIN fresh=79.23
F r487 st=RESTING
F r490 st=IDLE
A r490 VERIFY_GATE fresh=78.8
F r494 st=CONTESTING
A r494 WINDOW_CARD contest=C_493_013 type=GATE card=ABSTAIN fresh=78.52
F r497 st=RESTING
F r500 st=IDLE
A r500 VERIFY_GATE fresh=78.09
F r501 st=CONTESTING
A r501 WINDOW_CARD contest=C_500_014 type=GATE card=ABSTAIN fresh=78.02
F r504 st=RESTING
F r507 st=IDLE
A r507 VERIFY_GATE fresh=77.63
F r511 st=CONTESTING
A r511 WINDOW_CARD contest=C_510_015 type=GATE card=ABSTAIN fresh=77.43
F r514 st=RESTING
F r517 st=IDLE
A r517 VERIFY_GATE fresh=77.13
F r518 st=CONTESTING
A r518 WINDOW_CARD contest=C_517_016 type=GATE card=ABSTAIN fresh=77.08
F r521 st=RESTING
F r524 st=IDLE
A r524 VERIFY_GATE fresh=76.78
F r528 st=CONTESTING
A r528 WINDOW_CARD contest=C_527_017 type=GATE card=ABSTAIN fresh=76.58
F r531 st=RESTING
F r534 st=IDLE
A r534 VERIFY_GATE fresh=76.28
F r535 st=CONTESTING
A r535 WINDOW_CARD contest=C_534_018 type=GATE card=ABSTAIN fresh=76.23
F r538 st=RESTING ofr70
F r541 st=IDLE
A r541 VERIFY_GATE fresh=75.93
F r545 st=CONTESTING
A r545 WINDOW_CARD contest=C_544_019 type=GATE card=ABSTAIN fresh=75.73
F r548 st=RESTING
F r551 st=IDLE
A r551 VERIFY_GATE fresh=75.43
F r552 st=CONTESTING
A r552 WINDOW_CARD contest=C_551_020 type=GATE card=ABSTAIN fresh=75.38
F r555 st=RESTING
F r558 st=IDLE
A r558 VERIFY_GATE fresh=75.08
F r562 st=CONTESTING
A r562 WINDOW_CARD contest=C_561_021 type=GATE card=ABSTAIN fresh=74.88
F r565 st=RESTING
F r568 st=IDLE
A r568 VERIFY_GATE fresh=74.58
F r569 st=CONTESTING
A r569 WINDOW_CARD contest=C_568_022 type=GATE card=ABSTAIN fresh=74.53
F r572 st=RESTING
F r575 st=IDLE
A r575 VERIFY_GATE fresh=74.23
F r579 st=CONTESTING
A r579 WINDOW_CARD contest=C_578_023 type=GATE card=ABSTAIN fresh=74.03
F r582 st=RESTING
F r585 st=IDLE
ModeChange r585 CONSERVATIVE->EVEN reason=gap_within_band gap=None
A r585 VERIFY_GATE fresh=73.73
F r586 st=CONTESTING
A r586 WINDOW_CARD contest=C_585_024 type=GATE card=ABSTAIN fresh=73.68
F r589 st=RESTING
F r592 st=IDLE
A r592 VERIFY_GATE fresh=73.38
F r596 st=CONTESTING
A r596 WINDOW_CARD contest=C_595_025 type=GATE card=ABSTAIN fresh=73.18
F r599 st=RESTING
REJ r406 x36 WINDOW_DRAW_RETRY_LIMIT VERIFY_GATE None
Traj fstart=100 fmin=72.98 fend=72.98 gstart=100 gend=97 onode=S14 ofend=66.88 ogend=94
Proj my=80 oppDel=620 gap=20 mode=EVEN
Conf min=0.300 med=0.575 max=0.850
MidGap=69
Over result=NORMAL reason=TIME_LIMIT round=600 winner=2696 iWon=True
Score me total=80 del=False dframe=0 fresh=72.93 good=97 task=150 bounty=0 det=[bounty=0|delivery=0|freshness=0|goodFruit=0|penalty=0|tasks=80|time=0|total=80]
Score opp total=60 del=False dframe=0 fresh=66.83 good=94 task=90 bounty=0 det=[bounty=0|delivery=0|freshness=0|goodFruit=0|penalty=20|tasks=80|time=0|total=60]
