# match_20260705_132257_449_2982_vs_2696_0071f66e v=iter36 pid=2696 team=BLUE seed=None dur=600
Map N=15 E=23
N S01:S S02:C S03:P S04:D S05:W S06:M S07:S S08:M S09:S S10:K S11:P S12:J S13:P S14:G S15:F
E S01-S02:30:R S02-S03:25:R S03-S07:54:R S07-S09:46:R S09-S10:40:R S10-S11:36:R S11-S12:20:R S12-S13:25:R S13-S14:18:R S14-S15:10:R S02-S04:20:R S04-S05:44:W S05-S07:46:B S01-S06:44:M S06-S08:54:M S08-S10:46:B S03-S06:38:B S05-S09:48:W S07-S08:42:M S04-S07:54:B S08-S09:64:B S11-S14:15:B S10-S13:27:B
F r1 n=S01 st=IDLE ph=NORMAL gf=100 ts=0 on=S01 ots=0
A r1 CLEAR target=S06 fresh=100
A r1 SQUAD_CLEAR target=S08 fresh=100
F r2 st=PROCESSING
F r7 st=IDLE gf=99
A r7 MOVE target=S06 fresh=99.7
F r8 st=MOVING
F r43 on=S02
F r73 on=S04
F r86 n=S06 st=IDLE
A r86 CLAIM_RESOURCE target=S06 res=ICE_BOX fresh=94.17
A r86 SQUAD_CLEAR target=S10 fresh=94.17
F r87 st=PROCESSING
F r88 st=IDLE
A r88 MOVE target=S08 fresh=94.07
F r89 st=MOVING
F r119 w=HOT
F r132 on=S05
F r137 gf=98 fr90
F r178 ofr90
F r185 n=S08 st=IDLE
A r185 USE_RESOURCE res=ICE_BOX fresh=85.07
A r186 CLAIM_TASK task=T_003 fresh=95.02
F r187 st=PROCESSING
F r190 st=IDLE ts=30
A r190 CLAIM_TASK task=T_005 fresh=94.82
F r191 st=PROCESSING
F r194 st=IDLE ts=60
A r194 CLAIM_RESOURCE target=S08 res=SHORT_HORSE fresh=94.62
F r195 st=PROCESSING on=S09
F r196 st=IDLE
A r196 MOVE target=S10 fresh=94.52
F r197 st=MOVING
A r197 USE_RESOURCE res=SHORT_HORSE fresh=94.46
A r198 MOVE target=S10 fresh=94.4
F r229 w=HEAVY_RAIN
F r251 on=S10
F r266 n=S10 st=IDLE
A r266 CLAIM_TASK task=T_006 fresh=90.32
F r267 st=PROCESSING
F r270 st=IDLE ts=90
A r270 CLAIM_TASK task=T_008 fresh=90.12
F r271 st=PROCESSING
F r273 fr90
F r274 st=IDLE ts=120
A r274 CLAIM_TASK task=T_012 fresh=89.92
F r275 st=PROCESSING
ModeChange r277 EVEN->CONSERVATIVE reason=gap_above_threshold gap=None
F r278 st=IDLE ts=150
A r278 MOVE target=S13 fresh=89.72
F r279 st=MOVING
F r293 on=S13
F r320 n=S13 st=IDLE on=S14
A r320 PROCESS fresh=87.2
A r320 SQUAD_SCOUT target=S14 fresh=87.2
F r321 st=PROCESSING
F r325 st=IDLE
A r325 MOVE target=S14 fresh=86.95
F r326 st=MOVING
A r330 FORCED_PASS target=S14 fresh=86.68
F r331 st=WAITING
A r331 BREAK_GUARD target=S14 good=1 fresh=86.63
A r332 MOVE target=S14 fresh=86.58
REJ r331 x1 MOVING_ACTION_FORBIDDEN FORCED_PASS S14
REJ r332 x1 MOVING_ACTION_FORBIDDEN BREAK_GUARD S14
F r339 w=HOT
A r339 FORCED_PASS target=S14 fresh=86.23
A r340 BREAK_GUARD target=S14 good=1 fresh=86.16
REJ r333 x7 MOVE_BLOCKED_BY_GUARD MOVE S14
A r341 MOVE target=S14 fresh=86.09
REJ r340 x1 MOVING_ACTION_FORBIDDEN FORCED_PASS S14
REJ r341 x1 MOVING_ACTION_FORBIDDEN BREAK_GUARD S14
A r348 FORCED_PASS target=S14 fresh=85.59
A r349 BREAK_GUARD target=S14 good=1 fresh=85.52
REJ r342 x7 MOVE_BLOCKED_BY_GUARD MOVE S14
A r350 MOVE target=S14 fresh=85.45
REJ r349 x1 MOVING_ACTION_FORBIDDEN FORCED_PASS S14
REJ r350 x1 MOVING_ACTION_FORBIDDEN BREAK_GUARD S14
F r356 ofr80
A r357 FORCED_PASS target=S14 fresh=84.95
A r358 BREAK_GUARD target=S14 good=1 fresh=84.88
REJ r351 x7 MOVE_BLOCKED_BY_GUARD MOVE S14
A r359 MOVE target=S14 fresh=84.8
REJ r358 x1 MOVING_ACTION_FORBIDDEN FORCED_PASS S14
REJ r359 x1 MOVING_ACTION_FORBIDDEN BREAK_GUARD S14
A r366 FORCED_PASS target=S14 fresh=84.3
A r367 BREAK_GUARD target=S14 good=0 fresh=84.23
REJ r360 x7 MOVE_BLOCKED_BY_GUARD MOVE S14
A r368 MOVE target=S14 fresh=84.16
REJ r367 x1 MOVING_ACTION_FORBIDDEN FORCED_PASS S14
REJ r368 x1 MOVING_ACTION_FORBIDDEN BREAK_GUARD S14
A r375 FORCED_PASS target=S14 fresh=83.66
A r376 BREAK_GUARD target=S14 good=0 fresh=83.59
REJ r369 x7 MOVE_BLOCKED_BY_GUARD MOVE S14
A r377 MOVE target=S14 fresh=83.52
REJ r376 x1 MOVING_ACTION_FORBIDDEN FORCED_PASS S14
REJ r377 x1 MOVING_ACTION_FORBIDDEN BREAK_GUARD S14
A r384 FORCED_PASS target=S14 fresh=83.02
A r385 BREAK_GUARD target=S14 good=0 fresh=82.95
REJ r378 x7 MOVE_BLOCKED_BY_GUARD MOVE S14
A r386 MOVE target=S14 fresh=82.88
REJ r385 x1 MOVING_ACTION_FORBIDDEN FORCED_PASS S14
REJ r386 x1 MOVING_ACTION_FORBIDDEN BREAK_GUARD S14
F r390 ph=RUSH
A r390 RUSH_PROTECT fresh=82.59
A r391 MOVE target=S14 fresh=82.52
REJ r387 x4 MOVE_BLOCKED_BY_GUARD MOVE S14
REJ r391 x1 MOVING_ACTION_FORBIDDEN RUSH_PROTECT None
A r393 FORCED_PASS target=S14 fresh=82.38
A r394 BREAK_GUARD target=S14 good=0 fresh=82.3
REJ r392 x2 MOVE_BLOCKED_BY_GUARD MOVE S14
A r395 MOVE target=S14 fresh=82.23
REJ r394 x1 MOVING_ACTION_FORBIDDEN FORCED_PASS S14
REJ r395 x1 MOVING_ACTION_FORBIDDEN BREAK_GUARD S14
A r399 RUSH_PROTECT fresh=81.95
A r400 MOVE target=S14 fresh=81.9
REJ r396 x4 MOVE_BLOCKED_BY_GUARD MOVE S14
REJ r400 x1 MOVING_ACTION_FORBIDDEN RUSH_PROTECT None
A r402 FORCED_PASS target=S14 fresh=81.8
A r403 BREAK_GUARD target=S14 good=0 fresh=81.75
REJ r401 x2 MOVE_BLOCKED_BY_GUARD MOVE S14
A r404 MOVE target=S14 fresh=81.7
REJ r403 x1 MOVING_ACTION_FORBIDDEN FORCED_PASS S14
REJ r404 x1 MOVING_ACTION_FORBIDDEN BREAK_GUARD S14
A r408 RUSH_PROTECT fresh=81.5
A r409 MOVE target=S14 fresh=81.45
REJ r405 x4 MOVE_BLOCKED_BY_GUARD MOVE S14
REJ r409 x1 MOVING_ACTION_FORBIDDEN RUSH_PROTECT None
A r411 FORCED_PASS target=S14 fresh=81.35
A r412 BREAK_GUARD target=S14 good=0 fresh=81.3
REJ r410 x2 MOVE_BLOCKED_BY_GUARD MOVE S14
A r413 MOVE target=S14 fresh=81.25
REJ r412 x1 MOVING_ACTION_FORBIDDEN FORCED_PASS S14
REJ r413 x1 MOVING_ACTION_FORBIDDEN BREAK_GUARD S14
A r417 RUSH_PROTECT fresh=81.05
A r418 MOVE target=S14 fresh=81
REJ r414 x4 MOVE_BLOCKED_BY_GUARD MOVE S14
REJ r418 x1 MOVING_ACTION_FORBIDDEN RUSH_PROTECT None
A r420 FORCED_PASS target=S14 fresh=80.9
A r421 BREAK_GUARD target=S14 good=0 fresh=80.85
REJ r419 x2 MOVE_BLOCKED_BY_GUARD MOVE S14
A r422 MOVE target=S14 fresh=80.8
REJ r421 x1 MOVING_ACTION_FORBIDDEN FORCED_PASS S14
REJ r422 x1 MOVING_ACTION_FORBIDDEN BREAK_GUARD S14
A r426 RUSH_PROTECT fresh=80.6
A r427 MOVE target=S14 fresh=80.55
REJ r423 x4 MOVE_BLOCKED_BY_GUARD MOVE S14
REJ r427 x1 MOVING_ACTION_FORBIDDEN RUSH_PROTECT None
A r429 FORCED_PASS target=S14 fresh=80.45
A r430 BREAK_GUARD target=S14 good=0 fresh=80.4
REJ r428 x2 MOVE_BLOCKED_BY_GUARD MOVE S14
A r431 MOVE target=S14 fresh=80.35
REJ r430 x1 MOVING_ACTION_FORBIDDEN FORCED_PASS S14
REJ r431 x1 MOVING_ACTION_FORBIDDEN BREAK_GUARD S14
A r435 RUSH_PROTECT fresh=80.15
A r436 MOVE target=S14 fresh=80.1
REJ r432 x4 MOVE_BLOCKED_BY_GUARD MOVE S14
REJ r436 x1 MOVING_ACTION_FORBIDDEN RUSH_PROTECT None
A r438 FORCED_PASS target=S14 fresh=80
F r439 gf=97 fr80
A r439 BREAK_GUARD target=S14 good=0 fresh=79.95
REJ r437 x2 MOVE_BLOCKED_BY_GUARD MOVE S14
A r440 MOVE target=S14 fresh=79.9
REJ r439 x1 MOVING_ACTION_FORBIDDEN FORCED_PASS S14
REJ r440 x1 MOVING_ACTION_FORBIDDEN BREAK_GUARD S14
A r444 RUSH_PROTECT fresh=79.7
A r445 MOVE target=S14 fresh=79.65
REJ r441 x4 MOVE_BLOCKED_BY_GUARD MOVE S14
REJ r445 x1 MOVING_ACTION_FORBIDDEN RUSH_PROTECT None
A r447 FORCED_PASS target=S14 fresh=79.55
A r448 BREAK_GUARD target=S14 good=0 fresh=79.5
REJ r446 x2 MOVE_BLOCKED_BY_GUARD MOVE S14
F r449 w=MOUNTAIN_FOG
A r449 MOVE target=S14 fresh=79.45
REJ r448 x1 MOVING_ACTION_FORBIDDEN FORCED_PASS S14
F r450 st=MOVING
A r454 RUSH_PROTECT fresh=79.18
F r455 st=WAITING
A r455 MOVE target=S14 fresh=79.13
REJ r449 x1 MOVING_ACTION_FORBIDDEN BREAK_GUARD S14
A r456 FORCED_PASS target=S14 fresh=79.08
REJ r455 x1 MOVING_ACTION_FORBIDDEN RUSH_PROTECT None
A r457 BREAK_GUARD target=S14 good=0 fresh=79.03
REJ r456 x1 MOVE_BLOCKED_BY_GUARD MOVE S14
A r458 MOVE target=S14 fresh=78.98
REJ r457 x1 MOVING_ACTION_FORBIDDEN FORCED_PASS S14
REJ r458 x1 MOVING_ACTION_FORBIDDEN BREAK_GUARD S14
A r463 RUSH_PROTECT fresh=78.73
A r464 MOVE target=S14 fresh=78.68
REJ r459 x5 MOVE_BLOCKED_BY_GUARD MOVE S14
A r465 FORCED_PASS target=S14 fresh=78.63
REJ r464 x1 MOVING_ACTION_FORBIDDEN RUSH_PROTECT None
A r466 BREAK_GUARD target=S14 good=0 fresh=78.58
REJ r465 x1 MOVE_BLOCKED_BY_GUARD MOVE S14
A r467 MOVE target=S14 fresh=78.53
REJ r466 x1 MOVING_ACTION_FORBIDDEN FORCED_PASS S14
REJ r467 x1 MOVING_ACTION_FORBIDDEN BREAK_GUARD S14
A r472 RUSH_PROTECT fresh=78.28
A r473 MOVE target=S14 fresh=78.23
REJ r468 x5 MOVE_BLOCKED_BY_GUARD MOVE S14
A r474 FORCED_PASS target=S14 fresh=78.18
REJ r473 x1 MOVING_ACTION_FORBIDDEN RUSH_PROTECT None
A r475 BREAK_GUARD target=S14 good=0 fresh=78.13
REJ r474 x1 MOVE_BLOCKED_BY_GUARD MOVE S14
A r476 MOVE target=S14 fresh=78.08
REJ r475 x1 MOVING_ACTION_FORBIDDEN FORCED_PASS S14
REJ r476 x1 MOVING_ACTION_FORBIDDEN BREAK_GUARD S14
A r481 RUSH_PROTECT fresh=77.83
A r482 MOVE target=S14 fresh=77.78
REJ r477 x5 MOVE_BLOCKED_BY_GUARD MOVE S14
A r483 FORCED_PASS target=S14 fresh=77.73
REJ r482 x1 MOVING_ACTION_FORBIDDEN RUSH_PROTECT None
A r484 BREAK_GUARD target=S14 good=0 fresh=77.68
REJ r483 x1 MOVE_BLOCKED_BY_GUARD MOVE S14
A r485 MOVE target=S14 fresh=77.63
REJ r484 x1 MOVING_ACTION_FORBIDDEN FORCED_PASS S14
REJ r485 x1 MOVING_ACTION_FORBIDDEN BREAK_GUARD S14
A r490 RUSH_PROTECT fresh=77.38
A r491 MOVE target=S14 fresh=77.33
REJ r486 x5 MOVE_BLOCKED_BY_GUARD MOVE S14
A r492 FORCED_PASS target=S14 fresh=77.28
REJ r491 x1 MOVING_ACTION_FORBIDDEN RUSH_PROTECT None
A r493 BREAK_GUARD target=S14 good=0 fresh=77.23
REJ r492 x1 MOVE_BLOCKED_BY_GUARD MOVE S14
A r494 MOVE target=S14 fresh=77.18
REJ r493 x1 MOVING_ACTION_FORBIDDEN FORCED_PASS S14
REJ r494 x1 MOVING_ACTION_FORBIDDEN BREAK_GUARD S14
A r499 RUSH_PROTECT fresh=76.93
A r500 MOVE target=S14 fresh=76.88
REJ r495 x5 MOVE_BLOCKED_BY_GUARD MOVE S14
A r501 FORCED_PASS target=S14 fresh=76.83
REJ r500 x1 MOVING_ACTION_FORBIDDEN RUSH_PROTECT None
A r502 BREAK_GUARD target=S14 good=0 fresh=76.78
REJ r501 x1 MOVE_BLOCKED_BY_GUARD MOVE S14
A r503 MOVE target=S14 fresh=76.73
REJ r502 x1 MOVING_ACTION_FORBIDDEN FORCED_PASS S14
REJ r503 x1 MOVING_ACTION_FORBIDDEN BREAK_GUARD S14
A r508 RUSH_PROTECT fresh=76.48
A r509 MOVE target=S14 fresh=76.43
REJ r504 x5 MOVE_BLOCKED_BY_GUARD MOVE S14
A r510 FORCED_PASS target=S14 fresh=76.38
REJ r509 x1 MOVING_ACTION_FORBIDDEN RUSH_PROTECT None
A r511 BREAK_GUARD target=S14 good=0 fresh=76.33
REJ r510 x1 MOVE_BLOCKED_BY_GUARD MOVE S14
A r512 MOVE target=S14 fresh=76.28
REJ r511 x1 MOVING_ACTION_FORBIDDEN FORCED_PASS S14
REJ r512 x1 MOVING_ACTION_FORBIDDEN BREAK_GUARD S14
A r517 RUSH_PROTECT fresh=76.03
A r518 MOVE target=S14 fresh=75.98
REJ r513 x5 MOVE_BLOCKED_BY_GUARD MOVE S14
A r519 FORCED_PASS target=S14 fresh=75.93
REJ r518 x1 MOVING_ACTION_FORBIDDEN RUSH_PROTECT None
A r520 BREAK_GUARD target=S14 good=0 fresh=75.88
REJ r519 x1 MOVE_BLOCKED_BY_GUARD MOVE S14
A r521 MOVE target=S14 fresh=75.83
REJ r520 x1 MOVING_ACTION_FORBIDDEN FORCED_PASS S14
REJ r521 x1 MOVING_ACTION_FORBIDDEN BREAK_GUARD S14
A r526 RUSH_PROTECT fresh=75.58
A r527 MOVE target=S14 fresh=75.53
REJ r522 x5 MOVE_BLOCKED_BY_GUARD MOVE S14
A r528 FORCED_PASS target=S14 fresh=75.48
REJ r527 x1 MOVING_ACTION_FORBIDDEN RUSH_PROTECT None
A r529 BREAK_GUARD target=S14 good=0 fresh=75.43
REJ r528 x1 MOVE_BLOCKED_BY_GUARD MOVE S14
A r530 MOVE target=S14 fresh=75.38
REJ r529 x1 MOVING_ACTION_FORBIDDEN FORCED_PASS S14
REJ r530 x1 MOVING_ACTION_FORBIDDEN BREAK_GUARD S14
A r535 RUSH_PROTECT fresh=75.13
A r536 MOVE target=S14 fresh=75.08
REJ r531 x5 MOVE_BLOCKED_BY_GUARD MOVE S14
F r537 ofr70
A r537 FORCED_PASS target=S14 fresh=75.03
REJ r536 x1 MOVING_ACTION_FORBIDDEN RUSH_PROTECT None
A r538 BREAK_GUARD target=S14 good=0 fresh=74.98
REJ r537 x1 MOVE_BLOCKED_BY_GUARD MOVE S14
A r539 MOVE target=S14 fresh=74.93
REJ r538 x1 MOVING_ACTION_FORBIDDEN FORCED_PASS S14
REJ r539 x1 MOVING_ACTION_FORBIDDEN BREAK_GUARD S14
A r544 RUSH_PROTECT fresh=74.68
A r545 MOVE target=S14 fresh=74.63
REJ r540 x5 MOVE_BLOCKED_BY_GUARD MOVE S14
A r546 FORCED_PASS target=S14 fresh=74.58
REJ r545 x1 MOVING_ACTION_FORBIDDEN RUSH_PROTECT None
A r547 BREAK_GUARD target=S14 good=0 fresh=74.53
REJ r546 x1 MOVE_BLOCKED_BY_GUARD MOVE S14
A r548 MOVE target=S14 fresh=74.48
REJ r547 x1 MOVING_ACTION_FORBIDDEN FORCED_PASS S14
REJ r548 x1 MOVING_ACTION_FORBIDDEN BREAK_GUARD S14
A r553 RUSH_PROTECT fresh=74.23
A r554 MOVE target=S14 fresh=74.18
REJ r549 x5 MOVE_BLOCKED_BY_GUARD MOVE S14
A r555 FORCED_PASS target=S14 fresh=74.13
REJ r554 x1 MOVING_ACTION_FORBIDDEN RUSH_PROTECT None
A r556 BREAK_GUARD target=S14 good=0 fresh=74.08
REJ r555 x1 MOVE_BLOCKED_BY_GUARD MOVE S14
A r557 MOVE target=S14 fresh=74.03
REJ r556 x1 MOVING_ACTION_FORBIDDEN FORCED_PASS S14
REJ r557 x1 MOVING_ACTION_FORBIDDEN BREAK_GUARD S14
ModeChange r560 CONSERVATIVE->AGGRESSIVE reason=gap_below_threshold gap=None
A r562 RUSH_PROTECT fresh=73.78
A r563 MOVE target=S14 fresh=73.73
REJ r558 x5 MOVE_BLOCKED_BY_GUARD MOVE S14
A r564 FORCED_PASS target=S14 fresh=73.68
REJ r563 x1 MOVING_ACTION_FORBIDDEN RUSH_PROTECT None
A r565 BREAK_GUARD target=S14 good=0 fresh=73.63
REJ r564 x1 MOVE_BLOCKED_BY_GUARD MOVE S14
A r566 MOVE target=S14 fresh=73.58
REJ r565 x1 MOVING_ACTION_FORBIDDEN FORCED_PASS S14
REJ r566 x1 MOVING_ACTION_FORBIDDEN BREAK_GUARD S14
A r571 RUSH_PROTECT fresh=73.33
A r572 MOVE target=S14 fresh=73.28
REJ r567 x5 MOVE_BLOCKED_BY_GUARD MOVE S14
A r573 FORCED_PASS target=S14 fresh=73.23
REJ r572 x1 MOVING_ACTION_FORBIDDEN RUSH_PROTECT None
A r574 MOVE target=S14 fresh=73.18
REJ r573 x1 MOVE_BLOCKED_BY_GUARD MOVE S14
F r575 st=MOVING
F r583 on=S15
F r589 n=S14 st=IDLE
A r589 RUSH_PROTECT fresh=72.35
F r590 st=WAITING
A r590 VERIFY_GATE fresh=72.34
F r591 st=VERIFYING
F r596 st=IDLE vfy=1
A r596 MOVE target=S15 fresh=72.28
F r597 st=MOVING
REJ r574 x1 MOVING_ACTION_FORBIDDEN FORCED_PASS S14
Traj fstart=100 fmin=72.24 fend=72.24 gstart=100 gend=97 onode=S15 ofend=68.56 ogend=93
Proj my=80 oppDel=600 gap=-330 mode=AGGRESSIVE
Conf min=0.300 med=0.575 max=0.850
MidGap=326
Over result=NORMAL reason=TIME_LIMIT round=600 winner=2982 iWon=False
Score me total=80 del=False dframe=0 fresh=72.23 good=97 task=150 bounty=0 det=[bounty=0|delivery=0|freshness=0|goodFruit=0|penalty=0|tasks=80|time=0|total=80]
Score opp total=410 del=True dframe=583 fresh=68.56 good=93 task=0 bounty=0 det=[bounty=0|delivery=120|freshness=123|goodFruit=167|penalty=0|tasks=0|time=0|total=410]
