# match_20260705_134013_426_2696_vs_2751_c062416b v=iter36 pid=2696 team=RED seed=None dur=600
Map N=15 E=23
N S01:S S02:C S03:P S04:D S05:W S06:M S07:S S08:M S09:S S10:K S11:P S12:J S13:P S14:G S15:F
E S01-S02:30:R S02-S03:25:R S03-S07:54:R S07-S09:46:R S09-S10:40:R S10-S11:36:R S11-S12:20:R S12-S13:25:R S13-S14:18:R S14-S15:10:R S02-S04:20:R S04-S05:44:W S05-S07:46:B S01-S06:44:M S06-S08:54:M S08-S10:46:B S03-S06:38:B S05-S09:48:W S07-S08:42:M S04-S07:54:B S08-S09:64:B S11-S14:15:B S10-S13:27:B
F r1 n=S01 st=IDLE ph=NORMAL gf=100 ts=0 on=S01 ots=0
A r1 CLEAR target=S06 fresh=100
A r1 SQUAD_CLEAR target=S08 fresh=100
F r2 st=PROCESSING
F r7 st=IDLE gf=99
A r7 MOVE target=S06 fresh=99.7
F r8 st=MOVING
F r86 n=S06 st=IDLE
A r86 CLAIM_RESOURCE target=S06 res=ICE_BOX fresh=94.17
F r87 st=PROCESSING
F r88 st=IDLE
A r88 MOVE target=S08 fresh=94.07
F r89 st=MOVING
F r92 on=S06
F r120 w=MOUNTAIN_FOG
F r146 ofr90
F r147 gf=98 fr90
F r190 n=S08 st=IDLE
A r190 USE_RESOURCE res=ICE_BOX fresh=86.93
A r191 CLAIM_TASK task=T_003 fresh=96.88
F r192 st=PROCESSING
F r194 on=S08
F r195 st=IDLE ts=30
A r195 CLAIM_TASK task=T_005 fresh=96.68
F r196 st=PROCESSING
F r199 st=IDLE ts=60
A r199 MOVE target=S10 fresh=96.48
F r200 st=MOVING
F r230 w=HOT
F r267 on=S10
F r271 n=S10 st=IDLE
A r271 CLAIM_TASK task=T_009 fresh=90.52
F r272 st=CONTESTING
A r272 WINDOW_CARD contest=C_271_001 type=TASK card=BING_ZHENG fresh=90.45
F r276 st=WAITING
A r276 CLAIM_TASK task=T_009 fresh=90.16
ModeChange r277 EVEN->CONSERVATIVE reason=gap_above_threshold gap=None
A r277 CLAIM_TASK task=T_012 fresh=90.09
F r278 st=PROCESSING ofr80
F r279 ots=30 fr90
F r281 st=IDLE ts=90
A r281 CLAIM_TASK task=T_013 fresh=89.8
F r282 st=CONTESTING
A r282 WINDOW_CARD contest=C_281_002 type=TASK card=BING_ZHENG fresh=89.73
A r283 WINDOW_CARD contest=C_281_002 type=TASK card=ABSTAIN fresh=89.66
F r286 st=WAITING
A r286 CLAIM_TASK task=T_013 fresh=89.45
A r287 MOVE target=S13 fresh=89.38
F r288 st=MOVING
F r289 ots=60
F r329 n=S13 st=IDLE
A r329 PROCESS fresh=86.74
A r329 SQUAD_SCOUT target=S14 fresh=86.74
F r330 st=PROCESSING
F r331 on=S13
F r334 st=IDLE
A r334 MOVE target=S14 fresh=86.49
F r335 st=MOVING
F r340 w=HEAVY_RAIN
F r359 n=S14 st=IDLE
F r360 st=WAITING
F r364 on=S14
F r390 ph=RUSH
A r390 RUSH_PROTECT fresh=83.55
A r391 VERIFY_GATE fresh=83.54
REJ r277 x2 OBJECT_BUSY CLAIM_TASK None
F r397 st=VERIFYING
F r402 st=IDLE vfy=1
A r402 MOVE target=S15 fresh=83.43
F r403 st=MOVING
F r410 on=S15
F r416 n=S15 st=IDLE
A r416 DELIVER fresh=83.29
REJ r392 x5 OBJECT_BUSY VERIFY_GATE None
Traj fstart=100 fmin=83.29 fend=83.29 gstart=100 gend=98 onode=S15 ofend=72.49 ogend=95
Proj my=711 oppDel=416 gap=121 mode=CONSERVATIVE
Conf min=0.300 med=0.490 max=0.680
MidGap=121
Over result=NORMAL reason=ALL_DELIVERED round=416 winner=2696 iWon=True
Score me total=711 del=True dframe=416 fresh=83.29 good=98 task=90 bounty=0 det=[bounty=0|delivery=240|freshness=149|goodFruit=176|penalty=0|tasks=125|time=21|total=711]
Score opp total=590 del=True dframe=410 fresh=72.49 good=95 task=60 bounty=0 det=[bounty=0|delivery=200|freshness=130|goodFruit=171|penalty=0|tasks=75|time=14|total=590]
