# match_20260705_121242_597_2696_vs_2814_b2f5824f v=iter36 pid=2696 team=RED seed=None dur=600
Map N=15 E=23
N S01:S S02:C S03:P S04:D S05:W S06:M S07:S S08:M S09:S S10:K S11:P S12:J S13:P S14:G S15:F
E S01-S02:30:R S02-S03:25:R S03-S07:54:R S07-S09:46:R S09-S10:40:R S10-S11:36:R S11-S12:20:R S12-S13:25:R S13-S14:18:R S14-S15:10:R S02-S04:20:R S04-S05:44:W S05-S07:46:B S01-S06:44:M S06-S08:54:M S08-S10:46:B S03-S06:38:B S05-S09:48:W S07-S08:42:M S04-S07:54:B S08-S09:64:B S11-S14:15:B S10-S13:27:B
F r1 n=S01 st=IDLE ph=NORMAL gf=100 ts=0 on=S01 ots=0
A r1 CLEAR target=S06 fresh=100
A r1 SQUAD_CLEAR target=S08 fresh=100
F r2 st=PROCESSING
F r7 st=IDLE gf=99
A r7 MOVE target=S06 fresh=99.7
F r8 st=MOVING
F r43 on=S02
F r75 on=S04
F r79 ots=30
F r84 w=MOUNTAIN_FOG
F r86 n=S06 st=IDLE
A r86 CLAIM_RESOURCE target=S06 res=ICE_BOX fresh=94.17
F r87 st=PROCESSING
F r88 st=IDLE
A r88 MOVE target=S08 fresh=94.07
F r89 st=MOVING
F r141 on=S05
F r147 gf=98 fr90
F r190 n=S08 st=IDLE
A r190 USE_RESOURCE res=ICE_BOX fresh=86.93
A r191 CLAIM_TASK task=T_003 fresh=96.88
F r192 st=PROCESSING
F r195 st=IDLE ts=30
A r195 CLAIM_TASK task=T_005 fresh=96.68
F r196 st=PROCESSING
F r199 st=IDLE ts=60
A r199 CLAIM_RESOURCE target=S08 res=SHORT_HORSE fresh=96.48
F r200 st=PROCESSING
F r201 st=IDLE
A r201 MOVE target=S10 fresh=96.38
F r202 st=MOVING
A r202 USE_RESOURCE res=SHORT_HORSE fresh=96.32
A r203 MOVE target=S10 fresh=96.26
F r207 on=S09
F r213 ofr90
F r235 w=HOT
F r267 on=S10
F r271 n=S10 st=IDLE
A r271 CLAIM_TASK task=T_008 fresh=90.74
F r272 st=CONTESTING
A r272 WINDOW_CARD contest=C_271_001 type=TASK card=BING_ZHENG fresh=90.66
F r275 st=PROCESSING
ModeChange r277 EVEN->CONSERVATIVE reason=gap_above_threshold gap=None
F r279 st=IDLE ts=90
A r279 CLAIM_TASK task=T_010 fresh=90.16
F r280 st=WAITING
A r280 CLAIM_TASK task=T_011 fresh=90.09
F r281 st=PROCESSING ots=60
F r282 fr90
F r284 st=IDLE ts=120
A r284 CLAIM_TASK task=T_013 fresh=89.8
F r285 st=WAITING
A r285 MOVE target=S13 fresh=89.73
F r286 st=MOVING ots=90
F r327 n=S13 st=IDLE
A r327 PROCESS fresh=86.81
A r327 SQUAD_SCOUT target=S14 fresh=86.81
F r328 st=PROCESSING on=S13
F r332 st=IDLE
A r332 MOVE target=S14 fresh=86.56
F r333 st=MOVING
F r345 w=HEAVY_RAIN
F r357 n=S14 st=IDLE
F r358 st=WAITING
F r365 ofr80
F r390 ph=RUSH
A r390 RUSH_PROTECT fresh=83.53
A r391 VERIFY_GATE fresh=83.52
F r392 st=VERIFYING
F r394 on=S14
F r397 st=IDLE vfy=1
A r397 MOVE target=S15 fresh=83.46
F r398 st=MOVING
F r411 n=S15 st=IDLE
A r411 DELIVER fresh=83.32
F r412 st=DELIVERED del=1
F r417 on=S15
REJ r280 x2 OBJECT_BUSY CLAIM_TASK None
Traj fstart=100 fmin=83.32 fend=83.32 gstart=100 gend=98 onode=S15 ofend=78.28 ogend=98
Proj my=756 oppDel=417 gap=54 mode=CONSERVATIVE
Conf min=0.300 med=0.490 max=0.680
MidGap=54
Over result=NORMAL reason=ALL_DELIVERED round=417 winner=2696 iWon=True
Score me total=757 del=True dframe=411 fresh=83.32 good=98 task=120 bounty=0 det=[bounty=0|delivery=240|freshness=149|goodFruit=176|penalty=0|tasks=170|time=22|total=757]
Score opp total=702 del=True dframe=417 fresh=78.28 good=98 task=90 bounty=0 det=[bounty=0|delivery=240|freshness=140|goodFruit=176|penalty=0|tasks=125|time=21|total=702]
