# match_20260705_122119_336_2696_vs_2652_e37a8f3a v=iter36 pid=2696 team=RED seed=None dur=600
Map N=15 E=23
N S01:S S02:C S03:P S04:D S05:W S06:M S07:S S08:M S09:S S10:K S11:P S12:J S13:P S14:G S15:F
E S01-S02:30:R S02-S03:25:R S03-S07:54:R S07-S09:46:R S09-S10:40:R S10-S11:36:R S11-S12:20:R S12-S13:25:R S13-S14:18:R S14-S15:10:R S02-S04:20:R S04-S05:44:W S05-S07:46:B S01-S06:44:M S06-S08:54:M S08-S10:46:B S03-S06:38:B S05-S09:48:W S07-S08:42:M S04-S07:54:B S08-S09:64:B S11-S14:15:B S10-S13:27:B
F r1 n=S01 st=IDLE ph=NORMAL gf=100 ts=0 on=S01 ots=0
A r1 CLEAR target=S06 fresh=100
A r1 SQUAD_CLEAR target=S08 fresh=100
F r2 st=PROCESSING
F r7 st=IDLE gf=99
A r7 MOVE target=S06 fresh=99.7
F r8 st=MOVING
F r43 on=S02
F r86 n=S06 st=IDLE
A r86 CLAIM_RESOURCE target=S06 res=ICE_BOX fresh=94.17
A r86 SQUAD_CLEAR target=S10 fresh=94.17
F r87 st=PROCESSING
F r88 st=IDLE w=HEAVY_RAIN
A r88 MOVE target=S08 fresh=94.07
F r89 st=MOVING
F r120 on=S03
F r123 ots=30
F r126 ots=60
F r147 gf=98 fr90
F r185 n=S08 st=IDLE
A r185 USE_RESOURCE res=ICE_BOX fresh=87.28
A r186 CLAIM_TASK task=T_003 fresh=97.23
F r187 st=PROCESSING ofr90
F r190 st=IDLE ts=30
A r190 CLAIM_TASK task=T_009 fresh=97.03
F r191 st=PROCESSING
F r194 st=IDLE ts=60
A r194 CLAIM_RESOURCE target=S08 res=SHORT_HORSE fresh=96.83
F r195 st=PROCESSING
F r196 st=IDLE
A r196 MOVE target=S10 fresh=96.73
F r197 st=MOVING
A r197 USE_RESOURCE res=SHORT_HORSE fresh=96.67
A r198 MOVE target=S10 fresh=96.61
F r207 on=S07
F r215 ots=90
F r219 ots=120
F r239 w=HOT
F r266 n=S10 st=IDLE
A r266 CLAIM_TASK task=T_008 fresh=91.45
F r267 st=PROCESSING
F r270 st=IDLE ts=90
A r270 CLAIM_TASK task=T_012 fresh=91.16
F r271 st=PROCESSING
F r274 st=IDLE ts=120
A r274 CLAIM_TASK task=T_014 fresh=90.88
F r275 st=PROCESSING
F r278 st=IDLE ts=150
A r278 MOVE target=S13 fresh=90.59
F r279 st=MOVING
ModeChange r282 EVEN->CONSERVATIVE reason=gap_above_threshold gap=None
F r284 fr90
F r292 on=S09
ModeChange r296 CONSERVATIVE->EVEN reason=gap_within_band gap=None
F r320 n=S13 st=IDLE
A r320 PROCESS fresh=87.23
A r320 SQUAD_SCOUT target=S14 fresh=87.23
F r321 st=PROCESSING
F r325 st=IDLE
A r325 MOVE target=S14 fresh=86.98
F r326 st=MOVING
F r343 ofr90
F r347 on=S10
F r349 w=MOUNTAIN_FOG
F r350 n=S14 st=IDLE
F r351 st=WAITING
F r389 on=S13
F r390 ph=RUSH
A r390 RUSH_PROTECT fresh=83.6
A r391 VERIFY_GATE fresh=83.59
F r392 st=VERIFYING
F r397 st=IDLE vfy=1
A r397 MOVE target=S15 fresh=83.53
F r398 st=MOVING
F r411 n=S15 st=IDLE
A r411 DELIVER fresh=83.39
F r412 st=DELIVERED del=1
F r444 on=S14
F r459 w=HOT
F r465 on=S15
Traj fstart=100 fmin=83.39 fend=83.39 gstart=100 gend=98 onode=S15 ofend=94.37 ogend=95
Proj my=761 oppDel=465 gap=-4 mode=EVEN
Conf min=0.300 med=0.510 max=0.730
MidGap=22
Over result=NORMAL reason=ALL_DELIVERED round=465 winner=2696 iWon=True
Score me total=768 del=True dframe=411 fresh=83.39 good=98 task=150 bounty=0 det=[bounty=0|delivery=240|freshness=150|goodFruit=176|penalty=0|tasks=180|time=22|total=768]
Score opp total=765 del=True dframe=465 fresh=94.37 good=95 task=120 bounty=0 det=[bounty=0|delivery=240|freshness=169|goodFruit=171|penalty=0|tasks=170|time=15|total=765]
