# match_20260705_134615_708_2696_vs_2744_9f9b4493 v=iter36 pid=2696 team=RED seed=None dur=600
Map N=15 E=23
N S01:S S02:C S03:P S04:D S05:W S06:M S07:S S08:M S09:S S10:K S11:P S12:J S13:P S14:G S15:F
E S01-S02:30:R S02-S03:25:R S03-S07:54:R S07-S09:46:R S09-S10:40:R S10-S11:36:R S11-S12:20:R S12-S13:25:R S13-S14:18:R S14-S15:10:R S02-S04:20:R S04-S05:44:W S05-S07:46:B S01-S06:44:M S06-S08:54:M S08-S10:46:B S03-S06:38:B S05-S09:48:W S07-S08:42:M S04-S07:54:B S08-S09:64:B S11-S14:15:B S10-S13:27:B
F r1 n=S01 st=IDLE ph=NORMAL gf=100 ts=0 on=S01 ots=0
A r1 CLEAR target=S06 fresh=100
A r1 SQUAD_CLEAR target=S08 fresh=100
F r2 st=PROCESSING
F r7 st=IDLE gf=99
A r7 MOVE target=S06 fresh=99.7
F r8 st=MOVING
F r43 on=S02
F r73 on=S04
F r86 n=S06 st=IDLE
A r86 CLAIM_RESOURCE target=S06 res=ICE_BOX fresh=94.17
F r87 st=PROCESSING
F r88 st=IDLE
A r88 MOVE target=S08 fresh=94.07
F r89 st=MOVING
F r106 w=MOUNTAIN_FOG
F r132 on=S05
F r147 gf=98 fr90
F r190 n=S08 st=IDLE
A r190 USE_RESOURCE res=ICE_BOX fresh=86.93
A r191 CLAIM_TASK task=T_003 fresh=96.88
F r192 st=PROCESSING
F r195 st=IDLE ts=30 on=S09
A r195 CLAIM_TASK task=T_005 fresh=96.68
F r196 st=PROCESSING
F r199 st=IDLE ts=60
A r199 CLAIM_RESOURCE target=S08 res=SHORT_HORSE fresh=96.48
F r200 st=PROCESSING
F r201 st=IDLE
A r201 MOVE target=S10 fresh=96.38
F r202 st=MOVING
A r202 USE_RESOURCE res=SHORT_HORSE fresh=96.32
A r203 MOVE target=S10 fresh=96.26
F r211 ofr90
F r216 w=HOT
F r249 on=S10
A r253 BREAK_GUARD target=S10 good=2 fresh=91.78
F r254 st=WAITING
A r254 FORCED_PASS target=S10 fresh=91.71
A r255 MOVE target=S10 fresh=91.63
REJ r254 x1 MOVING_ACTION_FORBIDDEN BREAK_GUARD S10
REJ r255 x1 MOVING_ACTION_FORBIDDEN FORCED_PASS S10
F r257 ots=30
F r261 ots=60
A r262 BREAK_GUARD target=S10 good=2 fresh=91.13
A r263 FORCED_PASS target=S10 fresh=91.05
REJ r256 x7 MOVE_BLOCKED_BY_GUARD MOVE S10
A r264 MOVE target=S10 fresh=90.98
REJ r263 x1 MOVING_ACTION_FORBIDDEN BREAK_GUARD S10
F r265 ots=90
REJ r264 x1 MOVING_ACTION_FORBIDDEN FORCED_PASS S10
F r269 ots=120
A r271 BREAK_GUARD target=S10 good=2 fresh=90.48
A r272 FORCED_PASS target=S10 fresh=90.41
REJ r265 x7 MOVE_BLOCKED_BY_GUARD MOVE S10
A r273 MOVE target=S10 fresh=90.34
REJ r272 x1 MOVING_ACTION_FORBIDDEN BREAK_GUARD S10
REJ r273 x1 MOVING_ACTION_FORBIDDEN FORCED_PASS S10
ModeChange r277 EVEN->AGGRESSIVE reason=gap_below_threshold gap=None
F r279 fr90
A r280 BREAK_GUARD target=S10 good=2 fresh=89.93
A r281 FORCED_PASS target=S10 fresh=89.88
REJ r274 x7 MOVE_BLOCKED_BY_GUARD MOVE S10
A r282 MOVE target=S10 fresh=89.83
REJ r281 x1 MOVING_ACTION_FORBIDDEN BREAK_GUARD S10
REJ r282 x1 MOVING_ACTION_FORBIDDEN FORCED_PASS S10
A r289 BREAK_GUARD target=S10 good=2 fresh=89.48
Bounty r=289 target=S10 reward=18 delta=35 extra=0 action=BREAK_GUARD goodBurn=2
A r290 FORCED_PASS target=S10 fresh=89.43
REJ r283 x7 MOVE_BLOCKED_BY_GUARD MOVE S10
A r291 MOVE target=S10 fresh=89.38
REJ r290 x1 MOVING_ACTION_FORBIDDEN BREAK_GUARD S10
REJ r291 x1 MOVING_ACTION_FORBIDDEN FORCED_PASS S10
A r298 BREAK_GUARD target=S10 good=1 fresh=89.03
Bounty r=298 target=S10 reward=18 delta=36 extra=0 action=BREAK_GUARD goodBurn=1
A r299 FORCED_PASS target=S10 fresh=88.98
REJ r292 x7 MOVE_BLOCKED_BY_GUARD MOVE S10
A r300 MOVE target=S10 fresh=88.93
REJ r299 x1 MOVING_ACTION_FORBIDDEN BREAK_GUARD S10
REJ r300 x1 MOVING_ACTION_FORBIDDEN FORCED_PASS S10
A r307 BREAK_GUARD target=S10 good=2 fresh=88.58
Bounty r=307 target=S10 reward=18 delta=35 extra=0 action=BREAK_GUARD goodBurn=2
A r308 FORCED_PASS target=S10 fresh=88.53
REJ r301 x7 MOVE_BLOCKED_BY_GUARD MOVE S10
A r309 MOVE target=S10 fresh=88.48
REJ r308 x1 MOVING_ACTION_FORBIDDEN BREAK_GUARD S10
REJ r309 x1 MOVING_ACTION_FORBIDDEN FORCED_PASS S10
A r316 BREAK_GUARD target=S10 good=2 fresh=88.13
Bounty r=316 target=S10 reward=18 delta=35 extra=0 action=BREAK_GUARD goodBurn=2
A r317 FORCED_PASS target=S10 fresh=88.08
REJ r310 x7 MOVE_BLOCKED_BY_GUARD MOVE S10
A r318 MOVE target=S10 fresh=88.03
REJ r317 x1 MOVING_ACTION_FORBIDDEN BREAK_GUARD S10
REJ r318 x1 MOVING_ACTION_FORBIDDEN FORCED_PASS S10
A r325 BREAK_GUARD target=S10 good=2 fresh=87.68
Bounty r=325 target=S10 reward=18 delta=35 extra=0 action=BREAK_GUARD goodBurn=2
F r326 w=HEAVY_RAIN
A r326 FORCED_PASS target=S10 fresh=87.63
REJ r319 x7 MOVE_BLOCKED_BY_GUARD MOVE S10
A r327 MOVE target=S10 fresh=87.58
REJ r326 x1 MOVING_ACTION_FORBIDDEN BREAK_GUARD S10
REJ r327 x1 MOVING_ACTION_FORBIDDEN FORCED_PASS S10
A r334 BREAK_GUARD target=S10 good=2 fresh=87.23
Bounty r=334 target=S10 reward=18 delta=35 extra=0 action=BREAK_GUARD goodBurn=2
A r335 FORCED_PASS target=S10 fresh=87.18
REJ r328 x7 MOVE_BLOCKED_BY_GUARD MOVE S10
A r336 MOVE target=S10 fresh=87.13
REJ r335 x1 MOVING_ACTION_FORBIDDEN BREAK_GUARD S10
REJ r336 x1 MOVING_ACTION_FORBIDDEN FORCED_PASS S10
A r343 BREAK_GUARD target=S10 good=2 fresh=86.78
Bounty r=343 target=S10 reward=18 delta=35 extra=0 action=BREAK_GUARD goodBurn=2
A r344 FORCED_PASS target=S10 fresh=86.73
REJ r337 x7 MOVE_BLOCKED_BY_GUARD MOVE S10
A r345 MOVE target=S10 fresh=86.68
REJ r344 x1 MOVING_ACTION_FORBIDDEN BREAK_GUARD S10
REJ r345 x1 MOVING_ACTION_FORBIDDEN FORCED_PASS S10
A r352 BREAK_GUARD target=S10 good=2 fresh=86.33
Bounty r=352 target=S10 reward=18 delta=35 extra=0 action=BREAK_GUARD goodBurn=2
A r353 FORCED_PASS target=S10 fresh=86.28
REJ r346 x7 MOVE_BLOCKED_BY_GUARD MOVE S10
A r354 MOVE target=S10 fresh=86.23
REJ r353 x1 MOVING_ACTION_FORBIDDEN BREAK_GUARD S10
REJ r354 x1 MOVING_ACTION_FORBIDDEN FORCED_PASS S10
A r361 BREAK_GUARD target=S10 good=1 fresh=85.88
Bounty r=361 target=S10 reward=18 delta=36 extra=0 action=BREAK_GUARD goodBurn=1
A r362 FORCED_PASS target=S10 fresh=85.83
REJ r355 x7 MOVE_BLOCKED_BY_GUARD MOVE S10
A r363 MOVE target=S10 fresh=85.78
REJ r362 x1 MOVING_ACTION_FORBIDDEN BREAK_GUARD S10
REJ r363 x1 MOVING_ACTION_FORBIDDEN FORCED_PASS S10
A r370 BREAK_GUARD target=S10 good=1 fresh=85.43
Bounty r=370 target=S10 reward=18 delta=36 extra=0 action=BREAK_GUARD goodBurn=1
A r371 FORCED_PASS target=S10 fresh=85.38
REJ r364 x7 MOVE_BLOCKED_BY_GUARD MOVE S10
A r372 MOVE target=S10 fresh=85.33
REJ r371 x1 MOVING_ACTION_FORBIDDEN BREAK_GUARD S10
REJ r372 x1 MOVING_ACTION_FORBIDDEN FORCED_PASS S10
F r379 ofr80
A r379 BREAK_GUARD target=S10 good=1 fresh=84.98
Bounty r=379 target=S10 reward=18 delta=36 extra=0 action=BREAK_GUARD goodBurn=1
A r380 FORCED_PASS target=S10 fresh=84.93
REJ r373 x7 MOVE_BLOCKED_BY_GUARD MOVE S10
A r381 MOVE target=S10 fresh=84.88
REJ r380 x1 MOVING_ACTION_FORBIDDEN BREAK_GUARD S10
REJ r381 x1 MOVING_ACTION_FORBIDDEN FORCED_PASS S10
A r388 BREAK_GUARD target=S10 good=1 fresh=84.53
Bounty r=388 target=S10 reward=18 delta=36 extra=0 action=BREAK_GUARD goodBurn=1
A r389 FORCED_PASS target=S10 fresh=84.48
REJ r382 x7 MOVE_BLOCKED_BY_GUARD MOVE S10
A r390 MOVE target=S10 fresh=84.43
REJ r389 x1 MOVING_ACTION_FORBIDDEN BREAK_GUARD S10
REJ r390 x1 MOVING_ACTION_FORBIDDEN FORCED_PASS S10
A r397 BREAK_GUARD target=S10 good=1 fresh=84.08
Bounty r=397 target=S10 reward=18 delta=36 extra=0 action=BREAK_GUARD goodBurn=1
A r398 FORCED_PASS target=S10 fresh=84.03
REJ r391 x7 MOVE_BLOCKED_BY_GUARD MOVE S10
A r399 MOVE target=S10 fresh=83.98
REJ r398 x1 MOVING_ACTION_FORBIDDEN BREAK_GUARD S10
REJ r399 x1 MOVING_ACTION_FORBIDDEN FORCED_PASS S10
A r406 BREAK_GUARD target=S10 good=1 fresh=83.63
Bounty r=406 target=S10 reward=18 delta=36 extra=0 action=BREAK_GUARD goodBurn=1
A r407 FORCED_PASS target=S10 fresh=83.58
REJ r400 x7 MOVE_BLOCKED_BY_GUARD MOVE S10
A r408 MOVE target=S10 fresh=83.53
REJ r407 x1 MOVING_ACTION_FORBIDDEN BREAK_GUARD S10
REJ r408 x1 MOVING_ACTION_FORBIDDEN FORCED_PASS S10
A r415 BREAK_GUARD target=S10 good=1 fresh=83.18
A r416 FORCED_PASS target=S10 fresh=83.13
REJ r409 x7 MOVE_BLOCKED_BY_GUARD MOVE S10
A r417 MOVE target=S10 fresh=83.08
REJ r416 x1 MOVING_ACTION_FORBIDDEN BREAK_GUARD S10
REJ r417 x1 MOVING_ACTION_FORBIDDEN FORCED_PASS S10
A r424 BREAK_GUARD target=S10 good=0 fresh=82.73
A r425 FORCED_PASS target=S10 fresh=82.68
REJ r418 x7 MOVE_BLOCKED_BY_GUARD MOVE S10
A r426 MOVE target=S10 fresh=82.63
REJ r425 x1 MOVING_ACTION_FORBIDDEN BREAK_GUARD S10
REJ r426 x1 MOVING_ACTION_FORBIDDEN FORCED_PASS S10
A r433 BREAK_GUARD target=S10 good=0 fresh=82.28
A r434 FORCED_PASS target=S10 fresh=82.23
REJ r427 x7 MOVE_BLOCKED_BY_GUARD MOVE S10
A r435 MOVE target=S10 fresh=82.18
REJ r434 x1 MOVING_ACTION_FORBIDDEN BREAK_GUARD S10
REJ r435 x1 MOVING_ACTION_FORBIDDEN FORCED_PASS S10
A r442 BREAK_GUARD target=S10 good=0 fresh=81.83
A r443 FORCED_PASS target=S10 fresh=81.78
REJ r436 x7 MOVE_BLOCKED_BY_GUARD MOVE S10
A r444 MOVE target=S10 fresh=81.73
REJ r443 x1 MOVING_ACTION_FORBIDDEN BREAK_GUARD S10
REJ r444 x1 MOVING_ACTION_FORBIDDEN FORCED_PASS S10
F r450 ph=RUSH
A r451 BREAK_GUARD target=S10 good=0 fresh=81.38
A r452 FORCED_PASS target=S10 fresh=81.33
REJ r445 x7 MOVE_BLOCKED_BY_GUARD MOVE S10
A r453 MOVE target=S10 fresh=81.28
REJ r452 x1 MOVING_ACTION_FORBIDDEN BREAK_GUARD S10
REJ r453 x1 MOVING_ACTION_FORBIDDEN FORCED_PASS S10
A r460 BREAK_GUARD target=S10 good=0 fresh=80.93
A r461 FORCED_PASS target=S10 fresh=80.88
REJ r454 x7 MOVE_BLOCKED_BY_GUARD MOVE S10
A r462 MOVE target=S10 fresh=80.83
REJ r461 x1 MOVING_ACTION_FORBIDDEN BREAK_GUARD S10
REJ r462 x1 MOVING_ACTION_FORBIDDEN FORCED_PASS S10
A r469 BREAK_GUARD target=S10 good=0 fresh=80.48
A r470 FORCED_PASS target=S10 fresh=80.43
REJ r463 x7 MOVE_BLOCKED_BY_GUARD MOVE S10
A r471 MOVE target=S10 fresh=80.38
REJ r470 x1 MOVING_ACTION_FORBIDDEN BREAK_GUARD S10
REJ r471 x1 MOVING_ACTION_FORBIDDEN FORCED_PASS S10
F r477 w=HOT
A r478 BREAK_GUARD target=S10 good=0 fresh=80.01
F r479 gf=97 fr80
A r479 FORCED_PASS target=S10 fresh=79.94
REJ r472 x7 MOVE_BLOCKED_BY_GUARD MOVE S10
A r480 MOVE target=S10 fresh=79.87
REJ r479 x1 MOVING_ACTION_FORBIDDEN BREAK_GUARD S10
REJ r480 x1 MOVING_ACTION_FORBIDDEN FORCED_PASS S10
A r487 BREAK_GUARD target=S10 good=0 fresh=79.38
A r488 FORCED_PASS target=S10 fresh=79.3
REJ r481 x7 MOVE_BLOCKED_BY_GUARD MOVE S10
A r489 MOVE target=S10 fresh=79.23
REJ r488 x1 MOVING_ACTION_FORBIDDEN BREAK_GUARD S10
REJ r489 x1 MOVING_ACTION_FORBIDDEN FORCED_PASS S10
A r496 BREAK_GUARD target=S10 good=0 fresh=78.73
A r497 FORCED_PASS target=S10 fresh=78.66
REJ r490 x7 MOVE_BLOCKED_BY_GUARD MOVE S10
A r498 MOVE target=S10 fresh=78.59
REJ r497 x1 MOVING_ACTION_FORBIDDEN BREAK_GUARD S10
REJ r498 x1 MOVING_ACTION_FORBIDDEN FORCED_PASS S10
A r505 BREAK_GUARD target=S10 good=0 fresh=78.09
A r506 FORCED_PASS target=S10 fresh=78.02
REJ r499 x7 MOVE_BLOCKED_BY_GUARD MOVE S10
A r507 MOVE target=S10 fresh=77.95
REJ r506 x1 MOVING_ACTION_FORBIDDEN BREAK_GUARD S10
F r508 st=MOVING
ModeChange r513 AGGRESSIVE->EVEN reason=gap_within_band gap=None
F r525 n=S10 st=IDLE
A r525 RUSH_PROTECT fresh=76.15
F r526 st=WAITING
A r526 MOVE target=S13 fresh=76.14
F r527 st=MOVING
F r532 ofr70
F r538 on=S13
ModeChange r542 EVEN->AGGRESSIVE reason=gap_below_threshold gap=None
ModeChange r560 AGGRESSIVE->EVEN reason=gap_within_band gap=None
F r568 n=S13 st=IDLE on=S14
A r568 PROCESS fresh=74.96
F r569 st=PROCESSING
ModeChange r572 EVEN->AGGRESSIVE reason=gap_below_threshold gap=None
F r573 st=IDLE
A r573 MOVE target=S14 fresh=74.71
F r574 st=MOVING
A r578 BREAK_GUARD target=S14 good=0 fresh=74.43
F r579 st=WAITING
A r579 FORCED_PASS target=S14 fresh=74.38
REJ r507 x1 MOVING_ACTION_FORBIDDEN FORCED_PASS S10
A r580 MOVE target=S14 fresh=74.33
REJ r579 x1 MOVING_ACTION_FORBIDDEN BREAK_GUARD S14
REJ r580 x1 MOVING_ACTION_FORBIDDEN FORCED_PASS S14
A r587 BREAK_GUARD target=S14 good=0 fresh=73.98
A r588 FORCED_PASS target=S14 fresh=73.93
REJ r581 x7 MOVE_BLOCKED_BY_GUARD MOVE S14
A r589 MOVE target=S14 fresh=73.88
REJ r588 x1 MOVING_ACTION_FORBIDDEN BREAK_GUARD S14
REJ r589 x1 MOVING_ACTION_FORBIDDEN FORCED_PASS S14
ModeChange r591 AGGRESSIVE->EVEN reason=gap_within_band gap=None
F r592 on=S15
ModeChange r596 EVEN->AGGRESSIVE reason=gap_below_threshold gap=None
A r596 BREAK_GUARD target=S14 good=0 fresh=73.53
A r597 FORCED_PASS target=S14 fresh=73.48
REJ r590 x7 MOVE_BLOCKED_BY_GUARD MOVE S14
A r598 MOVE target=S14 fresh=73.43
REJ r597 x1 MOVING_ACTION_FORBIDDEN BREAK_GUARD S14
REJ r598 x1 MOVING_ACTION_FORBIDDEN FORCED_PASS S14
REJ r599 x2 MOVE_BLOCKED_BY_GUARD MOVE S14
Traj fstart=100 fmin=73.33 fend=73.33 gstart=100 gend=97 onode=S15 ofend=66.49 ogend=90
Proj my=60 oppDel=600 gap=-631 mode=AGGRESSIVE
Conf min=0.300 med=0.575 max=0.850
MidGap=-146
Over result=NORMAL reason=TIME_LIMIT round=600 winner=2744 iWon=False
Score me total=60 del=False dframe=0 fresh=73.28 good=97 task=60 bounty=0 det=[bounty=0|delivery=0|freshness=0|goodFruit=0|penalty=0|tasks=60|time=0|total=60]
Score opp total=691 del=True dframe=592 fresh=66.49 good=90 task=120 bounty=0 det=[bounty=0|delivery=240|freshness=119|goodFruit=162|penalty=0|tasks=170|time=0|total=691]
