# match_20260705_115236_626_2809_vs_2696_6f456dbc v=iter36 pid=2696 team=BLUE seed=None dur=600
Map N=15 E=23
N S01:S S02:C S03:P S04:D S05:W S06:M S07:S S08:M S09:S S10:K S11:P S12:J S13:P S14:G S15:F
E S01-S02:30:R S02-S03:25:R S03-S07:54:R S07-S09:46:R S09-S10:40:R S10-S11:36:R S11-S12:20:R S12-S13:25:R S13-S14:18:R S14-S15:10:R S02-S04:20:R S04-S05:44:W S05-S07:46:B S01-S06:44:M S06-S08:54:M S08-S10:46:B S03-S06:38:B S05-S09:48:W S07-S08:42:M S04-S07:54:B S08-S09:64:B S11-S14:15:B S10-S13:27:B
F r1 n=S01 st=IDLE ph=NORMAL gf=100 ts=0 on=S01 ots=0
A r1 CLEAR target=S06 fresh=100
A r1 SQUAD_CLEAR target=S08 fresh=100
F r2 st=PROCESSING
F r7 st=IDLE gf=99
A r7 MOVE target=S06 fresh=99.7
F r8 st=MOVING
F r84 w=HOT
F r86 n=S06 st=IDLE
A r86 CLAIM_RESOURCE target=S06 res=ICE_BOX fresh=94.1
A r86 SQUAD_CLEAR target=S10 fresh=94.1
F r87 st=PROCESSING
F r88 st=IDLE
A r88 MOVE target=S08 fresh=93.95
F r89 st=MOVING
F r92 on=S06
F r125 gf=98 fr90 ofr90
F r185 n=S08 st=IDLE
A r185 USE_RESOURCE res=ICE_BOX fresh=85.08
A r186 CLAIM_TASK task=T_003 fresh=95.03
F r187 st=PROCESSING
F r189 on=S08
F r190 st=IDLE ts=30
A r190 CLAIM_TASK task=T_005 fresh=94.83
F r191 st=CONTESTING
A r191 WINDOW_CARD contest=C_190_001 type=TASK card=BING_ZHENG fresh=94.78
F r194 st=RESTING
F r197 st=IDLE
A r197 CLAIM_TASK task=T_005 fresh=94.48
F r198 st=PROCESSING
F r201 st=IDLE ts=60
A r201 MOVE target=S10 fresh=94.28
F r202 st=MOVING
F r235 w=HEAVY_RAIN
F r270 on=S10 ofr80
F r273 n=S10 st=IDLE fr90
A r273 CLAIM_TASK task=T_009 fresh=89.96
F r274 st=PROCESSING
F r277 st=IDLE ts=90
ModeChange r277 EVEN->CONSERVATIVE reason=gap_above_threshold gap=None
A r277 CLAIM_TASK task=T_012 fresh=89.76
F r278 st=WAITING
A r278 CLAIM_TASK task=T_013 fresh=89.71
F r279 st=PROCESSING ots=30
F r282 st=IDLE ts=120
A r282 MOVE target=S13 fresh=89.51
F r283 st=MOVING
F r322 on=S13
F r324 n=S13 st=IDLE
A r324 PROCESS fresh=86.99
A r324 SQUAD_SCOUT target=S14 fresh=86.99
F r325 st=WAITING
A r325 PROCESS fresh=86.94
REJ r278 x1 OBJECT_BUSY CLAIM_TASK None
F r328 st=PROCESSING
F r332 st=IDLE
A r332 MOVE target=S14 fresh=86.59
F r333 st=MOVING
F r345 w=MOUNTAIN_FOG
F r352 on=S14
F r357 n=S14 st=IDLE
F r358 st=WAITING
F r390 ph=RUSH
A r390 RUSH_PROTECT fresh=83.56
A r391 VERIFY_GATE fresh=83.55
F r392 st=VERIFYING
F r397 st=IDLE vfy=1
A r397 MOVE target=S15 fresh=83.49
F r398 st=MOVING
F r411 n=S15 st=IDLE
A r411 DELIVER fresh=83.35
F r412 st=DELIVERED del=1
F r417 on=S15
REJ r325 x3 OBJECT_BUSY PROCESS None
Traj fstart=100 fmin=83.35 fend=83.35 gstart=100 gend=98 onode=S15 ofend=71.99 ogend=95
Proj my=757 oppDel=417 gap=260 mode=CONSERVATIVE
Conf min=0.300 med=0.490 max=0.680
MidGap=259
Over result=NORMAL reason=ALL_DELIVERED round=417 winner=2696 iWon=True
Score me total=758 del=True dframe=411 fresh=83.35 good=98 task=120 bounty=0 det=[bounty=0|delivery=240|freshness=150|goodFruit=176|penalty=0|tasks=170|time=22|total=758]
Score opp total=497 del=True dframe=417 fresh=71.99 good=95 task=30 bounty=0 det=[bounty=0|delivery=160|freshness=129|goodFruit=171|penalty=0|tasks=30|time=7|total=497]
