# match_20260705_121300_703_2696_vs_2744_8181d4f0 v=iter36 pid=2696 team=RED seed=None dur=600
Map N=15 E=23
N S01:S S02:C S03:P S04:D S05:W S06:M S07:S S08:M S09:S S10:K S11:P S12:J S13:P S14:G S15:F
E S01-S02:30:R S02-S03:25:R S03-S07:54:R S07-S09:46:R S09-S10:40:R S10-S11:36:R S11-S12:20:R S12-S13:25:R S13-S14:18:R S14-S15:10:R S02-S04:20:R S04-S05:44:W S05-S07:46:B S01-S06:44:M S06-S08:54:M S08-S10:46:B S03-S06:38:B S05-S09:48:W S07-S08:42:M S04-S07:54:B S08-S09:64:B S11-S14:15:B S10-S13:27:B
F r1 n=S01 st=IDLE ph=NORMAL gf=100 ts=0 on=S01 ots=0
A r1 CLEAR target=S06 fresh=100
A r1 SQUAD_CLEAR target=S08 fresh=100
F r2 st=PROCESSING
F r7 st=IDLE gf=99
A r7 MOVE target=S06 fresh=99.7
F r8 st=MOVING
F r43 on=S02
F r73 on=S04
F r83 w=HOT
F r86 n=S06 st=IDLE
A r86 CLAIM_RESOURCE target=S06 res=ICE_BOX fresh=94.05
F r87 st=PROCESSING
F r88 st=IDLE
A r88 MOVE target=S08 fresh=93.91
F r89 st=MOVING
F r125 gf=98 fr90
F r132 on=S05
F r176 ofr90
F r185 n=S08 st=IDLE
A r185 USE_RESOURCE res=ICE_BOX fresh=85.08
A r186 CLAIM_TASK task=T_003 fresh=95.03
F r187 st=PROCESSING
F r190 st=IDLE ts=30
A r190 CLAIM_TASK task=T_005 fresh=94.83
F r191 st=PROCESSING
F r194 st=IDLE ts=60
A r194 CLAIM_RESOURCE target=S08 res=SHORT_HORSE fresh=94.63
F r195 st=PROCESSING on=S09
F r196 st=IDLE
A r196 MOVE target=S10 fresh=94.53
F r197 st=MOVING
A r197 USE_RESOURCE res=SHORT_HORSE fresh=94.47
A r198 MOVE target=S10 fresh=94.41
F r234 w=MOUNTAIN_FOG
F r249 on=S10
A r253 BREAK_GUARD target=S10 good=2 fresh=91.11
F r254 st=WAITING
A r254 FORCED_PASS target=S10 fresh=91.06
A r255 MOVE target=S10 fresh=91.01
REJ r254 x1 MOVING_ACTION_FORBIDDEN BREAK_GUARD S10
REJ r255 x1 MOVING_ACTION_FORBIDDEN FORCED_PASS S10
F r257 ots=30
F r261 ots=60
A r262 BREAK_GUARD target=S10 good=2 fresh=90.66
A r263 FORCED_PASS target=S10 fresh=90.61
REJ r256 x7 MOVE_BLOCKED_BY_GUARD MOVE S10
A r264 MOVE target=S10 fresh=90.56
REJ r263 x1 MOVING_ACTION_FORBIDDEN BREAK_GUARD S10
F r265 ots=90
REJ r264 x1 MOVING_ACTION_FORBIDDEN FORCED_PASS S10
F r269 ots=120
A r271 BREAK_GUARD target=S10 good=2 fresh=90.21
A r272 FORCED_PASS target=S10 fresh=90.16
REJ r265 x7 MOVE_BLOCKED_BY_GUARD MOVE S10
A r273 MOVE target=S10 fresh=90.11
REJ r272 x1 MOVING_ACTION_FORBIDDEN BREAK_GUARD S10
REJ r273 x1 MOVING_ACTION_FORBIDDEN FORCED_PASS S10
F r276 fr90
ModeChange r277 EVEN->AGGRESSIVE reason=gap_below_threshold gap=None
A r280 BREAK_GUARD target=S10 good=2 fresh=89.76
A r281 FORCED_PASS target=S10 fresh=89.71
REJ r274 x7 MOVE_BLOCKED_BY_GUARD MOVE S10
A r282 MOVE target=S10 fresh=89.66
REJ r281 x1 MOVING_ACTION_FORBIDDEN BREAK_GUARD S10
REJ r282 x1 MOVING_ACTION_FORBIDDEN FORCED_PASS S10
A r289 BREAK_GUARD target=S10 good=2 fresh=89.31
Bounty r=289 target=S10 reward=18 delta=35 extra=0 action=BREAK_GUARD goodBurn=2
A r290 FORCED_PASS target=S10 fresh=89.26
REJ r283 x7 MOVE_BLOCKED_BY_GUARD MOVE S10
A r291 MOVE target=S10 fresh=89.21
REJ r290 x1 MOVING_ACTION_FORBIDDEN BREAK_GUARD S10
REJ r291 x1 MOVING_ACTION_FORBIDDEN FORCED_PASS S10
A r298 BREAK_GUARD target=S10 good=1 fresh=88.86
Bounty r=298 target=S10 reward=18 delta=36 extra=0 action=BREAK_GUARD goodBurn=1
A r299 FORCED_PASS target=S10 fresh=88.81
REJ r292 x7 MOVE_BLOCKED_BY_GUARD MOVE S10
A r300 MOVE target=S10 fresh=88.76
REJ r299 x1 MOVING_ACTION_FORBIDDEN BREAK_GUARD S10
REJ r300 x1 MOVING_ACTION_FORBIDDEN FORCED_PASS S10
A r307 BREAK_GUARD target=S10 good=2 fresh=88.41
Bounty r=307 target=S10 reward=18 delta=35 extra=0 action=BREAK_GUARD goodBurn=2
A r308 FORCED_PASS target=S10 fresh=88.36
REJ r301 x7 MOVE_BLOCKED_BY_GUARD MOVE S10
A r309 MOVE target=S10 fresh=88.31
REJ r308 x1 MOVING_ACTION_FORBIDDEN BREAK_GUARD S10
REJ r309 x1 MOVING_ACTION_FORBIDDEN FORCED_PASS S10
A r316 BREAK_GUARD target=S10 good=2 fresh=87.96
Bounty r=316 target=S10 reward=18 delta=35 extra=0 action=BREAK_GUARD goodBurn=2
A r317 FORCED_PASS target=S10 fresh=87.91
REJ r310 x7 MOVE_BLOCKED_BY_GUARD MOVE S10
A r318 MOVE target=S10 fresh=87.86
REJ r317 x1 MOVING_ACTION_FORBIDDEN BREAK_GUARD S10
REJ r318 x1 MOVING_ACTION_FORBIDDEN FORCED_PASS S10
A r325 BREAK_GUARD target=S10 good=2 fresh=87.51
Bounty r=325 target=S10 reward=18 delta=35 extra=0 action=BREAK_GUARD goodBurn=2
A r326 FORCED_PASS target=S10 fresh=87.46
REJ r319 x7 MOVE_BLOCKED_BY_GUARD MOVE S10
A r327 MOVE target=S10 fresh=87.41
REJ r326 x1 MOVING_ACTION_FORBIDDEN BREAK_GUARD S10
REJ r327 x1 MOVING_ACTION_FORBIDDEN FORCED_PASS S10
A r334 BREAK_GUARD target=S10 good=2 fresh=87.06
Bounty r=334 target=S10 reward=18 delta=35 extra=0 action=BREAK_GUARD goodBurn=2
A r335 FORCED_PASS target=S10 fresh=87.01
REJ r328 x7 MOVE_BLOCKED_BY_GUARD MOVE S10
A r336 MOVE target=S10 fresh=86.96
REJ r335 x1 MOVING_ACTION_FORBIDDEN BREAK_GUARD S10
REJ r336 x1 MOVING_ACTION_FORBIDDEN FORCED_PASS S10
A r343 BREAK_GUARD target=S10 good=2 fresh=86.61
Bounty r=343 target=S10 reward=18 delta=35 extra=0 action=BREAK_GUARD goodBurn=2
F r344 w=HOT
A r344 FORCED_PASS target=S10 fresh=86.56
REJ r337 x7 MOVE_BLOCKED_BY_GUARD MOVE S10
A r345 MOVE target=S10 fresh=86.49
REJ r344 x1 MOVING_ACTION_FORBIDDEN BREAK_GUARD S10
REJ r345 x1 MOVING_ACTION_FORBIDDEN FORCED_PASS S10
A r352 BREAK_GUARD target=S10 good=2 fresh=85.98
Bounty r=352 target=S10 reward=18 delta=35 extra=0 action=BREAK_GUARD goodBurn=2
A r353 FORCED_PASS target=S10 fresh=85.91
REJ r346 x7 MOVE_BLOCKED_BY_GUARD MOVE S10
A r354 MOVE target=S10 fresh=85.84
REJ r353 x1 MOVING_ACTION_FORBIDDEN BREAK_GUARD S10
REJ r354 x1 MOVING_ACTION_FORBIDDEN FORCED_PASS S10
A r361 BREAK_GUARD target=S10 good=1 fresh=85.34
Bounty r=361 target=S10 reward=18 delta=36 extra=0 action=BREAK_GUARD goodBurn=1
A r362 FORCED_PASS target=S10 fresh=85.27
REJ r355 x7 MOVE_BLOCKED_BY_GUARD MOVE S10
A r363 MOVE target=S10 fresh=85.2
REJ r362 x1 MOVING_ACTION_FORBIDDEN BREAK_GUARD S10
REJ r363 x1 MOVING_ACTION_FORBIDDEN FORCED_PASS S10
F r365 ofr80
A r370 BREAK_GUARD target=S10 good=1 fresh=84.7
Bounty r=370 target=S10 reward=18 delta=37 extra=0 action=BREAK_GUARD goodBurn=1
A r371 FORCED_PASS target=S10 fresh=84.63
REJ r364 x7 MOVE_BLOCKED_BY_GUARD MOVE S10
A r372 MOVE target=S10 fresh=84.55
REJ r371 x1 MOVING_ACTION_FORBIDDEN BREAK_GUARD S10
REJ r372 x1 MOVING_ACTION_FORBIDDEN FORCED_PASS S10
A r379 BREAK_GUARD target=S10 good=1 fresh=84.05
Bounty r=379 target=S10 reward=18 delta=37 extra=0 action=BREAK_GUARD goodBurn=1
A r380 FORCED_PASS target=S10 fresh=83.98
REJ r373 x7 MOVE_BLOCKED_BY_GUARD MOVE S10
A r381 MOVE target=S10 fresh=83.91
REJ r380 x1 MOVING_ACTION_FORBIDDEN BREAK_GUARD S10
REJ r381 x1 MOVING_ACTION_FORBIDDEN FORCED_PASS S10
A r388 BREAK_GUARD target=S10 good=1 fresh=83.41
Bounty r=388 target=S10 reward=18 delta=37 extra=0 action=BREAK_GUARD goodBurn=1
A r389 FORCED_PASS target=S10 fresh=83.34
REJ r382 x7 MOVE_BLOCKED_BY_GUARD MOVE S10
A r390 MOVE target=S10 fresh=83.27
REJ r389 x1 MOVING_ACTION_FORBIDDEN BREAK_GUARD S10
REJ r390 x1 MOVING_ACTION_FORBIDDEN FORCED_PASS S10
A r397 BREAK_GUARD target=S10 good=1 fresh=82.77
Bounty r=397 target=S10 reward=18 delta=37 extra=0 action=BREAK_GUARD goodBurn=1
A r398 FORCED_PASS target=S10 fresh=82.7
REJ r391 x7 MOVE_BLOCKED_BY_GUARD MOVE S10
A r399 MOVE target=S10 fresh=82.63
REJ r398 x1 MOVING_ACTION_FORBIDDEN BREAK_GUARD S10
REJ r399 x1 MOVING_ACTION_FORBIDDEN FORCED_PASS S10
A r406 BREAK_GUARD target=S10 good=1 fresh=82.17
Bounty r=406 target=S10 reward=18 delta=36 extra=0 action=BREAK_GUARD goodBurn=1
A r407 FORCED_PASS target=S10 fresh=82.12
REJ r400 x7 MOVE_BLOCKED_BY_GUARD MOVE S10
A r408 MOVE target=S10 fresh=82.07
REJ r407 x1 MOVING_ACTION_FORBIDDEN BREAK_GUARD S10
REJ r408 x1 MOVING_ACTION_FORBIDDEN FORCED_PASS S10
A r415 BREAK_GUARD target=S10 good=1 fresh=81.72
A r416 FORCED_PASS target=S10 fresh=81.67
REJ r409 x7 MOVE_BLOCKED_BY_GUARD MOVE S10
A r417 MOVE target=S10 fresh=81.62
REJ r416 x1 MOVING_ACTION_FORBIDDEN BREAK_GUARD S10
REJ r417 x1 MOVING_ACTION_FORBIDDEN FORCED_PASS S10
A r424 BREAK_GUARD target=S10 good=0 fresh=81.27
A r425 FORCED_PASS target=S10 fresh=81.22
REJ r418 x7 MOVE_BLOCKED_BY_GUARD MOVE S10
A r426 MOVE target=S10 fresh=81.17
REJ r425 x1 MOVING_ACTION_FORBIDDEN BREAK_GUARD S10
REJ r426 x1 MOVING_ACTION_FORBIDDEN FORCED_PASS S10
A r433 BREAK_GUARD target=S10 good=0 fresh=80.82
A r434 FORCED_PASS target=S10 fresh=80.77
REJ r427 x7 MOVE_BLOCKED_BY_GUARD MOVE S10
A r435 MOVE target=S10 fresh=80.72
REJ r434 x1 MOVING_ACTION_FORBIDDEN BREAK_GUARD S10
REJ r435 x1 MOVING_ACTION_FORBIDDEN FORCED_PASS S10
A r442 BREAK_GUARD target=S10 good=0 fresh=80.37
A r443 FORCED_PASS target=S10 fresh=80.32
REJ r436 x7 MOVE_BLOCKED_BY_GUARD MOVE S10
A r444 MOVE target=S10 fresh=80.27
REJ r443 x1 MOVING_ACTION_FORBIDDEN BREAK_GUARD S10
REJ r444 x1 MOVING_ACTION_FORBIDDEN FORCED_PASS S10
F r450 ph=RUSH gf=97 fr80
A r451 BREAK_GUARD target=S10 good=0 fresh=79.92
A r452 FORCED_PASS target=S10 fresh=79.87
REJ r445 x7 MOVE_BLOCKED_BY_GUARD MOVE S10
A r453 MOVE target=S10 fresh=79.82
REJ r452 x1 MOVING_ACTION_FORBIDDEN BREAK_GUARD S10
F r454 w=HEAVY_RAIN
REJ r453 x1 MOVING_ACTION_FORBIDDEN FORCED_PASS S10
A r460 BREAK_GUARD target=S10 good=0 fresh=79.47
A r461 FORCED_PASS target=S10 fresh=79.42
REJ r454 x7 MOVE_BLOCKED_BY_GUARD MOVE S10
A r462 MOVE target=S10 fresh=79.37
REJ r461 x1 MOVING_ACTION_FORBIDDEN BREAK_GUARD S10
REJ r462 x1 MOVING_ACTION_FORBIDDEN FORCED_PASS S10
A r469 BREAK_GUARD target=S10 good=0 fresh=79.02
A r470 FORCED_PASS target=S10 fresh=78.97
REJ r463 x7 MOVE_BLOCKED_BY_GUARD MOVE S10
A r471 MOVE target=S10 fresh=78.92
REJ r470 x1 MOVING_ACTION_FORBIDDEN BREAK_GUARD S10
REJ r471 x1 MOVING_ACTION_FORBIDDEN FORCED_PASS S10
A r478 BREAK_GUARD target=S10 good=0 fresh=78.57
A r479 FORCED_PASS target=S10 fresh=78.52
REJ r472 x7 MOVE_BLOCKED_BY_GUARD MOVE S10
A r480 MOVE target=S10 fresh=78.47
REJ r479 x1 MOVING_ACTION_FORBIDDEN BREAK_GUARD S10
REJ r480 x1 MOVING_ACTION_FORBIDDEN FORCED_PASS S10
F r486 on=S13
A r487 BREAK_GUARD target=S10 good=0 fresh=78.12
A r488 FORCED_PASS target=S10 fresh=78.07
REJ r481 x7 MOVE_BLOCKED_BY_GUARD MOVE S10
A r489 MOVE target=S10 fresh=78.02
REJ r488 x1 MOVING_ACTION_FORBIDDEN BREAK_GUARD S10
REJ r489 x1 MOVING_ACTION_FORBIDDEN FORCED_PASS S10
A r496 BREAK_GUARD target=S10 good=0 fresh=77.67
A r497 FORCED_PASS target=S10 fresh=77.62
REJ r490 x7 MOVE_BLOCKED_BY_GUARD MOVE S10
A r498 MOVE target=S10 fresh=77.57
REJ r497 x1 MOVING_ACTION_FORBIDDEN BREAK_GUARD S10
REJ r498 x1 MOVING_ACTION_FORBIDDEN FORCED_PASS S10
A r505 BREAK_GUARD target=S10 good=0 fresh=77.22
A r506 FORCED_PASS target=S10 fresh=77.17
REJ r499 x7 MOVE_BLOCKED_BY_GUARD MOVE S10
A r507 MOVE target=S10 fresh=77.12
REJ r506 x1 MOVING_ACTION_FORBIDDEN BREAK_GUARD S10
F r508 st=MOVING
F r516 on=S14
F r520 n=S10 st=IDLE
A r520 RUSH_SPEED fresh=76.34
F r521 st=WAITING gf=95
A r521 MOVE target=S13 fresh=76.28
F r522 st=MOVING
F r531 ofr70
F r559 n=S13 st=IDLE
A r559 PROCESS fresh=73.72
F r560 st=PROCESSING
F r564 st=IDLE
A r564 MOVE target=S14 fresh=73.47
F r565 st=MOVING
A r569 BREAK_GUARD target=S14 good=0 fresh=73.18
F r570 st=WAITING
A r570 FORCED_PASS target=S14 fresh=73.13
REJ r507 x1 MOVING_ACTION_FORBIDDEN FORCED_PASS S10
A r571 MOVE target=S14 fresh=73.08
REJ r570 x1 MOVING_ACTION_FORBIDDEN BREAK_GUARD S14
REJ r571 x1 MOVING_ACTION_FORBIDDEN FORCED_PASS S14
A r578 BREAK_GUARD target=S14 good=0 fresh=72.73
A r579 FORCED_PASS target=S14 fresh=72.68
REJ r572 x7 MOVE_BLOCKED_BY_GUARD MOVE S14
A r580 MOVE target=S14 fresh=72.63
REJ r579 x1 MOVING_ACTION_FORBIDDEN BREAK_GUARD S14
REJ r580 x1 MOVING_ACTION_FORBIDDEN FORCED_PASS S14
F r583 on=S15
A r587 BREAK_GUARD target=S14 good=0 fresh=72.28
A r588 FORCED_PASS target=S14 fresh=72.23
REJ r581 x7 MOVE_BLOCKED_BY_GUARD MOVE S14
A r589 MOVE target=S14 fresh=72.18
REJ r588 x1 MOVING_ACTION_FORBIDDEN BREAK_GUARD S14
REJ r589 x1 MOVING_ACTION_FORBIDDEN FORCED_PASS S14
A r596 BREAK_GUARD target=S14 good=0 fresh=71.83
A r597 FORCED_PASS target=S14 fresh=71.78
REJ r590 x7 MOVE_BLOCKED_BY_GUARD MOVE S14
A r598 MOVE target=S14 fresh=71.73
REJ r597 x1 MOVING_ACTION_FORBIDDEN BREAK_GUARD S14
REJ r598 x1 MOVING_ACTION_FORBIDDEN FORCED_PASS S14
REJ r599 x2 MOVE_BLOCKED_BY_GUARD MOVE S14
Traj fstart=100 fmin=71.63 fend=71.63 gstart=100 gend=95 onode=S15 ofend=67.32 ogend=90
Proj my=60 oppDel=600 gap=-633 mode=AGGRESSIVE
Conf min=0.300 med=0.575 max=0.850
MidGap=-145
Over result=NORMAL reason=TIME_LIMIT round=600 winner=2744 iWon=False
Score me total=60 del=False dframe=0 fresh=71.58 good=95 task=60 bounty=0 det=[bounty=0|delivery=0|freshness=0|goodFruit=0|penalty=0|tasks=60|time=0|total=60]
Score opp total=694 del=True dframe=583 fresh=67.32 good=90 task=120 bounty=0 det=[bounty=0|delivery=240|freshness=121|goodFruit=162|penalty=0|tasks=170|time=1|total=694]
