# match_20260705_124234_734_2696_vs_2632_f64d514e v=iter36 pid=2696 team=RED seed=None dur=600
Map N=15 E=23
N S01:S S02:C S03:P S04:D S05:W S06:M S07:S S08:M S09:S S10:K S11:P S12:J S13:P S14:G S15:F
E S01-S02:30:R S02-S03:25:R S03-S07:54:R S07-S09:46:R S09-S10:40:R S10-S11:36:R S11-S12:20:R S12-S13:25:R S13-S14:18:R S14-S15:10:R S02-S04:20:R S04-S05:44:W S05-S07:46:B S01-S06:44:M S06-S08:54:M S08-S10:46:B S03-S06:38:B S05-S09:48:W S07-S08:42:M S04-S07:54:B S08-S09:64:B S11-S14:15:B S10-S13:27:B
F r1 n=S01 st=IDLE ph=NORMAL gf=100 ts=0 on=S01 ots=0
A r1 CLEAR target=S06 fresh=100
A r1 SQUAD_CLEAR target=S08 fresh=100
F r2 st=WAITING
A r2 CLEAR target=S06 fresh=99.95
A r7 MOVE target=S06 fresh=99.7
F r8 st=MOVING
F r86 on=S06
F r92 n=S06 st=IDLE
A r92 MOVE target=S08 fresh=93.75
A r92 SQUAD_CLEAR target=S10 fresh=93.75
F r93 st=MOVING
A r93 MOVE target=S08 fresh=93.68
F r99 w=HOT
F r130 gf=99 fr90 ofr90
F r185 on=S08
F r189 n=S08 st=IDLE
A r189 CLAIM_TASK task=T_003 fresh=84.75
F r190 ots=30
A r190 CLAIM_TASK task=T_005 fresh=84.7
REJ r2 x6 OBJECT_BUSY CLEAR S06
F r191 st=CONTESTING
A r191 WINDOW_CARD contest=C_190_001 type=TASK card=BING_ZHENG fresh=84.65
F r195 st=WAITING
A r195 CLAIM_TASK task=T_005 fresh=84.45
A r196 CLAIM_RESOURCE target=S08 res=SHORT_HORSE fresh=84.4
F r197 st=PROCESSING
F r198 st=IDLE ots=60
A r198 MOVE target=S10 fresh=84.3
F r199 st=MOVING
A r199 USE_RESOURCE res=SHORT_HORSE fresh=84.24
A r200 MOVE target=S10 fresh=84.18
F r209 w=HEAVY_RAIN
F r268 n=S10 st=IDLE
A r268 CLAIM_TASK task=T_006 fresh=80.1
F r269 st=PROCESSING
F r271 gf=98 fr80
F r272 st=IDLE
A r272 CLAIM_TASK task=T_009 fresh=79.9
F r273 st=PROCESSING
F r276 st=IDLE ts=30 ofr90
A r276 CLAIM_TASK task=T_012 fresh=79.7
F r277 st=PROCESSING
ModeChange r277 EVEN->AGGRESSIVE reason=gap_below_threshold gap=None
F r280 st=IDLE ts=60
A r280 CLAIM_TASK task=T_013 fresh=79.5
F r281 st=PROCESSING
F r284 st=IDLE ts=90
A r284 MOVE target=S13 fresh=79.3
F r285 st=MOVING
ModeChange r288 AGGRESSIVE->CONSERVATIVE reason=gap_above_threshold gap=None
F r293 on=S10
F r326 n=S13 st=IDLE
A r326 PROCESS fresh=76.78
A r326 SQUAD_SCOUT target=S14 fresh=76.78
F r327 st=PROCESSING
F r331 st=IDLE
A r331 MOVE target=S14 fresh=76.53
F r332 st=MOVING
F r335 on=S13
F r356 n=S14 st=IDLE
F r357 st=WAITING
F r360 w=HOT
F r365 on=S14
F r390 ph=RUSH
A r390 RUSH_PROTECT fresh=72.8
A r391 VERIFY_GATE fresh=72.79
REJ r190 x2 OBJECT_BUSY CLAIM_TASK None
F r397 st=VERIFYING
F r402 st=IDLE vfy=1
A r402 MOVE target=S15 fresh=72.68
F r403 st=MOVING
F r411 on=S15
F r416 n=S15 st=IDLE
A r416 DELIVER fresh=72.4
REJ r392 x5 OBJECT_BUSY VERIFY_GATE None
Traj fstart=100 fmin=72.4 fend=72.4 gstart=100 gend=98 onode=S15 ofend=82.16 ogend=96
Proj my=692 oppDel=416 gap=84 mode=CONSERVATIVE
Conf min=0.300 med=0.490 max=0.680
MidGap=84
Over result=NORMAL reason=ALL_DELIVERED round=416 winner=2696 iWon=True
Score me total=692 del=True dframe=416 fresh=72.4 good=98 task=90 bounty=0 det=[bounty=0|delivery=240|freshness=130|goodFruit=176|penalty=0|tasks=125|time=21|total=692]
Score opp total=608 del=True dframe=411 fresh=82.16 good=96 task=60 bounty=0 det=[bounty=0|delivery=200|freshness=147|goodFruit=172|penalty=0|tasks=75|time=14|total=608]
