# match_20260705_115255_579_2735_vs_2696_018cbe1d v=iter36 pid=2696 team=BLUE seed=None dur=600
Map N=15 E=23
N S01:S S02:C S03:P S04:D S05:W S06:M S07:S S08:M S09:S S10:K S11:P S12:J S13:P S14:G S15:F
E S01-S02:30:R S02-S03:25:R S03-S07:54:R S07-S09:46:R S09-S10:40:R S10-S11:36:R S11-S12:20:R S12-S13:25:R S13-S14:18:R S14-S15:10:R S02-S04:20:R S04-S05:44:W S05-S07:46:B S01-S06:44:M S06-S08:54:M S08-S10:46:B S03-S06:38:B S05-S09:48:W S07-S08:42:M S04-S07:54:B S08-S09:64:B S11-S14:15:B S10-S13:27:B
F r1 n=S01 st=IDLE ph=NORMAL gf=100 ts=0 on=S01 ots=0
A r1 CLEAR target=S06 fresh=100
A r1 SQUAD_CLEAR target=S08 fresh=100
F r2 st=PROCESSING
F r7 st=IDLE gf=99
A r7 MOVE target=S06 fresh=99.7
F r8 st=MOVING
F r43 on=S02
F r73 on=S04
F r75 ots=30
F r86 n=S06 st=IDLE
A r86 CLAIM_RESOURCE target=S06 res=ICE_BOX fresh=94.17
F r87 st=PROCESSING
F r88 st=IDLE
A r88 MOVE target=S08 fresh=94.07
F r89 st=MOVING
F r117 w=HOT
F r137 gf=98 on=S05 fr90
F r176 ofr90
F r185 n=S08 st=IDLE
A r185 USE_RESOURCE res=ICE_BOX fresh=85.07
A r186 CLAIM_TASK task=T_003 fresh=95.02
F r187 st=PROCESSING
F r190 st=IDLE ts=30
A r190 CLAIM_TASK task=T_005 fresh=94.82
F r191 st=PROCESSING
F r194 st=IDLE ts=60
A r194 CLAIM_RESOURCE target=S08 res=SHORT_HORSE fresh=94.62
F r195 st=PROCESSING
F r196 st=IDLE
A r196 MOVE target=S10 fresh=94.52
F r197 st=MOVING
A r197 USE_RESOURCE res=SHORT_HORSE fresh=94.46
A r198 MOVE target=S10 fresh=94.4
F r200 on=S09
F r227 w=HEAVY_RAIN
F r255 on=S10
A r259 BREAK_GUARD target=S10 good=2 fresh=90.74
F r260 st=WAITING
A r260 FORCED_PASS target=S10 fresh=90.69
F r261 ots=60
A r261 MOVE target=S10 fresh=90.64
REJ r260 x1 MOVING_ACTION_FORBIDDEN BREAK_GUARD S10
REJ r261 x1 MOVING_ACTION_FORBIDDEN FORCED_PASS S10
F r265 ots=90
A r268 BREAK_GUARD target=S10 good=2 fresh=90.29
F r269 ots=120
A r269 FORCED_PASS target=S10 fresh=90.24
REJ r262 x7 MOVE_BLOCKED_BY_GUARD MOVE S10
A r270 MOVE target=S10 fresh=90.19
REJ r269 x1 MOVING_ACTION_FORBIDDEN BREAK_GUARD S10
REJ r270 x1 MOVING_ACTION_FORBIDDEN FORCED_PASS S10
F r273 ots=150
F r274 fr90
F r277 ots=180
ModeChange r277 EVEN->AGGRESSIVE reason=gap_below_threshold gap=None
A r277 BREAK_GUARD target=S10 good=2 fresh=89.84
A r278 FORCED_PASS target=S10 fresh=89.79
REJ r271 x7 MOVE_BLOCKED_BY_GUARD MOVE S10
A r279 MOVE target=S10 fresh=89.74
REJ r278 x1 MOVING_ACTION_FORBIDDEN BREAK_GUARD S10
REJ r279 x1 MOVING_ACTION_FORBIDDEN FORCED_PASS S10
A r286 BREAK_GUARD target=S10 good=2 fresh=89.39
A r287 FORCED_PASS target=S10 fresh=89.34
REJ r280 x7 MOVE_BLOCKED_BY_GUARD MOVE S10
A r288 MOVE target=S10 fresh=89.29
REJ r287 x1 MOVING_ACTION_FORBIDDEN BREAK_GUARD S10
REJ r288 x1 MOVING_ACTION_FORBIDDEN FORCED_PASS S10
A r295 BREAK_GUARD target=S10 good=2 fresh=88.94
Bounty r=295 target=S10 reward=18 delta=35 extra=0 action=BREAK_GUARD goodBurn=2
A r296 FORCED_PASS target=S10 fresh=88.89
REJ r289 x7 MOVE_BLOCKED_BY_GUARD MOVE S10
A r297 MOVE target=S10 fresh=88.84
REJ r296 x1 MOVING_ACTION_FORBIDDEN BREAK_GUARD S10
REJ r297 x1 MOVING_ACTION_FORBIDDEN FORCED_PASS S10
A r304 BREAK_GUARD target=S10 good=2 fresh=88.49
Bounty r=304 target=S10 reward=18 delta=35 extra=0 action=BREAK_GUARD goodBurn=2
A r305 FORCED_PASS target=S10 fresh=88.44
REJ r298 x7 MOVE_BLOCKED_BY_GUARD MOVE S10
A r306 MOVE target=S10 fresh=88.39
REJ r305 x1 MOVING_ACTION_FORBIDDEN BREAK_GUARD S10
REJ r306 x1 MOVING_ACTION_FORBIDDEN FORCED_PASS S10
A r313 BREAK_GUARD target=S10 good=2 fresh=88.04
Bounty r=313 target=S10 reward=18 delta=35 extra=0 action=BREAK_GUARD goodBurn=2
A r314 FORCED_PASS target=S10 fresh=87.99
REJ r307 x7 MOVE_BLOCKED_BY_GUARD MOVE S10
A r315 MOVE target=S10 fresh=87.94
REJ r314 x1 MOVING_ACTION_FORBIDDEN BREAK_GUARD S10
REJ r315 x1 MOVING_ACTION_FORBIDDEN FORCED_PASS S10
A r322 BREAK_GUARD target=S10 good=2 fresh=87.59
Bounty r=322 target=S10 reward=18 delta=35 extra=0 action=BREAK_GUARD goodBurn=2
A r323 FORCED_PASS target=S10 fresh=87.54
REJ r316 x7 MOVE_BLOCKED_BY_GUARD MOVE S10
A r324 MOVE target=S10 fresh=87.49
REJ r323 x1 MOVING_ACTION_FORBIDDEN BREAK_GUARD S10
REJ r324 x1 MOVING_ACTION_FORBIDDEN FORCED_PASS S10
A r331 BREAK_GUARD target=S10 good=2 fresh=87.14
Bounty r=331 target=S10 reward=18 delta=35 extra=0 action=BREAK_GUARD goodBurn=2
A r332 FORCED_PASS target=S10 fresh=87.09
REJ r325 x7 MOVE_BLOCKED_BY_GUARD MOVE S10
A r333 MOVE target=S10 fresh=87.04
REJ r332 x1 MOVING_ACTION_FORBIDDEN BREAK_GUARD S10
REJ r333 x1 MOVING_ACTION_FORBIDDEN FORCED_PASS S10
F r337 w=HOT
A r340 BREAK_GUARD target=S10 good=1 fresh=86.63
Bounty r=340 target=S10 reward=18 delta=36 extra=0 action=BREAK_GUARD goodBurn=1
A r341 FORCED_PASS target=S10 fresh=86.55
REJ r334 x7 MOVE_BLOCKED_BY_GUARD MOVE S10
A r342 MOVE target=S10 fresh=86.48
REJ r341 x1 MOVING_ACTION_FORBIDDEN BREAK_GUARD S10
REJ r342 x1 MOVING_ACTION_FORBIDDEN FORCED_PASS S10
A r349 BREAK_GUARD target=S10 good=1 fresh=85.98
Bounty r=349 target=S10 reward=18 delta=36 extra=0 action=BREAK_GUARD goodBurn=1
A r350 FORCED_PASS target=S10 fresh=85.91
REJ r343 x7 MOVE_BLOCKED_BY_GUARD MOVE S10
A r351 MOVE target=S10 fresh=85.84
REJ r350 x1 MOVING_ACTION_FORBIDDEN BREAK_GUARD S10
REJ r351 x1 MOVING_ACTION_FORBIDDEN FORCED_PASS S10
A r358 BREAK_GUARD target=S10 good=1 fresh=85.34
Bounty r=358 target=S10 reward=18 delta=36 extra=0 action=BREAK_GUARD goodBurn=1
A r359 FORCED_PASS target=S10 fresh=85.27
REJ r352 x7 MOVE_BLOCKED_BY_GUARD MOVE S10
A r360 MOVE target=S10 fresh=85.2
REJ r359 x1 MOVING_ACTION_FORBIDDEN BREAK_GUARD S10
REJ r360 x1 MOVING_ACTION_FORBIDDEN FORCED_PASS S10
F r363 ofr80
A r367 BREAK_GUARD target=S10 good=1 fresh=84.7
Bounty r=367 target=S10 reward=18 delta=37 extra=0 action=BREAK_GUARD goodBurn=1
A r368 FORCED_PASS target=S10 fresh=84.63
REJ r361 x7 MOVE_BLOCKED_BY_GUARD MOVE S10
A r369 MOVE target=S10 fresh=84.55
REJ r368 x1 MOVING_ACTION_FORBIDDEN BREAK_GUARD S10
REJ r369 x1 MOVING_ACTION_FORBIDDEN FORCED_PASS S10
A r376 BREAK_GUARD target=S10 good=1 fresh=84.05
Bounty r=376 target=S10 reward=18 delta=37 extra=0 action=BREAK_GUARD goodBurn=1
A r377 FORCED_PASS target=S10 fresh=83.98
REJ r370 x7 MOVE_BLOCKED_BY_GUARD MOVE S10
A r378 MOVE target=S10 fresh=83.91
REJ r377 x1 MOVING_ACTION_FORBIDDEN BREAK_GUARD S10
REJ r378 x1 MOVING_ACTION_FORBIDDEN FORCED_PASS S10
A r385 BREAK_GUARD target=S10 good=1 fresh=83.41
Bounty r=385 target=S10 reward=18 delta=37 extra=0 action=BREAK_GUARD goodBurn=1
A r386 FORCED_PASS target=S10 fresh=83.34
REJ r379 x7 MOVE_BLOCKED_BY_GUARD MOVE S10
A r387 MOVE target=S10 fresh=83.27
REJ r386 x1 MOVING_ACTION_FORBIDDEN BREAK_GUARD S10
REJ r387 x1 MOVING_ACTION_FORBIDDEN FORCED_PASS S10
A r394 BREAK_GUARD target=S10 good=0 fresh=82.77
Bounty r=394 target=S10 reward=18 delta=38 extra=0 action=BREAK_GUARD goodBurn=0
A r395 FORCED_PASS target=S10 fresh=82.7
REJ r388 x7 MOVE_BLOCKED_BY_GUARD MOVE S10
A r396 MOVE target=S10 fresh=82.63
REJ r395 x1 MOVING_ACTION_FORBIDDEN BREAK_GUARD S10
REJ r396 x1 MOVING_ACTION_FORBIDDEN FORCED_PASS S10
A r403 BREAK_GUARD target=S10 good=0 fresh=82.25
Bounty r=403 target=S10 reward=18 delta=38 extra=0 action=BREAK_GUARD goodBurn=0
A r404 FORCED_PASS target=S10 fresh=82.2
REJ r397 x7 MOVE_BLOCKED_BY_GUARD MOVE S10
A r405 MOVE target=S10 fresh=82.15
REJ r404 x1 MOVING_ACTION_FORBIDDEN BREAK_GUARD S10
REJ r405 x1 MOVING_ACTION_FORBIDDEN FORCED_PASS S10
A r412 BREAK_GUARD target=S10 good=0 fresh=81.8
A r413 FORCED_PASS target=S10 fresh=81.75
REJ r406 x7 MOVE_BLOCKED_BY_GUARD MOVE S10
A r414 MOVE target=S10 fresh=81.7
REJ r413 x1 MOVING_ACTION_FORBIDDEN BREAK_GUARD S10
REJ r414 x1 MOVING_ACTION_FORBIDDEN FORCED_PASS S10
A r421 BREAK_GUARD target=S10 good=0 fresh=81.35
A r422 FORCED_PASS target=S10 fresh=81.3
REJ r415 x7 MOVE_BLOCKED_BY_GUARD MOVE S10
A r423 MOVE target=S10 fresh=81.25
REJ r422 x1 MOVING_ACTION_FORBIDDEN BREAK_GUARD S10
REJ r423 x1 MOVING_ACTION_FORBIDDEN FORCED_PASS S10
A r430 BREAK_GUARD target=S10 good=0 fresh=80.9
A r431 FORCED_PASS target=S10 fresh=80.85
REJ r424 x7 MOVE_BLOCKED_BY_GUARD MOVE S10
A r432 MOVE target=S10 fresh=80.8
REJ r431 x1 MOVING_ACTION_FORBIDDEN BREAK_GUARD S10
REJ r432 x1 MOVING_ACTION_FORBIDDEN FORCED_PASS S10
A r439 BREAK_GUARD target=S10 good=0 fresh=80.45
A r440 FORCED_PASS target=S10 fresh=80.4
REJ r433 x7 MOVE_BLOCKED_BY_GUARD MOVE S10
A r441 MOVE target=S10 fresh=80.35
REJ r440 x1 MOVING_ACTION_FORBIDDEN BREAK_GUARD S10
REJ r441 x1 MOVING_ACTION_FORBIDDEN FORCED_PASS S10
F r447 w=MOUNTAIN_FOG
A r448 BREAK_GUARD target=S10 good=0 fresh=80
F r449 gf=97 fr80
A r449 FORCED_PASS target=S10 fresh=79.95
REJ r442 x7 MOVE_BLOCKED_BY_GUARD MOVE S10
F r450 ph=RUSH
A r450 MOVE target=S10 fresh=79.9
REJ r449 x1 MOVING_ACTION_FORBIDDEN BREAK_GUARD S10
REJ r450 x1 MOVING_ACTION_FORBIDDEN FORCED_PASS S10
A r457 BREAK_GUARD target=S10 good=0 fresh=79.55
A r458 FORCED_PASS target=S10 fresh=79.5
REJ r451 x7 MOVE_BLOCKED_BY_GUARD MOVE S10
A r459 MOVE target=S10 fresh=79.45
REJ r458 x1 MOVING_ACTION_FORBIDDEN BREAK_GUARD S10
REJ r459 x1 MOVING_ACTION_FORBIDDEN FORCED_PASS S10
A r466 BREAK_GUARD target=S10 good=0 fresh=79.1
A r467 FORCED_PASS target=S10 fresh=79.05
REJ r460 x7 MOVE_BLOCKED_BY_GUARD MOVE S10
A r468 MOVE target=S10 fresh=79
REJ r467 x1 MOVING_ACTION_FORBIDDEN BREAK_GUARD S10
REJ r468 x1 MOVING_ACTION_FORBIDDEN FORCED_PASS S10
A r475 BREAK_GUARD target=S10 good=0 fresh=78.65
A r476 FORCED_PASS target=S10 fresh=78.6
REJ r469 x7 MOVE_BLOCKED_BY_GUARD MOVE S10
A r477 MOVE target=S10 fresh=78.55
REJ r476 x1 MOVING_ACTION_FORBIDDEN BREAK_GUARD S10
REJ r477 x1 MOVING_ACTION_FORBIDDEN FORCED_PASS S10
F r484 st=MOVING
A r488 BREAK_GUARD target=S10 good=0 fresh=77.95
F r489 st=WAITING
A r489 FORCED_PASS target=S10 fresh=77.9
REJ r478 x6 MOVE_BLOCKED_BY_GUARD MOVE S10
A r490 MOVE target=S10 fresh=77.85
REJ r489 x1 MOVING_ACTION_FORBIDDEN BREAK_GUARD S10
REJ r490 x1 MOVING_ACTION_FORBIDDEN FORCED_PASS S10
A r497 BREAK_GUARD target=S10 good=0 fresh=77.5
A r498 FORCED_PASS target=S10 fresh=77.45
REJ r491 x7 MOVE_BLOCKED_BY_GUARD MOVE S10
A r499 MOVE target=S10 fresh=77.4
REJ r498 x1 MOVING_ACTION_FORBIDDEN BREAK_GUARD S10
REJ r499 x1 MOVING_ACTION_FORBIDDEN FORCED_PASS S10
A r506 BREAK_GUARD target=S10 good=0 fresh=77.05
A r507 FORCED_PASS target=S10 fresh=77
REJ r500 x7 MOVE_BLOCKED_BY_GUARD MOVE S10
A r508 MOVE target=S10 fresh=76.95
REJ r507 x1 MOVING_ACTION_FORBIDDEN BREAK_GUARD S10
REJ r508 x1 MOVING_ACTION_FORBIDDEN FORCED_PASS S10
ModeChange r513 AGGRESSIVE->EVEN reason=gap_within_band gap=None
A r513 RUSH_PROTECT fresh=76.7
A r514 MOVE target=S10 fresh=76.65
REJ r509 x5 MOVE_BLOCKED_BY_GUARD MOVE S10
A r515 BREAK_GUARD target=S10 good=0 fresh=76.6
REJ r514 x1 MOVING_ACTION_FORBIDDEN RUSH_PROTECT None
A r516 FORCED_PASS target=S10 fresh=76.55
REJ r515 x1 MOVE_BLOCKED_BY_GUARD MOVE S10
A r517 MOVE target=S10 fresh=76.5
REJ r516 x1 MOVING_ACTION_FORBIDDEN BREAK_GUARD S10
REJ r517 x1 MOVING_ACTION_FORBIDDEN FORCED_PASS S10
A r522 RUSH_PROTECT fresh=76.25
A r523 MOVE target=S10 fresh=76.2
REJ r518 x5 MOVE_BLOCKED_BY_GUARD MOVE S10
A r524 BREAK_GUARD target=S10 good=0 fresh=76.15
REJ r523 x1 MOVING_ACTION_FORBIDDEN RUSH_PROTECT None
A r525 FORCED_PASS target=S10 fresh=76.1
REJ r524 x1 MOVE_BLOCKED_BY_GUARD MOVE S10
A r526 MOVE target=S10 fresh=76.05
REJ r525 x1 MOVING_ACTION_FORBIDDEN BREAK_GUARD S10
F r527 on=S13
REJ r526 x1 MOVING_ACTION_FORBIDDEN FORCED_PASS S10
ModeChange r531 EVEN->AGGRESSIVE reason=gap_below_threshold gap=None
A r533 BREAK_GUARD target=S10 good=0 fresh=75.7
F r534 ofr70
A r534 FORCED_PASS target=S10 fresh=75.65
REJ r527 x7 MOVE_BLOCKED_BY_GUARD MOVE S10
A r535 MOVE target=S10 fresh=75.6
REJ r534 x1 MOVING_ACTION_FORBIDDEN BREAK_GUARD S10
REJ r535 x1 MOVING_ACTION_FORBIDDEN FORCED_PASS S10
A r542 BREAK_GUARD target=S10 good=0 fresh=75.25
A r543 FORCED_PASS target=S10 fresh=75.2
REJ r536 x7 MOVE_BLOCKED_BY_GUARD MOVE S10
A r544 MOVE target=S10 fresh=75.15
REJ r543 x1 MOVING_ACTION_FORBIDDEN BREAK_GUARD S10
REJ r544 x1 MOVING_ACTION_FORBIDDEN FORCED_PASS S10
A r548 RUSH_PROTECT fresh=74.95
A r549 MOVE target=S10 fresh=74.9
REJ r545 x4 MOVE_BLOCKED_BY_GUARD MOVE S10
REJ r549 x1 MOVING_ACTION_FORBIDDEN RUSH_PROTECT None
A r551 BREAK_GUARD target=S10 good=0 fresh=74.8
A r552 FORCED_PASS target=S10 fresh=74.75
REJ r550 x2 MOVE_BLOCKED_BY_GUARD MOVE S10
A r553 MOVE target=S10 fresh=74.7
REJ r552 x1 MOVING_ACTION_FORBIDDEN BREAK_GUARD S10
REJ r553 x1 MOVING_ACTION_FORBIDDEN FORCED_PASS S10
F r557 on=S14
A r557 RUSH_PROTECT fresh=74.5
A r558 MOVE target=S10 fresh=74.45
REJ r554 x4 MOVE_BLOCKED_BY_GUARD MOVE S10
REJ r558 x1 MOVING_ACTION_FORBIDDEN RUSH_PROTECT None
A r560 BREAK_GUARD target=S10 good=0 fresh=74.35
A r561 FORCED_PASS target=S10 fresh=74.3
REJ r559 x2 MOVE_BLOCKED_BY_GUARD MOVE S10
A r562 MOVE target=S10 fresh=74.25
REJ r561 x1 MOVING_ACTION_FORBIDDEN BREAK_GUARD S10
REJ r562 x1 MOVING_ACTION_FORBIDDEN FORCED_PASS S10
A r566 RUSH_PROTECT fresh=74.05
A r567 MOVE target=S10 fresh=74
REJ r563 x4 MOVE_BLOCKED_BY_GUARD MOVE S10
REJ r567 x1 MOVING_ACTION_FORBIDDEN RUSH_PROTECT None
A r569 BREAK_GUARD target=S10 good=0 fresh=73.9
A r570 FORCED_PASS target=S10 fresh=73.85
REJ r568 x2 MOVE_BLOCKED_BY_GUARD MOVE S10
A r571 MOVE target=S10 fresh=73.8
REJ r570 x1 MOVING_ACTION_FORBIDDEN BREAK_GUARD S10
REJ r571 x1 MOVING_ACTION_FORBIDDEN FORCED_PASS S10
A r575 RUSH_PROTECT fresh=73.6
A r576 MOVE target=S10 fresh=73.55
REJ r572 x4 MOVE_BLOCKED_BY_GUARD MOVE S10
REJ r576 x1 MOVING_ACTION_FORBIDDEN RUSH_PROTECT None
A r578 BREAK_GUARD target=S10 good=0 fresh=73.45
A r579 FORCED_PASS target=S10 fresh=73.4
REJ r577 x2 MOVE_BLOCKED_BY_GUARD MOVE S10
A r580 MOVE target=S10 fresh=73.35
REJ r579 x1 MOVING_ACTION_FORBIDDEN BREAK_GUARD S10
REJ r580 x1 MOVING_ACTION_FORBIDDEN FORCED_PASS S10
A r584 RUSH_PROTECT fresh=73.15
A r585 MOVE target=S10 fresh=73.1
REJ r581 x4 MOVE_BLOCKED_BY_GUARD MOVE S10
F r586 on=S15
REJ r585 x1 MOVING_ACTION_FORBIDDEN RUSH_PROTECT None
A r587 BREAK_GUARD target=S10 good=0 fresh=73
A r588 FORCED_PASS target=S10 fresh=72.95
REJ r586 x2 MOVE_BLOCKED_BY_GUARD MOVE S10
A r589 MOVE target=S10 fresh=72.9
REJ r588 x1 MOVING_ACTION_FORBIDDEN BREAK_GUARD S10
REJ r589 x1 MOVING_ACTION_FORBIDDEN FORCED_PASS S10
A r593 RUSH_PROTECT fresh=72.7
A r594 MOVE target=S10 fresh=72.65
REJ r590 x4 MOVE_BLOCKED_BY_GUARD MOVE S10
REJ r594 x1 MOVING_ACTION_FORBIDDEN RUSH_PROTECT None
A r596 BREAK_GUARD target=S10 good=0 fresh=72.55
A r597 FORCED_PASS target=S10 fresh=72.5
REJ r595 x2 MOVE_BLOCKED_BY_GUARD MOVE S10
A r598 MOVE target=S10 fresh=72.45
REJ r597 x1 MOVING_ACTION_FORBIDDEN BREAK_GUARD S10
REJ r598 x1 MOVING_ACTION_FORBIDDEN FORCED_PASS S10
REJ r599 x2 MOVE_BLOCKED_BY_GUARD MOVE S10
Traj fstart=100 fmin=72.35 fend=72.35 gstart=100 gend=97 onode=S15 ofend=67.18 ogend=89
Proj my=60 oppDel=600 gap=-640 mode=AGGRESSIVE
Conf min=0.300 med=0.575 max=0.850
MidGap=-155
Over result=NORMAL reason=TIME_LIMIT round=600 winner=2735 iWon=False
Score me total=60 del=False dframe=0 fresh=72.3 good=97 task=60 bounty=0 det=[bounty=0|delivery=0|freshness=0|goodFruit=0|penalty=0|tasks=60|time=0|total=60]
Score opp total=701 del=True dframe=586 fresh=67.18 good=89 task=180 bounty=0 det=[bounty=0|delivery=240|freshness=120|goodFruit=160|penalty=0|tasks=180|time=1|total=701]
