# match_20260705_122900_607_2696_vs_2905_0dc68f65 v=iter36 pid=2696 team=RED seed=None dur=600
Map N=15 E=23
N S01:S S02:C S03:P S04:D S05:W S06:M S07:S S08:M S09:S S10:K S11:P S12:J S13:P S14:G S15:F
E S01-S02:30:R S02-S03:25:R S03-S07:54:R S07-S09:46:R S09-S10:40:R S10-S11:36:R S11-S12:20:R S12-S13:25:R S13-S14:18:R S14-S15:10:R S02-S04:20:R S04-S05:44:W S05-S07:46:B S01-S06:44:M S06-S08:54:M S08-S10:46:B S03-S06:38:B S05-S09:48:W S07-S08:42:M S04-S07:54:B S08-S09:64:B S11-S14:15:B S10-S13:27:B
F r1 n=S01 st=IDLE ph=NORMAL gf=100 ts=0 on=S01 ots=0
A r1 CLEAR target=S06 fresh=100
A r1 SQUAD_CLEAR target=S08 fresh=100
F r2 st=PROCESSING
F r7 st=IDLE gf=99
A r7 MOVE target=S06 fresh=99.7
F r8 st=MOVING
F r43 on=S02
F r75 on=S04
F r85 w=HOT
F r86 n=S06 st=IDLE
A r86 CLAIM_RESOURCE target=S06 res=ICE_BOX fresh=94.13
A r86 SQUAD_CLEAR target=S10 fresh=94.13
F r87 st=PROCESSING
F r88 st=IDLE ots=30
A r88 MOVE target=S08 fresh=93.98
F r89 st=MOVING
F r115 on=S02
F r126 gf=98 fr90
F r149 on=S04
F r159 ofr90
F r160 ots=60
F r185 n=S08 st=IDLE
A r185 USE_RESOURCE res=ICE_BOX fresh=85.08
A r186 CLAIM_TASK task=T_003 fresh=95.03
F r187 st=PROCESSING
F r188 on=S02
F r190 st=IDLE ts=30
A r190 CLAIM_TASK task=T_005 fresh=94.83
F r191 st=PROCESSING
F r194 st=IDLE ts=60
A r194 CLAIM_TASK task=T_009 fresh=94.63
F r195 st=PROCESSING
F r198 st=IDLE ts=90
A r198 CLAIM_RESOURCE target=S08 res=SHORT_HORSE fresh=94.43
F r199 st=PROCESSING
F r200 st=IDLE
A r200 MOVE target=S10 fresh=94.33
F r201 st=MOVING
A r201 USE_RESOURCE res=SHORT_HORSE fresh=94.27
A r202 MOVE target=S10 fresh=94.21
F r227 on=S03
F r233 ots=90
F r236 w=MOUNTAIN_FOG
F r270 n=S10 st=IDLE
A r270 CLAIM_TASK task=T_006 fresh=90.13
A r271 CLAIM_TASK task=T_008 fresh=90.08
F r272 st=PROCESSING
F r273 fr90
F r275 st=IDLE ts=120
A r275 CLAIM_TASK task=T_011 fresh=89.88
F r276 st=PROCESSING
F r279 st=IDLE ts=150
ModeChange r279 EVEN->CONSERVATIVE reason=gap_above_threshold gap=None
A r279 MOVE target=S13 fresh=89.68
F r280 st=MOVING
F r292 on=S06
F r321 n=S13 st=IDLE
A r321 PROCESS fresh=87.16
A r321 SQUAD_SCOUT target=S14 fresh=87.16
F r322 st=PROCESSING
F r326 st=IDLE
A r326 MOVE target=S14 fresh=86.91
F r327 st=MOVING
F r328 ofr90
F r346 w=HOT
F r351 n=S14 st=IDLE
F r352 st=WAITING
F r390 ph=RUSH
A r390 RUSH_PROTECT fresh=82.59
A r391 VERIFY_GATE fresh=82.58
F r392 st=VERIFYING
F r395 on=S08
F r397 st=IDLE vfy=1
A r397 MOVE target=S15 fresh=82.51
F r398 st=MOVING
F r411 n=S15 st=IDLE
A r411 DELIVER fresh=82.28
F r412 st=DELIVERED del=1
F r456 w=HEAVY_RAIN
F r468 on=S10
F r476 ofr80
F r510 on=S13
F r540 on=S14
F r560 on=S15
REJ r271 x1 TASK_NOT_FOUND CLAIM_TASK None
Traj fstart=100 fmin=82.28 fend=82.28 gstart=100 gend=98 onode=S15 ofend=75.24 ogend=98
Proj my=748 oppDel=560 gap=68 mode=CONSERVATIVE
Conf min=0.300 med=0.560 max=0.810
MidGap=91
Over result=NORMAL reason=ALL_DELIVERED round=560 winner=2696 iWon=True
Score me total=766 del=True dframe=411 fresh=82.28 good=98 task=150 bounty=0 det=[bounty=0|delivery=240|freshness=148|goodFruit=176|penalty=0|tasks=180|time=22|total=766]
Score opp total=680 del=True dframe=560 fresh=75.24 good=98 task=90 bounty=0 det=[bounty=0|delivery=240|freshness=135|goodFruit=176|penalty=0|tasks=125|time=4|total=680]
